4.5005 	DEBUG 	Fullscreen settings ignored as running in pilot mode.
4.5025 	INFO 	Loaded monitor calibration from ['2025_05_16 08:37']
4.8981 	EXP 	Created window1 = Window(allowGUI=True, allowStencil=False, autoLog=True, backendConf=UNKNOWN, backgroundFit=<method-wrapper '__getattribute__' of attributeSetter object at 0x0000026C0E98DBA0>, backgroundImage=<method-wrapper '__getattribute__' of attributeSetter object at 0x0000026C0E98DB40>, bitsMode=UNKNOWN, blendMode='avg', bpc=(8, 8, 8), color=array([0, 0, 0]), colorSpace='rgb', depthBits=8, fullscr=False, gamma=None, gammaErrorPolicy='raise', infoMsg=UNKNOWN, lms=UNKNOWN, monitor=<psychopy.monitors.calibTools.Monitor object at 0x0000026C0EA330A0>, multiSample=False, name='window1', numSamples=2, pos=[560.0, 300.0], screen=0, size=array([800, 600]), stencilBits=0, stereo=False, title='PsychoPy', units='height', useFBO=True, useRetina=False, viewOri=0.0, viewPos=None, viewScale=None, waitBlanking=True, winType='pyglet')
4.8982 	EXP 	window1: backgroundImage = ''
4.8983 	EXP 	window1: backgroundFit = 'none'
4.9072 	DEBUG 	TextBox2 loaded 1 chars with 0 blanks and 1 valid
4.9080 	DEBUG 	TextBox2 loaded 1 chars with 0 blanks and 1 valid
4.9089 	DEBUG 	TextBox2 loaded 1 chars with 0 blanks and 1 valid
4.9101 	DEBUG 	TextBox2 loaded 1 chars with 0 blanks and 1 valid
4.9114 	DEBUG 	TextBox2 loaded 1 chars with 0 blanks and 1 valid
4.9120 	DEBUG 	TextBox2 loaded 1 chars with 0 blanks and 1 valid
4.9130 	DEBUG 	TextBox2 loaded 1 chars with 0 blanks and 1 valid
4.9141 	DEBUG 	TextBox2 loaded 1 chars with 0 blanks and 1 valid
4.9145 	DEBUG 	TextBox2 loaded 1 chars with 0 blanks and 1 valid
4.9149 	DEBUG 	TextBox2 loaded 1 chars with 0 blanks and 1 valid
4.9157 	DEBUG 	TextBox2 loaded 1 chars with 0 blanks and 1 valid
4.9164 	DEBUG 	TextBox2 loaded 1 chars with 0 blanks and 1 valid
4.9171 	DEBUG 	TextBox2 loaded 1 chars with 0 blanks and 1 valid
4.9178 	DEBUG 	TextBox2 loaded 1 chars with 0 blanks and 1 valid
4.9184 	DEBUG 	TextBox2 loaded 1 chars with 0 blanks and 1 valid
4.9192 	DEBUG 	TextBox2 loaded 1 chars with 0 blanks and 1 valid
4.9199 	DEBUG 	TextBox2 loaded 1 chars with 0 blanks and 1 valid
4.9204 	DEBUG 	TextBox2 loaded 1 chars with 0 blanks and 1 valid
4.9209 	DEBUG 	TextBox2 loaded 1 chars with 0 blanks and 1 valid
4.9218 	DEBUG 	TextBox2 loaded 1 chars with 0 blanks and 1 valid
4.9223 	DEBUG 	TextBox2 loaded 1 chars with 0 blanks and 1 valid
4.9227 	DEBUG 	Uploading Texture Font fontname to graphics card
4.9411 	DEBUG 	Upload of Texture Font fontname complete
4.9490 	DEBUG 	TextBox2 loaded 1 chars with 0 blanks and 1 valid
4.9500 	DEBUG 	TextBox2 loaded 1 chars with 0 blanks and 1 valid
4.9509 	DEBUG 	TextBox2 loaded 1 chars with 0 blanks and 1 valid
4.9512 	DEBUG 	Uploading Texture Font fontname to graphics card
4.9670 	DEBUG 	Upload of Texture Font fontname complete
4.9693 	EXP 	window1: Attempting to measure frame rate of screen (0) ...
4.9694 	EXP 	window1: recordFrameIntervals = False
5.1475 	EXP 	window1: recordFrameIntervals = True
5.3314 	EXP 	Screen (0) actual frame rate measured at 59.79Hz
5.3314 	EXP 	window1: recordFrameIntervals = False
5.3424 	DEBUG 	TextBox2 loaded 1 chars with 0 blanks and 1 valid
5.3434 	DEBUG 	TextBox2 loaded 1 chars with 0 blanks and 1 valid
5.3463 	DEBUG 	TextBox2 loaded 1 chars with 0 blanks and 1 valid
5.3486 	DEBUG 	TextBox2 loaded 1 chars with 0 blanks and 1 valid
5.3502 	DEBUG 	TextBox2 loaded 1 chars with 0 blanks and 1 valid
5.3518 	DEBUG 	TextBox2 loaded 1 chars with 0 blanks and 1 valid
5.3527 	DEBUG 	TextBox2 loaded 1 chars with 0 blanks and 1 valid
5.3540 	DEBUG 	TextBox2 loaded 1 chars with 0 blanks and 1 valid
5.3554 	DEBUG 	TextBox2 loaded 1 chars with 0 blanks and 1 valid
5.3568 	DEBUG 	TextBox2 loaded 1 chars with 0 blanks and 1 valid
5.3573 	DEBUG 	Uploading Texture Font fontname to graphics card
5.3582 	DEBUG 	Upload of Texture Font fontname complete
5.3765 	WARNING 	launchHubServer: If using the iohub mouse or eyetracker devices, fullScr should be True.
5.5871 	INFO 	keyboard.Keyboard is using iohub backend.
5.5871 	EXP 	untitled: status = STARTED
5.6007 	EXP 	Created image = ImageStim(__class__=<class 'psychopy.visual.image.ImageStim'>, anchor=('center', 'center'), autoLog=True, color=array([1., 1., 1.]), colorSpace='rgb', contrast=1.0, depth=0.0, draggable=False, flipHoriz=False, flipVert=False, image='default.png', interpolate=True, mask=None, maskParams=None, name='image', opacity=1, ori=0.0, pos=array([0., 0.]), size=array([0.5, 0.5]), texRes=128.0, units='height', win=Window(...))
5.6066 	EXP 	Created cross = ImageStim(__class__=<class 'psychopy.visual.image.ImageStim'>, anchor=('center', 'center'), autoLog=True, color=array([1., 1., 1.]), colorSpace='rgb', contrast=1.0, depth=0.0, draggable=False, flipHoriz=False, flipVert=False, image='default.png', interpolate=True, mask=None, maskParams=None, name='cross', opacity=1, ori=0.0, pos=array([0., 0.]), size=array([0.5, 0.5]), texRes=128.0, units='height', win=Window(...))
0.0184 	DEBUG 	Read excel file with openpyxl: loopTemplate1.xlsx
0.0192 	EXP 	Imported loopTemplate1.xlsx as conditions, 10 conditions, 4 params
0.0198 	EXP 	New trial (rep=0, index=0): <Trial 0 (0 in rep 0) data={'path': 'images\nature.jpg', 'correct_ans': 'nature', 'xPos': 0, 'yPos': 0, 'thisN': 0, 'thisTrialN': 0, 'thisRepN': 0}>
0.0202 	DEPRECATION 	Couldn't find image images
ature.jpg; check path? (tried: C:\Users\Sahaj Bindal\OneDrive\Desktop\New folder\images
ature.jpg)
0.0680 	DEBUG 	Saving data for untitled ExperimentHandler
0.0700 	INFO 	saved data to C:\Users\Sahaj Bindal\OneDrive\Desktop\New folder\data/019026_untitled_2025-05-17_16h11.17.209.psydat
0.0718 	INFO 	saved data to 'C:\\Users\\Sahaj Bindal\\OneDrive\\Desktop\\New folder\\data/019026_untitled_2025-05-17_16h11.17.209.csv'
