4.3913 	INFO 	Loaded monitor calibration from ['2025_05_16 08:37']
4.5550 	WARNING 	User requested fullscreen with size [1280  800], but screen is actually [1920, 1200]. Using actual size
6.3991 	EXP 	Created window1 = Window(allowGUI=True, allowStencil=False, autoLog=True, backendConf=UNKNOWN, backgroundFit=<method-wrapper '__getattribute__' of attributeSetter object at 0x000001E136DEDE40>, backgroundImage=<method-wrapper '__getattribute__' of attributeSetter object at 0x000001E136DEDDE0>, bitsMode=UNKNOWN, blendMode='avg', bpc=(8, 8, 8), color=array([0, 0, 0]), colorSpace='rgb', depthBits=8, fullscr=True, gamma=None, gammaErrorPolicy='raise', infoMsg=UNKNOWN, lms=UNKNOWN, monitor=<psychopy.monitors.calibTools.Monitor object at 0x000001E136E9B310>, multiSample=False, name='window1', numSamples=2, pos=[0.0, 0.0], screen=0, size=array([1920, 1200]), stencilBits=0, stereo=False, title='PsychoPy', units='height', useFBO=True, useRetina=False, viewOri=0.0, viewPos=None, viewScale=None, waitBlanking=True, winType='pyglet')
6.3991 	EXP 	window1: backgroundImage = ''
6.3992 	EXP 	window1: backgroundFit = 'none'
6.4796 	EXP 	window1: Attempting to measure frame rate of screen (0) ...
6.4797 	EXP 	window1: recordFrameIntervals = False
6.6166 	EXP 	window1: recordFrameIntervals = True
6.8019 	EXP 	Screen (0) actual frame rate measured at 59.67Hz
6.8020 	EXP 	window1: recordFrameIntervals = False
8.3252 	INFO 	keyboard.Keyboard is using iohub backend.
8.3252 	EXP 	untitled: status = STARTED
8.3356 	EXP 	Created image = ImageStim(__class__=<class 'psychopy.visual.image.ImageStim'>, anchor=('center', 'center'), autoLog=True, color=array([1., 1., 1.]), colorSpace='rgb', contrast=1.0, depth=0.0, draggable=False, flipHoriz=False, flipVert=False, image='default.png', interpolate=True, mask=None, maskParams=None, name='image', opacity=1, ori=0.0, pos=array([0., 0.]), size=array([0.5, 0.5]), texRes=128.0, units='height', win=Window(...))
8.3424 	EXP 	Created cross = ImageStim(__class__=<class 'psychopy.visual.image.ImageStim'>, anchor=('center', 'center'), autoLog=True, color=array([1., 1., 1.]), colorSpace='rgb', contrast=1.0, depth=0.0, draggable=False, flipHoriz=False, flipVert=False, image='default.png', interpolate=True, mask=None, maskParams=None, name='cross', opacity=1, ori=0.0, pos=array([0., 0.]), size=array([0.1, 0.1]), texRes=128.0, units='height', win=Window(...))
0.0150 	EXP 	Imported Book1.xlsx as conditions, 10 conditions, 3 params
0.0156 	EXP 	New trial (rep=0, index=0): <Trial 0 (0 in rep 0) data={'path': 'person.jpg', 'xPos': 0.2, 'yPos': 0.2, 'thisN': 0, 'thisTrialN': 0, 'thisRepN': 0}>
0.0471 	EXP 	image: image = 'person.jpg'
0.5146 	EXP 	image: autoDraw = True
1.5223 	EXP 	image: autoDraw = False
1.5223 	EXP 	cross: image = 'kii6Jy-file-round-cross-svg-wikipedia.png'
2.0052 	EXP 	cross: autoDraw = True
2.7565 	DATA 	Mouse: Left button down, pos=(1202,823)
2.7590 	EXP 	New trial (rep=0, index=1): <Trial 1 (1 in rep 0) data={'path': 'nature.jpg', 'xPos': -0.1, 'yPos': 0.3, 'thisN': 1, 'thisTrialN': 1, 'thisRepN': 0}>
2.7948 	EXP 	cross: autoDraw = False
2.7948 	EXP 	image: image = 'nature.jpg'
2.8582 	DATA 	Mouse:  Left button up, pos=(1202,823)
3.2725 	EXP 	image: autoDraw = True
4.2720 	EXP 	image: autoDraw = False
4.2720 	EXP 	image: autoDraw = False
4.2720 	EXP 	cross: image = 'kii6Jy-file-round-cross-svg-wikipedia.png'
4.7721 	EXP 	cross: autoDraw = True
5.7256 	DATA 	Mouse: Left button down, pos=(836,954)
5.7419 	EXP 	New trial (rep=0, index=2): <Trial 2 (2 in rep 0) data={'path': 'animal.jpg', 'xPos': 0.4, 'yPos': -0.2, 'thisN': 2, 'thisTrialN': 2, 'thisRepN': 0}>
5.7711 	EXP 	cross: autoDraw = False
5.7711 	EXP 	image: image = 'animal.jpg'
5.8423 	DATA 	Mouse:  Left button up, pos=(836,954)
6.2556 	EXP 	image: autoDraw = True
7.2560 	EXP 	image: autoDraw = False
7.2560 	EXP 	image: autoDraw = False
7.2560 	EXP 	cross: image = 'kii6Jy-file-round-cross-svg-wikipedia.png'
7.7557 	EXP 	cross: autoDraw = True
8.8394 	DATA 	Mouse: Left button down, pos=(1435,355)
8.8414 	EXP 	New trial (rep=0, index=3): <Trial 3 (3 in rep 0) data={'path': 'sport.jpg', 'xPos': -0.2, 'yPos': 0.1, 'thisN': 3, 'thisTrialN': 3, 'thisRepN': 0}>
8.8684 	EXP 	cross: autoDraw = False
8.8684 	EXP 	image: image = 'sport.jpg'
8.9418 	DATA 	Mouse:  Left button up, pos=(1435,355)
9.3557 	EXP 	image: autoDraw = True
10.3554 	EXP 	image: autoDraw = False
10.3554 	EXP 	image: autoDraw = False
10.3554 	EXP 	cross: image = 'kii6Jy-file-round-cross-svg-wikipedia.png'
10.8549 	EXP 	cross: autoDraw = True
11.6233 	DATA 	Mouse: Left button down, pos=(711,715)
11.6258 	EXP 	New trial (rep=0, index=4): <Trial 4 (4 in rep 0) data={'path': 'furniture.jpg', 'xPos': 0.1, 'yPos': 0.4, 'thisN': 4, 'thisTrialN': 4, 'thisRepN': 0}>
11.6588 	EXP 	cross: autoDraw = False
11.6588 	EXP 	image: image = 'furniture.jpg'
11.7101 	DATA 	Mouse:  Left button up, pos=(711,715)
12.1384 	EXP 	image: autoDraw = True
13.1383 	EXP 	image: autoDraw = False
13.1383 	EXP 	image: autoDraw = False
13.1383 	EXP 	cross: image = 'kii6Jy-file-round-cross-svg-wikipedia.png'
13.6394 	EXP 	cross: autoDraw = True
14.7225 	DATA 	Mouse: Left button down, pos=(1088,1082)
14.7244 	EXP 	New trial (rep=0, index=5): <Trial 5 (5 in rep 0) data={'path': 'food.jpg', 'xPos': 0, 'yPos': 0.5, 'thisN': 5, 'thisTrialN': 5, 'thisRepN': 0}>
14.7680 	EXP 	cross: autoDraw = False
14.7680 	EXP 	image: image = 'food.jpg'
14.8258 	DATA 	Mouse:  Left button up, pos=(1088,1082)
15.2387 	EXP 	image: autoDraw = True
16.2386 	EXP 	image: autoDraw = False
16.2386 	EXP 	image: autoDraw = False
16.2386 	EXP 	cross: image = 'kii6Jy-file-round-cross-svg-wikipedia.png'
16.7389 	EXP 	cross: autoDraw = True
17.8738 	DATA 	Mouse: Left button down, pos=(971,1197)
17.8754 	EXP 	New trial (rep=0, index=6): <Trial 6 (6 in rep 0) data={'path': 'vehicle.jpg', 'xPos': -0.3, 'yPos': -0.1, 'thisN': 6, 'thisTrialN': 6, 'thisRepN': 0}>
17.8943 	EXP 	cross: autoDraw = False
17.8943 	EXP 	image: image = 'vehicle.jpg'
17.9915 	DATA 	Mouse:  Left button up, pos=(971,1197)
18.3894 	EXP 	image: autoDraw = True
19.3890 	EXP 	image: autoDraw = False
19.3890 	EXP 	image: autoDraw = False
19.3890 	EXP 	cross: image = 'kii6Jy-file-round-cross-svg-wikipedia.png'
19.8896 	EXP 	cross: autoDraw = True
21.1908 	DATA 	Mouse: Left button down, pos=(599,487)
21.1937 	EXP 	New trial (rep=0, index=7): <Trial 7 (7 in rep 0) data={'path': 'electronic.jpg', 'xPos': 0.5, 'yPos': -0.4, 'thisN': 7, 'thisTrialN': 7, 'thisRepN': 0}>
21.2210 	EXP 	cross: autoDraw = False
21.2210 	EXP 	image: image = 'electronic.jpg'
21.2749 	DATA 	Mouse:  Left button up, pos=(597,487)
21.7060 	EXP 	image: autoDraw = True
22.7063 	EXP 	image: autoDraw = False
22.7063 	EXP 	image: autoDraw = False
22.7063 	EXP 	cross: image = 'kii6Jy-file-round-cross-svg-wikipedia.png'
23.2059 	EXP 	cross: autoDraw = True
24.6729 	DATA 	Mouse: Left button down, pos=(1564,119)
24.6750 	EXP 	New trial (rep=0, index=8): <Trial 8 (8 in rep 0) data={'path': 'building.jpg', 'xPos': -0.4, 'yPos': -0.3, 'thisN': 8, 'thisTrialN': 8, 'thisRepN': 0}>
24.7126 	EXP 	cross: autoDraw = False
24.7126 	EXP 	image: image = 'building.jpg'
24.7759 	DATA 	Mouse:  Left button up, pos=(1564,119)
25.1894 	EXP 	image: autoDraw = True
26.1889 	EXP 	image: autoDraw = False
26.1889 	EXP 	image: autoDraw = False
26.1889 	EXP 	cross: image = 'kii6Jy-file-round-cross-svg-wikipedia.png'
26.6886 	EXP 	cross: autoDraw = True
27.7565 	DATA 	Mouse: Left button down, pos=(484,243)
27.7590 	EXP 	New trial (rep=0, index=9): <Trial 9 (9 in rep 0) data={'path': 'tool.jpg', 'xPos': 0.3, 'yPos': 0, 'thisN': 9, 'thisTrialN': 9, 'thisRepN': 0}>
27.7915 	EXP 	cross: autoDraw = False
27.7915 	EXP 	image: image = 'tool.jpg'
27.8922 	DATA 	Mouse:  Left button up, pos=(484,243)
28.2725 	EXP 	image: autoDraw = True
29.2723 	EXP 	image: autoDraw = False
29.2723 	EXP 	image: autoDraw = False
29.2723 	EXP 	cross: image = 'kii6Jy-file-round-cross-svg-wikipedia.png'
29.7726 	EXP 	cross: autoDraw = True
30.9928 	DATA 	Mouse: Left button down, pos=(1320,590)
31.0225 	EXP 	cross: autoDraw = False
31.0229 	EXP 	untitled: status = STOPPED
31.0358 	INFO 	saved data to 'C:\\Users\\Sahaj Bindal\\OneDrive\\Desktop\\New folder\\data/029276_untitled_2025-05-18_21h42.29.858.csv'
31.0376 	INFO 	saved data to C:\Users\Sahaj Bindal\OneDrive\Desktop\New folder\data/029276_untitled_2025-05-18_21h42.29.858.psydat
