3.7184 	DEBUG 	Fullscreen settings ignored as running in pilot mode.
3.7198 	INFO 	Loaded monitor calibration from ['2025_05_16 08:37']
3.8860 	EXP 	Created window1 = Window(allowGUI=True, allowStencil=False, autoLog=True, backendConf=UNKNOWN, backgroundFit=<method-wrapper '__getattribute__' of attributeSetter object at 0x000002513930D180>, backgroundImage=<method-wrapper '__getattribute__' of attributeSetter object at 0x000002513930D120>, bitsMode=UNKNOWN, blendMode='avg', bpc=(8, 8, 8), color=array([0, 0, 0]), colorSpace='rgb', depthBits=8, fullscr=False, gamma=None, gammaErrorPolicy='raise', infoMsg=UNKNOWN, lms=UNKNOWN, monitor=<psychopy.monitors.calibTools.Monitor object at 0x00000251393CAA10>, multiSample=False, name='window1', numSamples=2, pos=[560.0, 300.0], screen=0, size=array([800, 600]), stencilBits=0, stereo=False, title='PsychoPy', units='height', useFBO=True, useRetina=False, viewOri=0.0, viewPos=None, viewScale=None, waitBlanking=True, winType='pyglet')
3.8861 	EXP 	window1: backgroundImage = ''
3.8861 	EXP 	window1: backgroundFit = 'none'
3.8980 	DEBUG 	TextBox2 loaded 1 chars with 0 blanks and 1 valid
3.8988 	DEBUG 	TextBox2 loaded 1 chars with 0 blanks and 1 valid
3.8995 	DEBUG 	TextBox2 loaded 1 chars with 0 blanks and 1 valid
3.9012 	DEBUG 	TextBox2 loaded 1 chars with 0 blanks and 1 valid
3.9028 	DEBUG 	TextBox2 loaded 1 chars with 0 blanks and 1 valid
3.9036 	DEBUG 	TextBox2 loaded 1 chars with 0 blanks and 1 valid
3.9044 	DEBUG 	TextBox2 loaded 1 chars with 0 blanks and 1 valid
3.9054 	DEBUG 	TextBox2 loaded 1 chars with 0 blanks and 1 valid
3.9057 	DEBUG 	TextBox2 loaded 1 chars with 0 blanks and 1 valid
3.9061 	DEBUG 	TextBox2 loaded 1 chars with 0 blanks and 1 valid
3.9068 	DEBUG 	TextBox2 loaded 1 chars with 0 blanks and 1 valid
3.9075 	DEBUG 	TextBox2 loaded 1 chars with 0 blanks and 1 valid
3.9082 	DEBUG 	TextBox2 loaded 1 chars with 0 blanks and 1 valid
3.9088 	DEBUG 	TextBox2 loaded 1 chars with 0 blanks and 1 valid
3.9093 	DEBUG 	TextBox2 loaded 1 chars with 0 blanks and 1 valid
3.9099 	DEBUG 	TextBox2 loaded 1 chars with 0 blanks and 1 valid
3.9105 	DEBUG 	TextBox2 loaded 1 chars with 0 blanks and 1 valid
3.9108 	DEBUG 	TextBox2 loaded 1 chars with 0 blanks and 1 valid
3.9112 	DEBUG 	TextBox2 loaded 1 chars with 0 blanks and 1 valid
3.9118 	DEBUG 	TextBox2 loaded 1 chars with 0 blanks and 1 valid
3.9121 	DEBUG 	TextBox2 loaded 1 chars with 0 blanks and 1 valid
3.9124 	DEBUG 	Uploading Texture Font fontname to graphics card
3.9259 	DEBUG 	Upload of Texture Font fontname complete
3.9326 	DEBUG 	TextBox2 loaded 1 chars with 0 blanks and 1 valid
3.9336 	DEBUG 	TextBox2 loaded 1 chars with 0 blanks and 1 valid
3.9344 	DEBUG 	TextBox2 loaded 1 chars with 0 blanks and 1 valid
3.9346 	DEBUG 	Uploading Texture Font fontname to graphics card
3.9409 	DEBUG 	Upload of Texture Font fontname complete
3.9433 	EXP 	window1: Attempting to measure frame rate of screen (0) ...
3.9433 	EXP 	window1: recordFrameIntervals = False
4.1157 	EXP 	window1: recordFrameIntervals = True
4.2992 	EXP 	Screen (0) actual frame rate measured at 60.48Hz
4.2992 	EXP 	window1: recordFrameIntervals = False
4.3039 	DEBUG 	TextBox2 loaded 1 chars with 0 blanks and 1 valid
4.3043 	DEBUG 	TextBox2 loaded 1 chars with 0 blanks and 1 valid
4.3048 	DEBUG 	TextBox2 loaded 1 chars with 0 blanks and 1 valid
4.3055 	DEBUG 	TextBox2 loaded 1 chars with 0 blanks and 1 valid
4.3061 	DEBUG 	TextBox2 loaded 1 chars with 0 blanks and 1 valid
4.3068 	DEBUG 	TextBox2 loaded 1 chars with 0 blanks and 1 valid
4.3071 	DEBUG 	TextBox2 loaded 1 chars with 0 blanks and 1 valid
4.3077 	DEBUG 	TextBox2 loaded 1 chars with 0 blanks and 1 valid
4.3084 	DEBUG 	TextBox2 loaded 1 chars with 0 blanks and 1 valid
4.3090 	DEBUG 	TextBox2 loaded 1 chars with 0 blanks and 1 valid
4.3092 	DEBUG 	Uploading Texture Font fontname to graphics card
4.3096 	DEBUG 	Upload of Texture Font fontname complete
4.3244 	WARNING 	launchHubServer: If using the iohub mouse or eyetracker devices, fullScr should be True.
5.4940 	INFO 	keyboard.Keyboard is using iohub backend.
5.4941 	EXP 	untitled: status = STARTED
5.5192 	EXP 	Created cross = ImageStim(__class__=<class 'psychopy.visual.image.ImageStim'>, anchor=('center', 'center'), autoLog=True, color=array([1., 1., 1.]), colorSpace='rgb', contrast=1.0, depth=0.0, draggable=False, flipHoriz=False, flipVert=False, image='default.png', interpolate=True, mask=None, maskParams=None, name='cross', opacity=1, ori=0.0, pos=array([0., 0.]), size=array([0.1, 0.1]), texRes=128.0, units='height', win=Window(...))
5.5222 	EXP 	Created image = ImageStim(__class__=<class 'psychopy.visual.image.ImageStim'>, anchor=('center', 'center'), autoLog=True, color=array([1., 1., 1.]), colorSpace='rgb', contrast=1.0, depth=0.0, draggable=False, flipHoriz=False, flipVert=False, image='default.png', interpolate=True, mask=None, maskParams=None, name='image', opacity=1, ori=0.0, pos=array([0., 0.]), size=array([0.5, 0.5]), texRes=128.0, units='height', win=Window(...))
0.0197 	DEBUG 	Read excel file with openpyxl: Book1.xlsx
0.0202 	EXP 	Imported Book1.xlsx as conditions, 10 conditions, 3 params
0.0204 	EXP 	New trial (rep=0, index=0): <Trial 0 (0 in rep 0) data={'path': 'food.jpg', 'xPos': 0, 'yPos': 0.5, 'thisN': 0, 'thisTrialN': 0, 'thisRepN': 0}>
0.0423 	EXP 	cross: image = 'kii6Jy-file-round-cross-svg-wikipedia.png'
0.5427 	EXP 	cross: autoDraw = True
1.2315 	DATA 	Mouse: Left button down, pos=(387,583)
1.2760 	EXP 	cross: autoDraw = False
1.2760 	EXP 	image: image = 'food.jpg'
1.3443 	DATA 	Mouse:  Left button up, pos=(387,583)
1.7428 	EXP 	image: autoDraw = True
2.7318 	EXP 	New trial (rep=0, index=1): <Trial 1 (1 in rep 0) data={'path': 'furniture.jpg', 'xPos': 0.1, 'yPos': 0.4, 'thisN': 1, 'thisTrialN': 1, 'thisRepN': 0}>
2.7430 	EXP 	image: autoDraw = False
2.7430 	EXP 	image: autoDraw = False
2.7430 	EXP 	cross: image = 'kii6Jy-file-round-cross-svg-wikipedia.png'
3.2444 	EXP 	cross: autoDraw = True
3.7813 	DATA 	Mouse: Left button down, pos=(457,517)
3.8431 	EXP 	cross: autoDraw = False
3.8431 	EXP 	image: image = 'furniture.jpg'
3.8807 	DATA 	Mouse:  Left button up, pos=(457,517)
4.2935 	EXP 	image: autoDraw = True
5.2804 	EXP 	New trial (rep=0, index=2): <Trial 2 (2 in rep 0) data={'path': 'nature.jpg', 'xPos': -0.1, 'yPos': 0.3, 'thisN': 2, 'thisTrialN': 2, 'thisRepN': 0}>
5.2936 	EXP 	image: autoDraw = False
5.2936 	EXP 	image: autoDraw = False
5.2936 	EXP 	cross: image = 'kii6Jy-file-round-cross-svg-wikipedia.png'
5.7939 	EXP 	cross: autoDraw = True
6.4471 	DATA 	Mouse: Left button down, pos=(333,492)
6.4770 	EXP 	cross: autoDraw = False
6.4770 	EXP 	image: image = 'nature.jpg'
6.5643 	DATA 	Mouse:  Left button up, pos=(333,492)
6.9604 	EXP 	image: autoDraw = True
7.9473 	EXP 	New trial (rep=0, index=3): <Trial 3 (3 in rep 0) data={'path': 'person.jpg', 'xPos': 0.2, 'yPos': 0.2, 'thisN': 3, 'thisTrialN': 3, 'thisRepN': 0}>
7.9603 	EXP 	image: autoDraw = False
7.9603 	EXP 	image: autoDraw = False
7.9603 	EXP 	cross: image = 'kii6Jy-file-round-cross-svg-wikipedia.png'
8.4605 	EXP 	cross: autoDraw = True
9.2174 	DATA 	Mouse: Left button down, pos=(520,423)
9.2613 	EXP 	cross: autoDraw = False
9.2613 	EXP 	image: image = 'person.jpg'
9.3182 	DATA 	Mouse:  Left button up, pos=(520,423)
9.7279 	EXP 	image: autoDraw = True
10.7145 	EXP 	New trial (rep=0, index=4): <Trial 4 (4 in rep 0) data={'path': 'sport.jpg', 'xPos': -0.2, 'yPos': 0.1, 'thisN': 4, 'thisTrialN': 4, 'thisRepN': 0}>
10.7274 	EXP 	image: autoDraw = False
10.7274 	EXP 	image: autoDraw = False
10.7274 	EXP 	cross: image = 'kii6Jy-file-round-cross-svg-wikipedia.png'
11.2277 	EXP 	cross: autoDraw = True
12.2502 	DATA 	Mouse: Left button down, pos=(287,359)
12.2946 	EXP 	cross: autoDraw = False
12.2946 	EXP 	image: image = 'sport.jpg'
12.3349 	DATA 	Mouse:  Left button up, pos=(287,359)
12.7605 	EXP 	image: autoDraw = True
13.7491 	EXP 	New trial (rep=0, index=5): <Trial 5 (5 in rep 0) data={'path': 'tool.jpg', 'xPos': 0.3, 'yPos': 0, 'thisN': 5, 'thisTrialN': 5, 'thisRepN': 0}>
13.7615 	EXP 	image: autoDraw = False
13.7615 	EXP 	image: autoDraw = False
13.7615 	EXP 	cross: image = 'kii6Jy-file-round-cross-svg-wikipedia.png'
14.2604 	EXP 	cross: autoDraw = True
15.1168 	DATA 	Mouse: Left button down, pos=(578,306)
15.1610 	EXP 	cross: autoDraw = False
15.1610 	EXP 	image: image = 'tool.jpg'
15.1995 	DATA 	Mouse:  Left button up, pos=(578,306)
15.6279 	EXP 	image: autoDraw = True
16.6293 	EXP 	New trial (rep=0, index=6): <Trial 6 (6 in rep 0) data={'path': 'vehicle.jpg', 'xPos': -0.3, 'yPos': -0.1, 'thisN': 6, 'thisTrialN': 6, 'thisRepN': 0}>
16.6441 	EXP 	image: autoDraw = False
16.6441 	EXP 	cross: image = 'kii6Jy-file-round-cross-svg-wikipedia.png'
17.1281 	EXP 	cross: autoDraw = True
18.1320 	DATA 	Mouse: Left button down, pos=(217,243)
18.1596 	EXP 	cross: autoDraw = False
18.1596 	EXP 	image: image = 'vehicle.jpg'
18.2155 	DATA 	Mouse:  Left button up, pos=(217,243)
18.6433 	EXP 	image: autoDraw = True
19.6320 	EXP 	New trial (rep=0, index=7): <Trial 7 (7 in rep 0) data={'path': 'animal.jpg', 'xPos': 0.4, 'yPos': -0.2, 'thisN': 7, 'thisTrialN': 7, 'thisRepN': 0}>
19.6444 	EXP 	image: autoDraw = False
19.6444 	EXP 	image: autoDraw = False
19.6444 	EXP 	cross: image = 'kii6Jy-file-round-cross-svg-wikipedia.png'
20.1441 	EXP 	cross: autoDraw = True
21.2515 	DATA 	Mouse: Left button down, pos=(641,180)
21.2933 	EXP 	cross: autoDraw = False
21.2933 	EXP 	image: image = 'animal.jpg'
21.3835 	DATA 	Mouse:  Left button up, pos=(641,180)
21.7608 	EXP 	image: autoDraw = True
22.7487 	EXP 	New trial (rep=0, index=8): <Trial 8 (8 in rep 0) data={'path': 'building.jpg', 'xPos': -0.4, 'yPos': -0.3, 'thisN': 8, 'thisTrialN': 8, 'thisRepN': 0}>
22.7609 	EXP 	image: autoDraw = False
22.7609 	EXP 	image: autoDraw = False
22.7609 	EXP 	cross: image = 'kii6Jy-file-round-cross-svg-wikipedia.png'
23.2610 	EXP 	cross: autoDraw = True
24.1818 	DATA 	Mouse: Left button down, pos=(161,123)
24.2276 	EXP 	cross: autoDraw = False
24.2276 	EXP 	image: image = 'building.jpg'
24.2840 	DATA 	Mouse:  Left button up, pos=(161,123)
24.6944 	EXP 	image: autoDraw = True
25.6811 	EXP 	New trial (rep=0, index=9): <Trial 9 (9 in rep 0) data={'path': 'electronic.jpg', 'xPos': 0.5, 'yPos': -0.4, 'thisN': 9, 'thisTrialN': 9, 'thisRepN': 0}>
25.6941 	EXP 	image: autoDraw = False
25.6941 	EXP 	image: autoDraw = False
25.6941 	EXP 	cross: image = 'kii6Jy-file-round-cross-svg-wikipedia.png'
26.1945 	EXP 	cross: autoDraw = True
27.3352 	DATA 	Mouse: Left button down, pos=(687,68)
27.3784 	EXP 	cross: autoDraw = False
27.3784 	EXP 	image: image = 'electronic.jpg'
27.4348 	DATA 	Mouse:  Left button up, pos=(687,68)
27.8452 	EXP 	image: autoDraw = True
28.8620 	EXP 	image: autoDraw = False
28.8659 	EXP 	untitled: status = STOPPED
28.8990 	INFO 	saved data to 'C:\\Users\\Sahaj Bindal\\OneDrive\\Desktop\\DD_GROUP 4\\data/143026_untitled_2025-05-26_22h26.29.090.csv'
28.9001 	INFO 	saved data to C:\Users\Sahaj Bindal\OneDrive\Desktop\DD_GROUP 4\data/143026_untitled_2025-05-26_22h26.29.090.psydat
29.4865 	DEBUG 	Saving data for untitled ExperimentHandler
