4.5102 	DEBUG 	Fullscreen settings ignored as running in pilot mode.
4.5174 	INFO 	Loaded monitor calibration from ['2025_05_16 08:37']
4.7413 	EXP 	Created window1 = Window(allowGUI=True, allowStencil=False, autoLog=True, backendConf=UNKNOWN, backgroundFit=<method-wrapper '__getattribute__' of attributeSetter object at 0x00000245B7FAD0C0>, backgroundImage=<method-wrapper '__getattribute__' of attributeSetter object at 0x00000245B7FAD060>, bitsMode=UNKNOWN, blendMode='avg', bpc=(8, 8, 8), color=array([0, 0, 0]), colorSpace='rgb', depthBits=8, fullscr=False, gamma=None, gammaErrorPolicy='raise', infoMsg=UNKNOWN, lms=UNKNOWN, monitor=<psychopy.monitors.calibTools.Monitor object at 0x00000245B806A950>, multiSample=False, name='window1', numSamples=2, pos=[560.0, 300.0], screen=0, size=array([800, 600]), stencilBits=0, stereo=False, title='PsychoPy', units='height', useFBO=True, useRetina=False, viewOri=0.0, viewPos=None, viewScale=None, waitBlanking=True, winType='pyglet')
4.7414 	EXP 	window1: backgroundImage = ''
4.7414 	EXP 	window1: backgroundFit = 'none'
4.7521 	DEBUG 	TextBox2 loaded 1 chars with 0 blanks and 1 valid
4.7531 	DEBUG 	TextBox2 loaded 1 chars with 0 blanks and 1 valid
4.7539 	DEBUG 	TextBox2 loaded 1 chars with 0 blanks and 1 valid
4.7549 	DEBUG 	TextBox2 loaded 1 chars with 0 blanks and 1 valid
4.7560 	DEBUG 	TextBox2 loaded 1 chars with 0 blanks and 1 valid
4.7567 	DEBUG 	TextBox2 loaded 1 chars with 0 blanks and 1 valid
4.7575 	DEBUG 	TextBox2 loaded 1 chars with 0 blanks and 1 valid
4.7584 	DEBUG 	TextBox2 loaded 1 chars with 0 blanks and 1 valid
4.7590 	DEBUG 	TextBox2 loaded 1 chars with 0 blanks and 1 valid
4.7595 	DEBUG 	TextBox2 loaded 1 chars with 0 blanks and 1 valid
4.7602 	DEBUG 	TextBox2 loaded 1 chars with 0 blanks and 1 valid
4.7610 	DEBUG 	TextBox2 loaded 1 chars with 0 blanks and 1 valid
4.7617 	DEBUG 	TextBox2 loaded 1 chars with 0 blanks and 1 valid
4.7625 	DEBUG 	TextBox2 loaded 1 chars with 0 blanks and 1 valid
4.7631 	DEBUG 	TextBox2 loaded 1 chars with 0 blanks and 1 valid
4.7638 	DEBUG 	TextBox2 loaded 1 chars with 0 blanks and 1 valid
4.7646 	DEBUG 	TextBox2 loaded 1 chars with 0 blanks and 1 valid
4.7650 	DEBUG 	TextBox2 loaded 1 chars with 0 blanks and 1 valid
4.7655 	DEBUG 	TextBox2 loaded 1 chars with 0 blanks and 1 valid
4.7665 	DEBUG 	TextBox2 loaded 1 chars with 0 blanks and 1 valid
4.7669 	DEBUG 	TextBox2 loaded 1 chars with 0 blanks and 1 valid
4.7674 	DEBUG 	Uploading Texture Font fontname to graphics card
4.7764 	DEBUG 	Upload of Texture Font fontname complete
4.7837 	DEBUG 	TextBox2 loaded 1 chars with 0 blanks and 1 valid
4.7849 	DEBUG 	TextBox2 loaded 1 chars with 0 blanks and 1 valid
4.7858 	DEBUG 	TextBox2 loaded 1 chars with 0 blanks and 1 valid
4.7861 	DEBUG 	Uploading Texture Font fontname to graphics card
4.7910 	DEBUG 	Upload of Texture Font fontname complete
4.7935 	EXP 	window1: Attempting to measure frame rate of screen (0) ...
4.7935 	EXP 	window1: recordFrameIntervals = False
4.9609 	EXP 	window1: recordFrameIntervals = True
5.1444 	EXP 	Screen (0) actual frame rate measured at 59.97Hz
5.1444 	EXP 	window1: recordFrameIntervals = False
5.1544 	DEBUG 	TextBox2 loaded 1 chars with 0 blanks and 1 valid
5.1555 	DEBUG 	TextBox2 loaded 1 chars with 0 blanks and 1 valid
5.1569 	DEBUG 	TextBox2 loaded 1 chars with 0 blanks and 1 valid
5.1591 	DEBUG 	TextBox2 loaded 1 chars with 0 blanks and 1 valid
5.1611 	DEBUG 	TextBox2 loaded 1 chars with 0 blanks and 1 valid
5.1627 	DEBUG 	TextBox2 loaded 1 chars with 0 blanks and 1 valid
5.1638 	DEBUG 	TextBox2 loaded 1 chars with 0 blanks and 1 valid
5.1651 	DEBUG 	TextBox2 loaded 1 chars with 0 blanks and 1 valid
5.1664 	DEBUG 	TextBox2 loaded 1 chars with 0 blanks and 1 valid
5.1676 	DEBUG 	TextBox2 loaded 1 chars with 0 blanks and 1 valid
5.1680 	DEBUG 	Uploading Texture Font fontname to graphics card
5.1687 	DEBUG 	Upload of Texture Font fontname complete
5.1817 	WARNING 	launchHubServer: If using the iohub mouse or eyetracker devices, fullScr should be True.
6.8753 	INFO 	keyboard.Keyboard is using iohub backend.
6.8754 	EXP 	untitled: status = STARTED
6.9127 	EXP 	Created cross = ImageStim(__class__=<class 'psychopy.visual.image.ImageStim'>, anchor=('center', 'center'), autoLog=True, color=array([1., 1., 1.]), colorSpace='rgb', contrast=1.0, depth=0.0, draggable=False, flipHoriz=False, flipVert=False, image='default.png', interpolate=True, mask=None, maskParams=None, name='cross', opacity=1, ori=0.0, pos=array([0., 0.]), size=array([0.1, 0.1]), texRes=128.0, units='height', win=Window(...))
6.9173 	EXP 	Created image = ImageStim(__class__=<class 'psychopy.visual.image.ImageStim'>, anchor=('center', 'center'), autoLog=True, color=array([1., 1., 1.]), colorSpace='rgb', contrast=1.0, depth=0.0, draggable=False, flipHoriz=False, flipVert=False, image='default.png', interpolate=True, mask=None, maskParams=None, name='image', opacity=1, ori=0.0, pos=array([0., 0.]), size=array([0.5, 0.5]), texRes=128.0, units='height', win=Window(...))
0.0184 	DEBUG 	Read excel file with openpyxl: Book1.xlsx
0.0188 	EXP 	Imported Book1.xlsx as conditions, 10 conditions, 3 params
0.0192 	EXP 	New trial (rep=0, index=0): <Trial 0 (0 in rep 0) data={'path': 'food.jpg', 'xPos': 0, 'yPos': 0.5, 'thisN': 0, 'thisTrialN': 0, 'thisRepN': 0}>
0.0410 	EXP 	cross: image = 'kii6Jy-file-round-cross-svg-wikipedia.png'
0.5419 	EXP 	cross: autoDraw = True
1.8647 	DATA 	Mouse: Left button down, pos=(393,583)
1.9252 	EXP 	cross: autoDraw = False
1.9252 	EXP 	image: image = 'food.jpg'
1.9468 	DATA 	Mouse:  Left button up, pos=(393,583)
2.3765 	EXP 	image: autoDraw = True
3.3648 	EXP 	New trial (rep=0, index=1): <Trial 1 (1 in rep 0) data={'path': 'furniture.jpg', 'xPos': 0.1, 'yPos': 0.4, 'thisN': 1, 'thisTrialN': 1, 'thisRepN': 0}>
3.3919 	EXP 	image: autoDraw = False
3.3919 	EXP 	image: autoDraw = False
3.3919 	EXP 	cross: image = 'kii6Jy-file-round-cross-svg-wikipedia.png'
3.8760 	EXP 	cross: autoDraw = True
4.5149 	DATA 	Mouse: Left button down, pos=(464,533)
4.5592 	EXP 	cross: autoDraw = False
4.5592 	EXP 	image: image = 'furniture.jpg'
4.6147 	DATA 	Mouse:  Left button up, pos=(464,533)
5.0262 	EXP 	image: autoDraw = True
6.0140 	EXP 	New trial (rep=0, index=2): <Trial 2 (2 in rep 0) data={'path': 'nature.jpg', 'xPos': -0.1, 'yPos': 0.3, 'thisN': 2, 'thisTrialN': 2, 'thisRepN': 0}>
6.0410 	EXP 	image: autoDraw = False
6.0410 	EXP 	image: autoDraw = False
6.0410 	EXP 	cross: image = 'kii6Jy-file-round-cross-svg-wikipedia.png'
6.5258 	EXP 	cross: autoDraw = True
7.1807 	DATA 	Mouse: Left button down, pos=(321,485)
7.2261 	EXP 	cross: autoDraw = False
7.2261 	EXP 	image: image = 'nature.jpg'
7.2816 	DATA 	Mouse:  Left button up, pos=(321,485)
7.6930 	EXP 	image: autoDraw = True
8.6804 	EXP 	New trial (rep=0, index=3): <Trial 3 (3 in rep 0) data={'path': 'person.jpg', 'xPos': 0.2, 'yPos': 0.2, 'thisN': 3, 'thisTrialN': 3, 'thisRepN': 0}>
8.6931 	EXP 	image: autoDraw = False
8.6931 	EXP 	image: autoDraw = False
8.6931 	EXP 	cross: image = 'kii6Jy-file-round-cross-svg-wikipedia.png'
9.1933 	EXP 	cross: autoDraw = True
10.1637 	DATA 	Mouse: Left button down, pos=(518,427)
10.2092 	EXP 	cross: autoDraw = False
10.2092 	EXP 	image: image = 'person.jpg'
10.2984 	DATA 	Mouse:  Left button up, pos=(518,427)
10.6765 	EXP 	image: autoDraw = True
11.6652 	EXP 	New trial (rep=0, index=4): <Trial 4 (4 in rep 0) data={'path': 'sport.jpg', 'xPos': -0.2, 'yPos': 0.1, 'thisN': 4, 'thisTrialN': 4, 'thisRepN': 0}>
11.6791 	EXP 	image: autoDraw = False
11.6791 	EXP 	image: autoDraw = False
11.6791 	EXP 	cross: image = 'kii6Jy-file-round-cross-svg-wikipedia.png'
12.1759 	EXP 	cross: autoDraw = True
13.1971 	DATA 	Mouse: Left button down, pos=(278,362)
13.2423 	EXP 	cross: autoDraw = False
13.2423 	EXP 	image: image = 'sport.jpg'
13.2817 	DATA 	Mouse:  Left button up, pos=(278,362)
13.7098 	EXP 	image: autoDraw = True
14.6977 	EXP 	New trial (rep=0, index=5): <Trial 5 (5 in rep 0) data={'path': 'tool.jpg', 'xPos': 0.3, 'yPos': 0, 'thisN': 5, 'thisTrialN': 5, 'thisRepN': 0}>
14.7100 	EXP 	image: autoDraw = False
14.7100 	EXP 	image: autoDraw = False
14.7100 	EXP 	cross: image = 'kii6Jy-file-round-cross-svg-wikipedia.png'
15.2095 	EXP 	cross: autoDraw = True
15.9477 	DATA 	Mouse: Left button down, pos=(587,294)
15.9923 	EXP 	cross: autoDraw = False
15.9923 	EXP 	image: image = 'tool.jpg'
16.0490 	DATA 	Mouse:  Left button up, pos=(587,294)
16.4593 	EXP 	image: autoDraw = True
17.4482 	EXP 	New trial (rep=0, index=6): <Trial 6 (6 in rep 0) data={'path': 'vehicle.jpg', 'xPos': -0.3, 'yPos': -0.1, 'thisN': 6, 'thisTrialN': 6, 'thisRepN': 0}>
17.4751 	EXP 	image: autoDraw = False
17.4751 	EXP 	image: autoDraw = False
17.4751 	EXP 	cross: image = 'kii6Jy-file-round-cross-svg-wikipedia.png'
17.9594 	EXP 	cross: autoDraw = True
18.8816 	DATA 	Mouse: Left button down, pos=(216,240)
18.9249 	EXP 	cross: autoDraw = False
18.9249 	EXP 	image: image = 'vehicle.jpg'
18.9832 	DATA 	Mouse:  Left button up, pos=(216,240)
19.3933 	EXP 	image: autoDraw = True
20.3810 	EXP 	New trial (rep=0, index=7): <Trial 7 (7 in rep 0) data={'path': 'animal.jpg', 'xPos': 0.4, 'yPos': -0.2, 'thisN': 7, 'thisTrialN': 7, 'thisRepN': 0}>
20.3926 	EXP 	image: autoDraw = False
20.3926 	EXP 	image: autoDraw = False
20.3926 	EXP 	cross: image = 'kii6Jy-file-round-cross-svg-wikipedia.png'
20.8929 	EXP 	cross: autoDraw = True
21.7335 	DATA 	Mouse: Left button down, pos=(641,186)
21.7759 	EXP 	cross: autoDraw = False
21.7759 	EXP 	image: image = 'animal.jpg'
21.8670 	DATA 	Mouse:  Left button up, pos=(641,186)
22.2600 	EXP 	image: autoDraw = True
23.2477 	EXP 	New trial (rep=0, index=8): <Trial 8 (8 in rep 0) data={'path': 'building.jpg', 'xPos': -0.4, 'yPos': -0.3, 'thisN': 8, 'thisTrialN': 8, 'thisRepN': 0}>
23.2600 	EXP 	image: autoDraw = False
23.2600 	EXP 	cross: image = 'kii6Jy-file-round-cross-svg-wikipedia.png'
23.7597 	EXP 	cross: autoDraw = True
24.7142 	DATA 	Mouse: Left button down, pos=(160,127)
24.7761 	EXP 	cross: autoDraw = False
24.7761 	EXP 	image: image = 'building.jpg'
24.8149 	DATA 	Mouse:  Left button up, pos=(160,127)
25.2283 	EXP 	image: autoDraw = True
26.2304 	EXP 	New trial (rep=0, index=9): <Trial 9 (9 in rep 0) data={'path': 'electronic.jpg', 'xPos': 0.5, 'yPos': -0.4, 'thisN': 9, 'thisTrialN': 9, 'thisRepN': 0}>
26.2433 	EXP 	image: autoDraw = False
26.2433 	EXP 	cross: image = 'kii6Jy-file-round-cross-svg-wikipedia.png'
26.7259 	EXP 	cross: autoDraw = True
27.4991 	DATA 	Mouse: Left button down, pos=(714,65)
27.5593 	EXP 	cross: autoDraw = False
27.5593 	EXP 	image: image = 'electronic.jpg'
27.6154 	DATA 	Mouse:  Left button up, pos=(714,65)
28.0269 	EXP 	image: autoDraw = True
29.0267 	EXP 	image: autoDraw = False
29.0267 	EXP 	image: autoDraw = False
29.0305 	EXP 	untitled: status = STOPPED
29.0701 	INFO 	saved data to 'C:\\Users\\Sahaj Bindal\\OneDrive\\Desktop\\DD GROUP 4\\data/165145_untitled_2025-05-26_19h56.47.310.csv'
29.0714 	INFO 	saved data to C:\Users\Sahaj Bindal\OneDrive\Desktop\DD GROUP 4\data/165145_untitled_2025-05-26_19h56.47.310.psydat
29.4874 	DEBUG 	Saving data for untitled ExperimentHandler
