4.7553 	DEBUG 	Fullscreen settings ignored as running in pilot mode.
4.7594 	INFO 	Loaded monitor calibration from ['2025_05_16 08:37']
4.9978 	EXP 	Created window1 = Window(allowGUI=True, allowStencil=False, autoLog=True, backendConf=UNKNOWN, backgroundFit=<method-wrapper '__getattribute__' of attributeSetter object at 0x00000156D8298400>, backgroundImage=<method-wrapper '__getattribute__' of attributeSetter object at 0x00000156D82983A0>, bitsMode=UNKNOWN, blendMode='avg', bpc=(8, 8, 8), color=array([0, 0, 0]), colorSpace='rgb', depthBits=8, fullscr=False, gamma=None, gammaErrorPolicy='raise', infoMsg=UNKNOWN, lms=UNKNOWN, monitor=<psychopy.monitors.calibTools.Monitor object at 0x00000156D833D900>, multiSample=False, name='window1', numSamples=2, pos=[560.0, 300.0], screen=0, size=array([800, 600]), stencilBits=0, stereo=False, title='PsychoPy', units='height', useFBO=True, useRetina=False, viewOri=0.0, viewPos=None, viewScale=None, waitBlanking=True, winType='pyglet')
4.9979 	EXP 	window1: backgroundImage = ''
4.9979 	EXP 	window1: backgroundFit = 'none'
5.0078 	DEBUG 	TextBox2 loaded 1 chars with 0 blanks and 1 valid
5.0085 	DEBUG 	TextBox2 loaded 1 chars with 0 blanks and 1 valid
5.0093 	DEBUG 	TextBox2 loaded 1 chars with 0 blanks and 1 valid
5.0103 	DEBUG 	TextBox2 loaded 1 chars with 0 blanks and 1 valid
5.0112 	DEBUG 	TextBox2 loaded 1 chars with 0 blanks and 1 valid
5.0117 	DEBUG 	TextBox2 loaded 1 chars with 0 blanks and 1 valid
5.0125 	DEBUG 	TextBox2 loaded 1 chars with 0 blanks and 1 valid
5.0135 	DEBUG 	TextBox2 loaded 1 chars with 0 blanks and 1 valid
5.0138 	DEBUG 	TextBox2 loaded 1 chars with 0 blanks and 1 valid
5.0142 	DEBUG 	TextBox2 loaded 1 chars with 0 blanks and 1 valid
5.0149 	DEBUG 	TextBox2 loaded 1 chars with 0 blanks and 1 valid
5.0156 	DEBUG 	TextBox2 loaded 1 chars with 0 blanks and 1 valid
5.0163 	DEBUG 	TextBox2 loaded 1 chars with 0 blanks and 1 valid
5.0170 	DEBUG 	TextBox2 loaded 1 chars with 0 blanks and 1 valid
5.0176 	DEBUG 	TextBox2 loaded 1 chars with 0 blanks and 1 valid
5.0185 	DEBUG 	TextBox2 loaded 1 chars with 0 blanks and 1 valid
5.0192 	DEBUG 	TextBox2 loaded 1 chars with 0 blanks and 1 valid
5.0197 	DEBUG 	TextBox2 loaded 1 chars with 0 blanks and 1 valid
5.0202 	DEBUG 	TextBox2 loaded 1 chars with 0 blanks and 1 valid
5.0211 	DEBUG 	TextBox2 loaded 1 chars with 0 blanks and 1 valid
5.0216 	DEBUG 	TextBox2 loaded 1 chars with 0 blanks and 1 valid
5.0224 	DEBUG 	Uploading Texture Font fontname to graphics card
5.0391 	DEBUG 	Upload of Texture Font fontname complete
5.0462 	DEBUG 	TextBox2 loaded 1 chars with 0 blanks and 1 valid
5.0473 	DEBUG 	TextBox2 loaded 1 chars with 0 blanks and 1 valid
5.0482 	DEBUG 	TextBox2 loaded 1 chars with 0 blanks and 1 valid
5.0485 	DEBUG 	Uploading Texture Font fontname to graphics card
5.0656 	DEBUG 	Upload of Texture Font fontname complete
5.0680 	EXP 	window1: Attempting to measure frame rate of screen (0) ...
5.0680 	EXP 	window1: recordFrameIntervals = False
5.2390 	EXP 	window1: recordFrameIntervals = True
5.4251 	EXP 	Screen (0) actual frame rate measured at 60.38Hz
5.4252 	EXP 	window1: recordFrameIntervals = False
5.4362 	DEBUG 	TextBox2 loaded 1 chars with 0 blanks and 1 valid
5.4372 	DEBUG 	TextBox2 loaded 1 chars with 0 blanks and 1 valid
5.4386 	DEBUG 	TextBox2 loaded 1 chars with 0 blanks and 1 valid
5.4403 	DEBUG 	TextBox2 loaded 1 chars with 0 blanks and 1 valid
5.4417 	DEBUG 	TextBox2 loaded 1 chars with 0 blanks and 1 valid
5.4432 	DEBUG 	TextBox2 loaded 1 chars with 0 blanks and 1 valid
5.4440 	DEBUG 	TextBox2 loaded 1 chars with 0 blanks and 1 valid
5.4452 	DEBUG 	TextBox2 loaded 1 chars with 0 blanks and 1 valid
5.4467 	DEBUG 	TextBox2 loaded 1 chars with 0 blanks and 1 valid
5.4480 	DEBUG 	TextBox2 loaded 1 chars with 0 blanks and 1 valid
5.4485 	DEBUG 	Uploading Texture Font fontname to graphics card
5.4493 	DEBUG 	Upload of Texture Font fontname complete
5.4622 	WARNING 	launchHubServer: If using the iohub mouse or eyetracker devices, fullScr should be True.
7.0507 	INFO 	keyboard.Keyboard is using iohub backend.
7.0507 	EXP 	untitled: status = STARTED
7.0881 	EXP 	Created cross = ImageStim(__class__=<class 'psychopy.visual.image.ImageStim'>, anchor=('center', 'center'), autoLog=True, color=array([1., 1., 1.]), colorSpace='rgb', contrast=1.0, depth=0.0, draggable=False, flipHoriz=False, flipVert=False, image='default.png', interpolate=True, mask=None, maskParams=None, name='cross', opacity=1, ori=0.0, pos=array([0., 0.]), size=array([0.1, 0.1]), texRes=128.0, units='height', win=Window(...))
7.0949 	EXP 	Created image = ImageStim(__class__=<class 'psychopy.visual.image.ImageStim'>, anchor=('center', 'center'), autoLog=True, color=array([1., 1., 1.]), colorSpace='rgb', contrast=1.0, depth=0.0, draggable=False, flipHoriz=False, flipVert=False, image='default.png', interpolate=True, mask=None, maskParams=None, name='image', opacity=1, ori=0.0, pos=array([0., 0.]), size=array([0.5, 0.5]), texRes=128.0, units='height', win=Window(...))
0.0258 	DEBUG 	Read excel file with openpyxl: Book1.xlsx
0.0267 	EXP 	Imported Book1.xlsx as conditions, 10 conditions, 4 params
0.0273 	EXP 	New trial (rep=0, index=0): <Trial 0 (0 in rep 0) data={'path': 'electronic.jpg', 'xPos': 0.5, 'yPos': -0.4, 'marker': 10, 'thisN': 0, 'thisTrialN': 0, 'thisRepN': 0}>
0.0423 	EXP 	cross: image = 'kii6Jy-file-round-cross-svg-wikipedia.png'
0.5429 	EXP 	cross: autoDraw = True
12.9692 	DATA 	Mouse: Left button down, pos=(703,65)
13.0279 	EXP 	cross: autoDraw = False
13.0279 	EXP 	image: image = 'electronic.jpg'
13.0841 	DATA 	Mouse:  Left button up, pos=(703,65)
13.5120 	EXP 	image: autoDraw = True
14.4978 	EXP 	New trial (rep=0, index=1): <Trial 1 (1 in rep 0) data={'path': 'person.jpg', 'xPos': 0.2, 'yPos': 0.2, 'marker': 4, 'thisN': 1, 'thisTrialN': 1, 'thisRepN': 0}>
14.5110 	EXP 	image: autoDraw = False
14.5110 	EXP 	cross: image = 'kii6Jy-file-round-cross-svg-wikipedia.png'
15.0107 	EXP 	cross: autoDraw = True
15.9819 	DATA 	Mouse: Left button down, pos=(523,423)
16.0434 	EXP 	cross: autoDraw = False
16.0434 	EXP 	image: image = 'person.jpg'
16.0668 	DATA 	Mouse:  Left button up, pos=(523,423)
16.4940 	EXP 	image: autoDraw = True
17.4821 	EXP 	New trial (rep=0, index=2): <Trial 2 (2 in rep 0) data={'path': 'animal.jpg', 'xPos': 0.4, 'yPos': -0.2, 'marker': 8, 'thisN': 2, 'thisTrialN': 2, 'thisRepN': 0}>
17.4941 	EXP 	image: autoDraw = False
17.4941 	EXP 	image: autoDraw = False
17.4941 	EXP 	cross: image = 'kii6Jy-file-round-cross-svg-wikipedia.png'
17.9941 	EXP 	cross: autoDraw = True
18.8988 	DATA 	Mouse: Left button down, pos=(636,184)
18.9428 	EXP 	cross: autoDraw = False
18.9428 	EXP 	image: image = 'animal.jpg'
18.9995 	DATA 	Mouse:  Left button up, pos=(636,184)
19.4123 	EXP 	image: autoDraw = True
20.3996 	EXP 	New trial (rep=0, index=3): <Trial 3 (3 in rep 0) data={'path': 'tool.jpg', 'xPos': 0.3, 'yPos': 0, 'marker': 6, 'thisN': 3, 'thisTrialN': 3, 'thisRepN': 0}>
20.4134 	EXP 	image: autoDraw = False
20.4134 	EXP 	image: autoDraw = False
20.4134 	EXP 	cross: image = 'kii6Jy-file-round-cross-svg-wikipedia.png'
20.9106 	EXP 	cross: autoDraw = True
21.7330 	DATA 	Mouse: Left button down, pos=(586,298)
21.7775 	EXP 	cross: autoDraw = False
21.7775 	EXP 	image: image = 'tool.jpg'
21.8346 	DATA 	Mouse:  Left button up, pos=(586,298)
22.2447 	EXP 	image: autoDraw = True
23.2337 	EXP 	New trial (rep=0, index=4): <Trial 4 (4 in rep 0) data={'path': 'vehicle.jpg', 'xPos': -0.3, 'yPos': -0.1, 'marker': 7, 'thisN': 4, 'thisTrialN': 4, 'thisRepN': 0}>
23.2459 	EXP 	image: autoDraw = False
23.2459 	EXP 	image: autoDraw = False
23.2459 	EXP 	cross: image = 'kii6Jy-file-round-cross-svg-wikipedia.png'
23.7451 	EXP 	cross: autoDraw = True
24.7325 	DATA 	Mouse: Left button down, pos=(217,241)
24.7605 	EXP 	cross: autoDraw = False
24.7605 	EXP 	image: image = 'vehicle.jpg'
24.8665 	DATA 	Mouse:  Left button up, pos=(217,241)
25.2446 	EXP 	image: autoDraw = True
26.2321 	EXP 	New trial (rep=0, index=5): <Trial 5 (5 in rep 0) data={'path': 'nature.jpg', 'xPos': -0.1, 'yPos': 0.3, 'marker': 3, 'thisN': 5, 'thisTrialN': 5, 'thisRepN': 0}>
26.2449 	EXP 	image: autoDraw = False
26.2449 	EXP 	image: autoDraw = False
26.2449 	EXP 	cross: image = 'kii6Jy-file-round-cross-svg-wikipedia.png'
26.7448 	EXP 	cross: autoDraw = True
27.9162 	DATA 	Mouse: Left button down, pos=(338,484)
27.9601 	EXP 	cross: autoDraw = False
27.9601 	EXP 	image: image = 'nature.jpg'
27.9998 	DATA 	Mouse:  Left button up, pos=(338,484)
28.4277 	EXP 	image: autoDraw = True
29.4159 	EXP 	New trial (rep=0, index=6): <Trial 6 (6 in rep 0) data={'path': 'sport.jpg', 'xPos': -0.2, 'yPos': 0.1, 'marker': 5, 'thisN': 6, 'thisTrialN': 6, 'thisRepN': 0}>
29.4282 	EXP 	image: autoDraw = False
29.4282 	EXP 	image: autoDraw = False
29.4282 	EXP 	cross: image = 'kii6Jy-file-round-cross-svg-wikipedia.png'
29.9289 	EXP 	cross: autoDraw = True
31.0686 	DATA 	Mouse: Left button down, pos=(278,362)
31.1272 	EXP 	cross: autoDraw = False
31.1272 	EXP 	image: image = 'sport.jpg'
31.2023 	DATA 	Mouse:  Left button up, pos=(278,362)
31.5947 	EXP 	image: autoDraw = True
32.5827 	EXP 	New trial (rep=0, index=7): <Trial 7 (7 in rep 0) data={'path': 'furniture.jpg', 'xPos': 0.1, 'yPos': 0.4, 'marker': 2, 'thisN': 7, 'thisTrialN': 7, 'thisRepN': 0}>
32.5953 	EXP 	image: autoDraw = False
32.5953 	EXP 	image: autoDraw = False
32.5953 	EXP 	cross: image = 'kii6Jy-file-round-cross-svg-wikipedia.png'
33.0978 	EXP 	cross: autoDraw = True
34.3012 	DATA 	Mouse: Left button down, pos=(468,547)
34.3442 	EXP 	cross: autoDraw = False
34.3442 	EXP 	image: image = 'furniture.jpg'
34.4338 	DATA 	Mouse:  Left button up, pos=(468,547)
34.8117 	EXP 	image: autoDraw = True
35.8011 	EXP 	New trial (rep=0, index=8): <Trial 8 (8 in rep 0) data={'path': 'food.jpg', 'xPos': 0, 'yPos': 0.5, 'marker': 1, 'thisN': 8, 'thisTrialN': 8, 'thisRepN': 0}>
35.8279 	EXP 	image: autoDraw = False
35.8279 	EXP 	image: autoDraw = False
35.8279 	EXP 	cross: image = 'kii6Jy-file-round-cross-svg-wikipedia.png'
36.3115 	EXP 	cross: autoDraw = True
37.3339 	DATA 	Mouse: Left button down, pos=(383,582)
37.3953 	EXP 	cross: autoDraw = False
37.3953 	EXP 	image: image = 'food.jpg'
37.4520 	DATA 	Mouse:  Left button up, pos=(383,582)
37.8460 	EXP 	image: autoDraw = True
38.8332 	EXP 	New trial (rep=0, index=9): <Trial 9 (9 in rep 0) data={'path': 'building.jpg', 'xPos': -0.4, 'yPos': -0.3, 'marker': 9, 'thisN': 9, 'thisTrialN': 9, 'thisRepN': 0}>
38.8599 	EXP 	image: autoDraw = False
38.8599 	EXP 	image: autoDraw = False
38.8599 	EXP 	cross: image = 'kii6Jy-file-round-cross-svg-wikipedia.png'
39.3476 	EXP 	cross: autoDraw = True
40.3172 	DATA 	Mouse: Left button down, pos=(154,122)
40.3601 	EXP 	cross: autoDraw = False
40.3601 	EXP 	image: image = 'building.jpg'
40.4498 	DATA 	Mouse:  Left button up, pos=(154,122)
40.8284 	EXP 	image: autoDraw = True
41.8304 	EXP 	image: autoDraw = False
41.8304 	EXP 	image: autoDraw = False
41.8343 	EXP 	untitled: status = STOPPED
41.8748 	INFO 	saved data to 'C:\\Users\\Sahaj Bindal\\OneDrive\\Desktop\\New folder\\data/183143_untitled_2025-05-22_22h16.13.637.csv'
41.8773 	INFO 	saved data to C:\Users\Sahaj Bindal\OneDrive\Desktop\New folder\data/183143_untitled_2025-05-22_22h16.13.637.psydat
42.5253 	DEBUG 	Saving data for untitled ExperimentHandler
