3.7462 	INFO 	Loaded monitor calibration from ['2025_05_16 08:37']
3.7688 	WARNING 	User requested fullscreen with size [1280  800], but screen is actually [1920, 1200]. Using actual size
5.8054 	EXP 	Created window1 = Window(allowGUI=True, allowStencil=False, autoLog=True, backendConf=UNKNOWN, backgroundFit=<method-wrapper '__getattribute__' of attributeSetter object at 0x000002137AD763B0>, backgroundImage=<method-wrapper '__getattribute__' of attributeSetter object at 0x000002137AD76350>, bitsMode=UNKNOWN, blendMode='avg', bpc=(8, 8, 8), color=array([0, 0, 0]), colorSpace='rgb', depthBits=8, fullscr=True, gamma=None, gammaErrorPolicy='raise', infoMsg=UNKNOWN, lms=UNKNOWN, monitor=<psychopy.monitors.calibTools.Monitor object at 0x000002137AE2B880>, multiSample=False, name='window1', numSamples=2, pos=[0.0, 0.0], screen=0, size=array([1920, 1200]), stencilBits=0, stereo=False, title='PsychoPy', units='height', useFBO=True, useRetina=False, viewOri=0.0, viewPos=None, viewScale=None, waitBlanking=True, winType='pyglet')
5.8054 	EXP 	window1: backgroundImage = ''
5.8055 	EXP 	window1: backgroundFit = 'none'
5.9057 	EXP 	window1: Attempting to measure frame rate of screen (0) ...
5.9057 	EXP 	window1: recordFrameIntervals = False
6.0507 	EXP 	window1: recordFrameIntervals = True
6.2343 	EXP 	Screen (0) actual frame rate measured at 60.12Hz
6.2343 	EXP 	window1: recordFrameIntervals = False
7.6344 	INFO 	keyboard.Keyboard is using iohub backend.
7.6344 	EXP 	untitled: status = STARTED
7.6456 	EXP 	Created cross = ImageStim(__class__=<class 'psychopy.visual.image.ImageStim'>, anchor=('center', 'center'), autoLog=True, color=array([1., 1., 1.]), colorSpace='rgb', contrast=1.0, depth=0.0, draggable=False, flipHoriz=False, flipVert=False, image='default.png', interpolate=True, mask=None, maskParams=None, name='cross', opacity=1, ori=0.0, pos=array([0., 0.]), size=array([0.1, 0.1]), texRes=128.0, units='height', win=Window(...))
7.6517 	EXP 	Created image = ImageStim(__class__=<class 'psychopy.visual.image.ImageStim'>, anchor=('center', 'center'), autoLog=True, color=array([1., 1., 1.]), colorSpace='rgb', contrast=1.0, depth=0.0, draggable=False, flipHoriz=False, flipVert=False, image='default.png', interpolate=True, mask=None, maskParams=None, name='image', opacity=1, ori=0.0, pos=array([0., 0.]), size=array([0.5, 0.5]), texRes=128.0, units='height', win=Window(...))
0.0091 	EXP 	Imported Book1.xlsx as conditions, 10 conditions, 4 params
0.0095 	EXP 	New trial (rep=0, index=0): <Trial 0 (0 in rep 0) data={'path': 'sport.jpg', 'xPos': -0.2, 'yPos': 0.1, 'marker': 5, 'thisN': 0, 'thisTrialN': 0, 'thisRepN': 0}>
0.0177 	EXP 	cross: image = 'kii6Jy-file-round-cross-svg-wikipedia.png'
0.5174 	EXP 	cross: autoDraw = True
1.4785 	DATA 	Mouse: Left button down, pos=(756,732)
3.1711 	INFO 	saved data to C:\Users\Sahaj Bindal\OneDrive\Desktop\New folder\data/186217_untitled_2025-05-22_09h09.47.866.psydat
3.1723 	INFO 	saved data to 'C:\\Users\\Sahaj Bindal\\OneDrive\\Desktop\\New folder\\data/186217_untitled_2025-05-22_09h09.47.866.csv'
