8.0183 	INFO 	Loaded monitor calibration from ['2025_05_16 08:37']
8.2293 	WARNING 	User requested fullscreen with size [1280  800], but screen is actually [1920, 1200]. Using actual size
10.8187 	EXP 	Created window1 = Window(allowGUI=True, allowStencil=False, autoLog=True, backendConf=UNKNOWN, backgroundFit=<method-wrapper '__getattribute__' of attributeSetter object at 0x000002201E5E1BA0>, backgroundImage=<method-wrapper '__getattribute__' of attributeSetter object at 0x000002201E5E1B40>, bitsMode=UNKNOWN, blendMode='avg', bpc=(8, 8, 8), color=array([0, 0, 0]), colorSpace='rgb', depthBits=8, fullscr=True, gamma=None, gammaErrorPolicy='raise', infoMsg=UNKNOWN, lms=UNKNOWN, monitor=<psychopy.monitors.calibTools.Monitor object at 0x000002201E68B070>, multiSample=False, name='window1', numSamples=2, pos=[0.0, 0.0], screen=0, size=array([1920, 1200]), stencilBits=0, stereo=False, title='PsychoPy', units='height', useFBO=True, useRetina=False, viewOri=0.0, viewPos=None, viewScale=None, waitBlanking=True, winType='pyglet')
10.8187 	EXP 	window1: backgroundImage = ''
10.8187 	EXP 	window1: backgroundFit = 'none'
10.9007 	EXP 	window1: Attempting to measure frame rate of screen (0) ...
10.9008 	EXP 	window1: recordFrameIntervals = False
11.0626 	EXP 	window1: recordFrameIntervals = True
11.2447 	EXP 	Screen (0) actual frame rate measured at 60.17Hz
11.2448 	EXP 	window1: recordFrameIntervals = False
13.3394 	INFO 	keyboard.Keyboard is using iohub backend.
13.3394 	EXP 	untitled: status = STARTED
13.3500 	EXP 	Created cross = ImageStim(__class__=<class 'psychopy.visual.image.ImageStim'>, anchor=('center', 'center'), autoLog=True, color=array([1., 1., 1.]), colorSpace='rgb', contrast=1.0, depth=0.0, draggable=False, flipHoriz=False, flipVert=False, image='default.png', interpolate=True, mask=None, maskParams=None, name='cross', opacity=1, ori=0.0, pos=array([0., 0.]), size=array([0.1, 0.1]), texRes=128.0, units='height', win=Window(...))
13.3566 	EXP 	Created image = ImageStim(__class__=<class 'psychopy.visual.image.ImageStim'>, anchor=('center', 'center'), autoLog=True, color=array([1., 1., 1.]), colorSpace='rgb', contrast=1.0, depth=0.0, draggable=False, flipHoriz=False, flipVert=False, image='default.png', interpolate=True, mask=None, maskParams=None, name='image', opacity=1, ori=0.0, pos=array([0., 0.]), size=array([0.5, 0.5]), texRes=128.0, units='height', win=Window(...))
0.0223 	EXP 	Imported loopTemplate1.xlsx as conditions, 10 conditions, 3 params
0.0228 	EXP 	New trial (rep=0, index=0): <Trial 0 (0 in rep 0) data={'path': 'images\\electronic.jpg', 'xPos': 0.1, 'yPos': 0.3, 'thisN': 0, 'thisTrialN': 0, 'thisRepN': 0}>
0.0305 	EXP 	cross: image = 'kii6Jy-file-round-cross-svg-wikipedia.png'
0.5189 	EXP 	cross: autoDraw = True
2.2482 	DATA 	Mouse: Left button down, pos=(1076,962)
2.2928 	EXP 	cross: autoDraw = False
2.2928 	EXP 	image: image = 'images\\electronic.jpg'
2.4494 	DATA 	Mouse:  Left button up, pos=(1076,962)
2.7799 	EXP 	image: autoDraw = True
3.7652 	EXP 	New trial (rep=0, index=1): <Trial 1 (1 in rep 0) data={'path': 'images\\person.jpg', 'xPos': -0.3, 'yPos': -0.1, 'thisN': 1, 'thisTrialN': 1, 'thisRepN': 0}>
3.7789 	EXP 	image: autoDraw = False
3.7789 	EXP 	image: autoDraw = False
3.7789 	EXP 	cross: image = 'kii6Jy-file-round-cross-svg-wikipedia.png'
4.2793 	EXP 	cross: autoDraw = True
6.1133 	DATA 	Mouse: Left button down, pos=(599,485)
6.1518 	EXP 	cross: autoDraw = False
6.1518 	EXP 	image: image = 'images\\person.jpg'
6.3141 	DATA 	Mouse:  Left button up, pos=(599,485)
6.6287 	EXP 	image: autoDraw = True
7.6153 	EXP 	New trial (rep=0, index=2): <Trial 2 (2 in rep 0) data={'path': 'images\\food.jpg', 'xPos': -0.2, 'yPos': 0.2, 'thisN': 2, 'thisTrialN': 2, 'thisRepN': 0}>
7.6294 	EXP 	image: autoDraw = False
7.6294 	EXP 	image: autoDraw = False
7.6294 	EXP 	cross: image = 'kii6Jy-file-round-cross-svg-wikipedia.png'
8.1293 	EXP 	cross: autoDraw = True
10.0330 	DATA 	Mouse: Left button down, pos=(718,843)
10.0955 	EXP 	cross: autoDraw = False
10.0955 	EXP 	image: image = 'images\\food.jpg'
10.2153 	DATA 	Mouse:  Left button up, pos=(718,843)
10.5633 	EXP 	image: autoDraw = True
11.5636 	EXP 	New trial (rep=0, index=3): <Trial 3 (3 in rep 0) data={'path': 'images\nature.jpg', 'xPos': 0.3, 'yPos': 0, 'thisN': 3, 'thisTrialN': 3, 'thisRepN': 0}>
11.5797 	EXP 	image: autoDraw = False
11.5797 	EXP 	cross: image = 'kii6Jy-file-round-cross-svg-wikipedia.png'
12.0626 	EXP 	cross: autoDraw = True
14.0635 	DATA 	Mouse: Left button down, pos=(1321,604)
14.0674 	DEPRECATION 	Couldn't find image images
ature.jpg; check path? (tried: C:\Users\Sahaj Bindal\OneDrive\Desktop\New folder\images
ature.jpg)
15.6863 	INFO 	saved data to C:\Users\Sahaj Bindal\OneDrive\Desktop\New folder\data/191932_untitled_2025-05-18_11h04.50.624.psydat
15.6893 	INFO 	saved data to 'C:\\Users\\Sahaj Bindal\\OneDrive\\Desktop\\New folder\\data/191932_untitled_2025-05-18_11h04.50.624.csv'
