4.6951 	DEBUG 	Fullscreen settings ignored as running in pilot mode.
4.7013 	INFO 	Loaded monitor calibration from ['2025_05_16 08:37']
5.0120 	EXP 	Created window1 = Window(allowGUI=True, allowStencil=False, autoLog=True, backendConf=UNKNOWN, backgroundFit=<method-wrapper '__getattribute__' of attributeSetter object at 0x000002547E055DB0>, backgroundImage=<method-wrapper '__getattribute__' of attributeSetter object at 0x000002547E055D50>, bitsMode=UNKNOWN, blendMode='avg', bpc=(8, 8, 8), color=array([0, 0, 0]), colorSpace='rgb', depthBits=8, fullscr=False, gamma=None, gammaErrorPolicy='raise', infoMsg=UNKNOWN, lms=UNKNOWN, monitor=<psychopy.monitors.calibTools.Monitor object at 0x00000254000DB2B0>, multiSample=False, name='window1', numSamples=2, pos=[560.0, 300.0], screen=0, size=array([800, 600]), stencilBits=0, stereo=False, title='PsychoPy', units='height', useFBO=True, useRetina=False, viewOri=0.0, viewPos=None, viewScale=None, waitBlanking=True, winType='pyglet')
5.0121 	EXP 	window1: backgroundImage = ''
5.0121 	EXP 	window1: backgroundFit = 'none'
5.0203 	DEBUG 	TextBox2 loaded 1 chars with 0 blanks and 1 valid
5.0213 	DEBUG 	TextBox2 loaded 1 chars with 0 blanks and 1 valid
5.0220 	DEBUG 	TextBox2 loaded 1 chars with 0 blanks and 1 valid
5.0231 	DEBUG 	TextBox2 loaded 1 chars with 0 blanks and 1 valid
5.0240 	DEBUG 	TextBox2 loaded 1 chars with 0 blanks and 1 valid
5.0245 	DEBUG 	TextBox2 loaded 1 chars with 0 blanks and 1 valid
5.0253 	DEBUG 	TextBox2 loaded 1 chars with 0 blanks and 1 valid
5.0266 	DEBUG 	TextBox2 loaded 1 chars with 0 blanks and 1 valid
5.0272 	DEBUG 	TextBox2 loaded 1 chars with 0 blanks and 1 valid
5.0277 	DEBUG 	TextBox2 loaded 1 chars with 0 blanks and 1 valid
5.0288 	DEBUG 	TextBox2 loaded 1 chars with 0 blanks and 1 valid
5.0297 	DEBUG 	TextBox2 loaded 1 chars with 0 blanks and 1 valid
5.0306 	DEBUG 	TextBox2 loaded 1 chars with 0 blanks and 1 valid
5.0313 	DEBUG 	TextBox2 loaded 1 chars with 0 blanks and 1 valid
5.0320 	DEBUG 	TextBox2 loaded 1 chars with 0 blanks and 1 valid
5.0328 	DEBUG 	TextBox2 loaded 1 chars with 0 blanks and 1 valid
5.0336 	DEBUG 	TextBox2 loaded 1 chars with 0 blanks and 1 valid
5.0340 	DEBUG 	TextBox2 loaded 1 chars with 0 blanks and 1 valid
5.0345 	DEBUG 	TextBox2 loaded 1 chars with 0 blanks and 1 valid
5.0355 	DEBUG 	TextBox2 loaded 1 chars with 0 blanks and 1 valid
5.0360 	DEBUG 	TextBox2 loaded 1 chars with 0 blanks and 1 valid
5.0364 	DEBUG 	Uploading Texture Font fontname to graphics card
5.0433 	DEBUG 	Upload of Texture Font fontname complete
5.0519 	DEBUG 	TextBox2 loaded 1 chars with 0 blanks and 1 valid
5.0529 	DEBUG 	TextBox2 loaded 1 chars with 0 blanks and 1 valid
5.0539 	DEBUG 	TextBox2 loaded 1 chars with 0 blanks and 1 valid
5.0542 	DEBUG 	Uploading Texture Font fontname to graphics card
5.0587 	DEBUG 	Upload of Texture Font fontname complete
5.0614 	EXP 	window1: Attempting to measure frame rate of screen (0) ...
5.0614 	EXP 	window1: recordFrameIntervals = False
5.2304 	EXP 	window1: recordFrameIntervals = True
5.8315 	EXP 	Screen (0) actual frame rate measured at 59.89Hz
5.8316 	EXP 	window1: recordFrameIntervals = False
5.8424 	DEBUG 	TextBox2 loaded 1 chars with 0 blanks and 1 valid
5.8432 	DEBUG 	TextBox2 loaded 1 chars with 0 blanks and 1 valid
5.8444 	DEBUG 	TextBox2 loaded 1 chars with 0 blanks and 1 valid
5.8462 	DEBUG 	TextBox2 loaded 1 chars with 0 blanks and 1 valid
5.8478 	DEBUG 	TextBox2 loaded 1 chars with 0 blanks and 1 valid
5.8493 	DEBUG 	TextBox2 loaded 1 chars with 0 blanks and 1 valid
5.8501 	DEBUG 	TextBox2 loaded 1 chars with 0 blanks and 1 valid
5.8515 	DEBUG 	TextBox2 loaded 1 chars with 0 blanks and 1 valid
5.8531 	DEBUG 	TextBox2 loaded 1 chars with 0 blanks and 1 valid
5.8548 	DEBUG 	TextBox2 loaded 1 chars with 0 blanks and 1 valid
5.8552 	DEBUG 	Uploading Texture Font fontname to graphics card
5.8560 	DEBUG 	Upload of Texture Font fontname complete
5.8711 	WARNING 	launchHubServer: If using the iohub mouse or eyetracker devices, fullScr should be True.
7.2799 	INFO 	keyboard.Keyboard is using iohub backend.
7.2800 	EXP 	untitled: status = STARTED
7.2907 	EXP 	Created image = ImageStim(__class__=<class 'psychopy.visual.image.ImageStim'>, anchor=('center', 'center'), autoLog=True, color=array([1., 1., 1.]), colorSpace='rgb', contrast=1.0, depth=0.0, draggable=False, flipHoriz=False, flipVert=False, image='default.png', interpolate=True, mask=None, maskParams=None, name='image', opacity=1, ori=0.0, pos=array([0., 0.]), size=array([0.5, 0.5]), texRes=128.0, units='height', win=Window(...))
7.2980 	EXP 	Created cross = ImageStim(__class__=<class 'psychopy.visual.image.ImageStim'>, anchor=('center', 'center'), autoLog=True, color=array([1., 1., 1.]), colorSpace='rgb', contrast=1.0, depth=0.0, draggable=False, flipHoriz=False, flipVert=False, image='default.png', interpolate=True, mask=None, maskParams=None, name='cross', opacity=1, ori=0.0, pos=array([0., 0.]), size=array([0.1, 0.1]), texRes=128.0, units='height', win=Window(...))
0.0287 	DEBUG 	Read excel file with openpyxl: Book1.xlsx
0.0294 	EXP 	Imported Book1.xlsx as conditions, 10 conditions, 3 params
0.0305 	EXP 	New trial (rep=0, index=0): <Trial 0 (0 in rep 0) data={'path': 'tool.jpg', 'xPos': 0.3, 'yPos': 0, 'thisN': 0, 'thisTrialN': 0, 'thisRepN': 0}>
0.0818 	EXP 	image: image = 'tool.jpg'
0.5323 	EXP 	image: autoDraw = True
1.5146 	EXP 	image: autoDraw = False
1.5146 	EXP 	cross: image = 'kii6Jy-file-round-cross-svg-wikipedia.png'
2.0155 	EXP 	cross: autoDraw = True
3.1687 	DATA 	Mouse: Left button down, pos=(581,299)
3.1706 	EXP 	New trial (rep=0, index=1): <Trial 1 (1 in rep 0) data={'path': 'sport.jpg', 'xPos': -0.2, 'yPos': 0.1, 'thisN': 1, 'thisTrialN': 1, 'thisRepN': 0}>
3.2151 	EXP 	cross: autoDraw = False
3.2151 	EXP 	image: image = 'sport.jpg'
3.3201 	DATA 	Mouse:  Left button up, pos=(581,299)
3.6813 	EXP 	image: autoDraw = True
4.6821 	EXP 	image: autoDraw = False
4.6821 	EXP 	image: autoDraw = False
4.6821 	EXP 	cross: image = 'kii6Jy-file-round-cross-svg-wikipedia.png'
5.1826 	EXP 	cross: autoDraw = True
6.2531 	DATA 	Mouse: Left button down, pos=(278,359)
6.2548 	EXP 	New trial (rep=0, index=2): <Trial 2 (2 in rep 0) data={'path': 'electronic.jpg', 'xPos': 0.5, 'yPos': -0.4, 'thisN': 2, 'thisTrialN': 2, 'thisRepN': 0}>
6.2814 	EXP 	cross: autoDraw = False
6.2814 	EXP 	image: image = 'electronic.jpg'
6.3699 	DATA 	Mouse:  Left button up, pos=(278,359)
6.7647 	EXP 	image: autoDraw = True
7.7648 	EXP 	image: autoDraw = False
7.7648 	EXP 	image: autoDraw = False
7.7648 	EXP 	cross: image = 'kii6Jy-file-round-cross-svg-wikipedia.png'
8.2647 	EXP 	cross: autoDraw = True
9.4868 	DATA 	Mouse: Left button down, pos=(702,63)
9.4887 	EXP 	New trial (rep=0, index=3): <Trial 3 (3 in rep 0) data={'path': 'animal.jpg', 'xPos': 0.4, 'yPos': -0.2, 'thisN': 3, 'thisTrialN': 3, 'thisRepN': 0}>
9.5304 	EXP 	cross: autoDraw = False
9.5304 	EXP 	image: image = 'animal.jpg'
9.6372 	DATA 	Mouse:  Left button up, pos=(702,63)
9.9984 	EXP 	image: autoDraw = True
10.9981 	EXP 	image: autoDraw = False
10.9981 	EXP 	image: autoDraw = False
10.9981 	EXP 	cross: image = 'kii6Jy-file-round-cross-svg-wikipedia.png'
11.4979 	EXP 	cross: autoDraw = True
12.4369 	DATA 	Mouse: Left button down, pos=(642,183)
12.4384 	EXP 	New trial (rep=0, index=4): <Trial 4 (4 in rep 0) data={'path': 'vehicle.jpg', 'xPos': -0.3, 'yPos': -0.1, 'thisN': 4, 'thisTrialN': 4, 'thisRepN': 0}>
12.4654 	EXP 	cross: autoDraw = False
12.4654 	EXP 	image: image = 'vehicle.jpg'
12.5217 	DATA 	Mouse:  Left button up, pos=(642,183)
12.9485 	EXP 	image: autoDraw = True
13.9488 	EXP 	image: autoDraw = False
13.9488 	EXP 	image: autoDraw = False
13.9488 	EXP 	cross: image = 'kii6Jy-file-round-cross-svg-wikipedia.png'
14.4481 	EXP 	cross: autoDraw = True
15.2191 	DATA 	Mouse: Left button down, pos=(220,241)
15.2206 	EXP 	New trial (rep=0, index=5): <Trial 5 (5 in rep 0) data={'path': 'food.jpg', 'xPos': 0, 'yPos': 0.5, 'thisN': 5, 'thisTrialN': 5, 'thisRepN': 0}>
15.2650 	EXP 	cross: autoDraw = False
15.2650 	EXP 	image: image = 'food.jpg'
15.3200 	DATA 	Mouse:  Left button up, pos=(220,241)
15.7320 	EXP 	image: autoDraw = True
16.7484 	EXP 	image: autoDraw = False
16.7484 	EXP 	image: autoDraw = False
16.7484 	EXP 	cross: image = 'kii6Jy-file-round-cross-svg-wikipedia.png'
17.2316 	EXP 	cross: autoDraw = True
18.6518 	DATA 	Mouse: Left button down, pos=(402,591)
18.6536 	EXP 	New trial (rep=0, index=6): <Trial 6 (6 in rep 0) data={'path': 'nature.jpg', 'xPos': -0.1, 'yPos': 0.3, 'thisN': 6, 'thisTrialN': 6, 'thisRepN': 0}>
18.6987 	EXP 	cross: autoDraw = False
18.6987 	EXP 	image: image = 'nature.jpg'
18.7865 	DATA 	Mouse:  Left button up, pos=(402,591)
19.1652 	EXP 	image: autoDraw = True
20.1648 	EXP 	image: autoDraw = False
20.1648 	EXP 	image: autoDraw = False
20.1648 	EXP 	cross: image = 'kii6Jy-file-round-cross-svg-wikipedia.png'
20.6649 	EXP 	cross: autoDraw = True
21.4694 	DATA 	Mouse: Left button down, pos=(336,479)
21.4711 	EXP 	New trial (rep=0, index=7): <Trial 7 (7 in rep 0) data={'path': 'building.jpg', 'xPos': -0.4, 'yPos': -0.3, 'thisN': 7, 'thisTrialN': 7, 'thisRepN': 0}>
21.5152 	EXP 	cross: autoDraw = False
21.5152 	EXP 	image: image = 'building.jpg'
21.5700 	DATA 	Mouse:  Left button up, pos=(336,479)
21.9818 	EXP 	image: autoDraw = True
22.9814 	EXP 	image: autoDraw = False
22.9814 	EXP 	image: autoDraw = False
22.9814 	EXP 	cross: image = 'kii6Jy-file-round-cross-svg-wikipedia.png'
23.4819 	EXP 	cross: autoDraw = True
24.6205 	DATA 	Mouse: Left button down, pos=(159,125)
24.6225 	EXP 	New trial (rep=0, index=8): <Trial 8 (8 in rep 0) data={'path': 'person.jpg', 'xPos': 0.2, 'yPos': 0.2, 'thisN': 8, 'thisTrialN': 8, 'thisRepN': 0}>
24.6658 	EXP 	cross: autoDraw = False
24.6658 	EXP 	image: image = 'person.jpg'
24.7530 	DATA 	Mouse:  Left button up, pos=(159,125)
25.1317 	EXP 	image: autoDraw = True
26.1317 	EXP 	image: autoDraw = False
26.1317 	EXP 	image: autoDraw = False
26.1317 	EXP 	cross: image = 'kii6Jy-file-round-cross-svg-wikipedia.png'
26.6318 	EXP 	cross: autoDraw = True
27.5373 	DATA 	Mouse: Left button down, pos=(521,418)
27.5388 	EXP 	New trial (rep=0, index=9): <Trial 9 (9 in rep 0) data={'path': 'furniture.jpg', 'xPos': 0.1, 'yPos': 0.4, 'thisN': 9, 'thisTrialN': 9, 'thisRepN': 0}>
27.5818 	EXP 	cross: autoDraw = False
27.5818 	EXP 	image: image = 'furniture.jpg'
27.6535 	DATA 	Mouse:  Left button up, pos=(521,418)
28.0480 	EXP 	image: autoDraw = True
29.0506 	EXP 	image: autoDraw = False
29.0506 	EXP 	image: autoDraw = False
29.0506 	EXP 	cross: image = 'kii6Jy-file-round-cross-svg-wikipedia.png'
29.5486 	EXP 	cross: autoDraw = True
30.4694 	DATA 	Mouse: Left button down, pos=(455,554)
30.4831 	EXP 	cross: autoDraw = False
30.4865 	EXP 	untitled: status = STOPPED
30.4987 	INFO 	saved data to 'C:\\Users\\Sahaj Bindal\\OneDrive\\Desktop\\New folder\\data/197749_untitled_2025-05-18_20h14.26.863.csv'
30.5000 	INFO 	saved data to C:\Users\Sahaj Bindal\OneDrive\Desktop\New folder\data/197749_untitled_2025-05-18_20h14.26.863.psydat
31.0884 	DEBUG 	Saving data for untitled ExperimentHandler
