62.9387 	DEBUG 	Fullscreen settings ignored as running in pilot mode.
62.9409 	INFO 	Loaded monitor calibration from ['2025_05_16 08:37']
64.0329 	EXP 	Created window1 = Window(allowGUI=True, allowStencil=False, autoLog=True, backendConf=UNKNOWN, backgroundFit=<method-wrapper '__getattribute__' of attributeSetter object at 0x000001CDB9AA62F0>, backgroundImage=<method-wrapper '__getattribute__' of attributeSetter object at 0x000001CDB9AA6290>, bitsMode=UNKNOWN, blendMode='avg', bpc=(8, 8, 8), color=array([0, 0, 0]), colorSpace='rgb', depthBits=8, fullscr=False, gamma=None, gammaErrorPolicy='raise', infoMsg=UNKNOWN, lms=UNKNOWN, monitor=<psychopy.monitors.calibTools.Monitor object at 0x000001CDB9B5B7F0>, multiSample=False, name='window1', numSamples=2, pos=[560.0, 300.0], screen=0, size=array([800, 600]), stencilBits=0, stereo=False, title='PsychoPy', units='height', useFBO=True, useRetina=False, viewOri=0.0, viewPos=None, viewScale=None, waitBlanking=True, winType='pyglet')
64.0330 	EXP 	window1: backgroundImage = ''
64.0330 	EXP 	window1: backgroundFit = 'none'
64.0668 	DEBUG 	TextBox2 loaded 1 chars with 0 blanks and 1 valid
64.0680 	DEBUG 	TextBox2 loaded 1 chars with 0 blanks and 1 valid
64.0691 	DEBUG 	TextBox2 loaded 1 chars with 0 blanks and 1 valid
64.0705 	DEBUG 	TextBox2 loaded 1 chars with 0 blanks and 1 valid
64.0718 	DEBUG 	TextBox2 loaded 1 chars with 0 blanks and 1 valid
64.0728 	DEBUG 	TextBox2 loaded 1 chars with 0 blanks and 1 valid
64.0738 	DEBUG 	TextBox2 loaded 1 chars with 0 blanks and 1 valid
64.0751 	DEBUG 	TextBox2 loaded 1 chars with 0 blanks and 1 valid
64.0756 	DEBUG 	TextBox2 loaded 1 chars with 0 blanks and 1 valid
64.0760 	DEBUG 	TextBox2 loaded 1 chars with 0 blanks and 1 valid
64.0769 	DEBUG 	TextBox2 loaded 1 chars with 0 blanks and 1 valid
64.0778 	DEBUG 	TextBox2 loaded 1 chars with 0 blanks and 1 valid
64.0786 	DEBUG 	TextBox2 loaded 1 chars with 0 blanks and 1 valid
64.0794 	DEBUG 	TextBox2 loaded 1 chars with 0 blanks and 1 valid
64.0801 	DEBUG 	TextBox2 loaded 1 chars with 0 blanks and 1 valid
64.0809 	DEBUG 	TextBox2 loaded 1 chars with 0 blanks and 1 valid
64.0817 	DEBUG 	TextBox2 loaded 1 chars with 0 blanks and 1 valid
64.0821 	DEBUG 	TextBox2 loaded 1 chars with 0 blanks and 1 valid
64.0826 	DEBUG 	TextBox2 loaded 1 chars with 0 blanks and 1 valid
64.0835 	DEBUG 	TextBox2 loaded 1 chars with 0 blanks and 1 valid
64.0840 	DEBUG 	TextBox2 loaded 1 chars with 0 blanks and 1 valid
64.0857 	DEBUG 	Uploading Texture Font fontname to graphics card
64.1077 	DEBUG 	Upload of Texture Font fontname complete
64.1170 	DEBUG 	TextBox2 loaded 1 chars with 0 blanks and 1 valid
64.1182 	DEBUG 	TextBox2 loaded 1 chars with 0 blanks and 1 valid
64.1192 	DEBUG 	TextBox2 loaded 1 chars with 0 blanks and 1 valid
64.1200 	DEBUG 	Uploading Texture Font fontname to graphics card
64.1298 	DEBUG 	Upload of Texture Font fontname complete
64.1371 	EXP 	window1: Attempting to measure frame rate of screen (0) ...
64.1372 	EXP 	window1: recordFrameIntervals = False
64.3452 	EXP 	window1: recordFrameIntervals = True
64.5279 	EXP 	Screen (0) actual frame rate measured at 59.73Hz
64.5279 	EXP 	window1: recordFrameIntervals = False
64.5371 	DEBUG 	TextBox2 loaded 1 chars with 0 blanks and 1 valid
64.5392 	DEBUG 	TextBox2 loaded 1 chars with 0 blanks and 1 valid
64.5411 	DEBUG 	TextBox2 loaded 1 chars with 0 blanks and 1 valid
64.5437 	DEBUG 	TextBox2 loaded 1 chars with 0 blanks and 1 valid
64.5453 	DEBUG 	TextBox2 loaded 1 chars with 0 blanks and 1 valid
64.5470 	DEBUG 	TextBox2 loaded 1 chars with 0 blanks and 1 valid
64.5479 	DEBUG 	TextBox2 loaded 1 chars with 0 blanks and 1 valid
64.5492 	DEBUG 	TextBox2 loaded 1 chars with 0 blanks and 1 valid
64.5507 	DEBUG 	TextBox2 loaded 1 chars with 0 blanks and 1 valid
64.5521 	DEBUG 	TextBox2 loaded 1 chars with 0 blanks and 1 valid
64.5526 	DEBUG 	Uploading Texture Font fontname to graphics card
64.5533 	DEBUG 	Upload of Texture Font fontname complete
64.6378 	WARNING 	launchHubServer: If using the iohub mouse or eyetracker devices, fullScr should be True.
67.5997 	INFO 	keyboard.Keyboard is using iohub backend.
67.5997 	EXP 	untitled: status = STARTED
67.6306 	EXP 	Created cross = ImageStim(__class__=<class 'psychopy.visual.image.ImageStim'>, anchor=('center', 'center'), autoLog=True, color=array([1., 1., 1.]), colorSpace='rgb', contrast=1.0, depth=0.0, draggable=False, flipHoriz=False, flipVert=False, image='default.png', interpolate=True, mask=None, maskParams=None, name='cross', opacity=1, ori=0.0, pos=array([0., 0.]), size=array([0.1, 0.1]), texRes=128.0, units='height', win=Window(...))
67.6366 	EXP 	Created image = ImageStim(__class__=<class 'psychopy.visual.image.ImageStim'>, anchor=('center', 'center'), autoLog=True, color=array([1., 1., 1.]), colorSpace='rgb', contrast=1.0, depth=0.0, draggable=False, flipHoriz=False, flipVert=False, image='default.png', interpolate=True, mask=None, maskParams=None, name='image', opacity=1, ori=0.0, pos=array([0., 0.]), size=array([0.5, 0.5]), texRes=128.0, units='height', win=Window(...))
0.0478 	DEBUG 	Read excel file with openpyxl: Book1.xlsx
0.0487 	EXP 	Imported Book1.xlsx as conditions, 10 conditions, 4 params
0.0505 	EXP 	New trial (rep=0, index=0): <Trial 0 (0 in rep 0) data={'path': 'sport.jpg', 'xPos': -0.2, 'yPos': 0.1, 'marker': 5, 'thisN': 0, 'thisTrialN': 0, 'thisRepN': 0}>
0.0740 	EXP 	cross: image = 'kii6Jy-file-round-cross-svg-wikipedia.png'
0.5417 	EXP 	cross: autoDraw = True
1.9129 	DATA 	Mouse: Left button down, pos=(282,363)
1.9741 	EXP 	cross: autoDraw = False
1.9741 	EXP 	image: image = 'sport.jpg'
2.0474 	DATA 	Mouse:  Left button up, pos=(282,363)
2.4251 	EXP 	image: autoDraw = True
3.4126 	EXP 	New trial (rep=0, index=1): <Trial 1 (1 in rep 0) data={'path': 'vehicle.jpg', 'xPos': -0.3, 'yPos': -0.1, 'marker': 7, 'thisN': 1, 'thisTrialN': 1, 'thisRepN': 0}>
3.4257 	EXP 	image: autoDraw = False
3.4257 	EXP 	image: autoDraw = False
3.4257 	EXP 	cross: image = 'kii6Jy-file-round-cross-svg-wikipedia.png'
3.9254 	EXP 	cross: autoDraw = True
4.9605 	DATA 	Mouse: Left button down, pos=(220,238)
5.0073 	EXP 	cross: autoDraw = False
5.0073 	EXP 	image: image = 'vehicle.jpg'
5.0783 	DATA 	Mouse:  Left button up, pos=(220,238)
5.4748 	EXP 	image: autoDraw = True
6.4604 	EXP 	New trial (rep=0, index=2): <Trial 2 (2 in rep 0) data={'path': 'person.jpg', 'xPos': 0.2, 'yPos': 0.2, 'marker': 4, 'thisN': 2, 'thisTrialN': 2, 'thisRepN': 0}>
6.4747 	EXP 	image: autoDraw = False
6.4747 	EXP 	image: autoDraw = False
6.4747 	EXP 	cross: image = 'kii6Jy-file-round-cross-svg-wikipedia.png'
6.9751 	EXP 	cross: autoDraw = True
7.9314 	DATA 	Mouse: Left button down, pos=(532,422)
7.9912 	EXP 	cross: autoDraw = False
7.9912 	EXP 	image: image = 'person.jpg'
8.0466 	DATA 	Mouse:  Left button up, pos=(532,422)
8.4431 	EXP 	image: autoDraw = True
9.4291 	EXP 	New trial (rep=0, index=3): <Trial 3 (3 in rep 0) data={'path': 'food.jpg', 'xPos': 0, 'yPos': 0.5, 'marker': 1, 'thisN': 3, 'thisTrialN': 3, 'thisRepN': 0}>
9.4423 	EXP 	image: autoDraw = False
9.4423 	EXP 	image: autoDraw = False
9.4423 	EXP 	cross: image = 'kii6Jy-file-round-cross-svg-wikipedia.png'
9.9419 	EXP 	cross: autoDraw = True
10.7966 	DATA 	Mouse: Left button down, pos=(393,589)
10.8588 	EXP 	cross: autoDraw = False
10.8588 	EXP 	image: image = 'food.jpg'
10.8956 	DATA 	Mouse:  Left button up, pos=(393,589)
11.3089 	EXP 	image: autoDraw = True
12.2965 	EXP 	New trial (rep=0, index=4): <Trial 4 (4 in rep 0) data={'path': 'furniture.jpg', 'xPos': 0.1, 'yPos': 0.4, 'marker': 2, 'thisN': 4, 'thisTrialN': 4, 'thisRepN': 0}>
12.3090 	EXP 	image: autoDraw = False
12.3090 	EXP 	image: autoDraw = False
12.3090 	EXP 	cross: image = 'kii6Jy-file-round-cross-svg-wikipedia.png'
12.8089 	EXP 	cross: autoDraw = True
13.5157 	DATA 	Mouse: Left button down, pos=(455,549)
13.5831 	DATA 	Mouse:  Left button up, pos=(455,549)
13.5921 	EXP 	cross: autoDraw = False
13.5921 	EXP 	image: image = 'furniture.jpg'
14.0262 	EXP 	image: autoDraw = True
15.0126 	EXP 	New trial (rep=0, index=5): <Trial 5 (5 in rep 0) data={'path': 'tool.jpg', 'xPos': 0.3, 'yPos': 0, 'marker': 6, 'thisN': 5, 'thisTrialN': 5, 'thisRepN': 0}>
15.0253 	EXP 	image: autoDraw = False
15.0253 	EXP 	image: autoDraw = False
15.0253 	EXP 	cross: image = 'kii6Jy-file-round-cross-svg-wikipedia.png'
15.5256 	EXP 	cross: autoDraw = True
16.4157 	DATA 	Mouse: Left button down, pos=(569,304)
16.4749 	EXP 	cross: autoDraw = False
16.4749 	EXP 	image: image = 'tool.jpg'
16.5320 	DATA 	Mouse:  Left button up, pos=(569,304)
16.9258 	EXP 	image: autoDraw = True
17.9135 	EXP 	New trial (rep=0, index=6): <Trial 6 (6 in rep 0) data={'path': 'building.jpg', 'xPos': -0.4, 'yPos': -0.3, 'marker': 9, 'thisN': 6, 'thisTrialN': 6, 'thisRepN': 0}>
17.9258 	EXP 	image: autoDraw = False
17.9258 	EXP 	image: autoDraw = False
17.9258 	EXP 	cross: image = 'kii6Jy-file-round-cross-svg-wikipedia.png'
18.4259 	EXP 	cross: autoDraw = True
19.0984 	DATA 	Mouse: Left button down, pos=(174,111)
19.1589 	EXP 	cross: autoDraw = False
19.1589 	EXP 	image: image = 'building.jpg'
19.1971 	DATA 	Mouse:  Left button up, pos=(174,111)
19.6095 	EXP 	image: autoDraw = True
20.5972 	EXP 	New trial (rep=0, index=7): <Trial 7 (7 in rep 0) data={'path': 'nature.jpg', 'xPos': -0.1, 'yPos': 0.3, 'marker': 3, 'thisN': 7, 'thisTrialN': 7, 'thisRepN': 0}>
20.6096 	EXP 	image: autoDraw = False
20.6096 	EXP 	image: autoDraw = False
20.6096 	EXP 	cross: image = 'kii6Jy-file-round-cross-svg-wikipedia.png'
21.1088 	EXP 	cross: autoDraw = True
22.0000 	DATA 	Mouse: Left button down, pos=(338,486)
22.0586 	EXP 	cross: autoDraw = False
22.0586 	EXP 	image: image = 'nature.jpg'
22.1120 	DATA 	Mouse:  Left button up, pos=(338,486)
22.5250 	EXP 	image: autoDraw = True
23.5132 	EXP 	New trial (rep=0, index=8): <Trial 8 (8 in rep 0) data={'path': 'animal.jpg', 'xPos': 0.4, 'yPos': -0.2, 'marker': 8, 'thisN': 8, 'thisTrialN': 8, 'thisRepN': 0}>
23.5262 	EXP 	image: autoDraw = False
23.5262 	EXP 	image: autoDraw = False
23.5262 	EXP 	cross: image = 'kii6Jy-file-round-cross-svg-wikipedia.png'
24.0257 	EXP 	cross: autoDraw = True
25.0490 	DATA 	Mouse: Left button down, pos=(647,178)
25.0919 	EXP 	cross: autoDraw = False
25.0919 	EXP 	image: image = 'animal.jpg'
25.1313 	DATA 	Mouse:  Left button up, pos=(647,178)
25.5588 	EXP 	image: autoDraw = True
26.5467 	EXP 	New trial (rep=0, index=9): <Trial 9 (9 in rep 0) data={'path': 'electronic.jpg', 'xPos': 0.5, 'yPos': -0.4, 'marker': 10, 'thisN': 9, 'thisTrialN': 9, 'thisRepN': 0}>
26.5596 	EXP 	image: autoDraw = False
26.5596 	EXP 	image: autoDraw = False
26.5596 	EXP 	cross: image = 'kii6Jy-file-round-cross-svg-wikipedia.png'
27.0599 	EXP 	cross: autoDraw = True
28.4813 	DATA 	Mouse: Left button down, pos=(709,64)
28.5252 	EXP 	cross: autoDraw = False
28.5252 	EXP 	image: image = 'electronic.jpg'
28.5796 	DATA 	Mouse:  Left button up, pos=(709,64)
28.9927 	EXP 	image: autoDraw = True
29.9921 	EXP 	image: autoDraw = False
29.9921 	EXP 	image: autoDraw = False
29.9953 	EXP 	untitled: status = STOPPED
30.0338 	INFO 	saved data to 'C:\\Users\\Sahaj Bindal\\OneDrive\\Desktop\\New folder\\data/268636_untitled_2025-05-22_08h46.32.032.csv'
30.0470 	INFO 	saved data to C:\Users\Sahaj Bindal\OneDrive\Desktop\New folder\data/268636_untitled_2025-05-22_08h46.32.032.psydat
30.5113 	DEBUG 	Saving data for untitled ExperimentHandler
