4.8623 	INFO 	Loaded monitor calibration from ['2025_05_16 08:37']
5.0393 	WARNING 	User requested fullscreen with size [1280  800], but screen is actually [1920, 1200]. Using actual size
6.9065 	EXP 	Created window1 = Window(allowGUI=True, allowStencil=False, autoLog=True, backendConf=UNKNOWN, backgroundFit=<method-wrapper '__getattribute__' of attributeSetter object at 0x0000017CA8591C30>, backgroundImage=<method-wrapper '__getattribute__' of attributeSetter object at 0x0000017CA8591BD0>, bitsMode=UNKNOWN, blendMode='avg', bpc=(8, 8, 8), color=array([0, 0, 0]), colorSpace='rgb', depthBits=8, fullscr=True, gamma=None, gammaErrorPolicy='raise', infoMsg=UNKNOWN, lms=UNKNOWN, monitor=<psychopy.monitors.calibTools.Monitor object at 0x0000017CA863B100>, multiSample=False, name='window1', numSamples=2, pos=[0.0, 0.0], screen=0, size=array([1920, 1200]), stencilBits=0, stereo=False, title='PsychoPy', units='height', useFBO=True, useRetina=False, viewOri=0.0, viewPos=None, viewScale=None, waitBlanking=True, winType='pyglet')
6.9066 	EXP 	window1: backgroundImage = ''
6.9066 	EXP 	window1: backgroundFit = 'none'
6.9862 	EXP 	window1: Attempting to measure frame rate of screen (0) ...
6.9862 	EXP 	window1: recordFrameIntervals = False
7.1242 	EXP 	window1: recordFrameIntervals = True
7.3080 	EXP 	Screen (0) actual frame rate measured at 59.88Hz
7.3081 	EXP 	window1: recordFrameIntervals = False
9.2485 	INFO 	keyboard.Keyboard is using iohub backend.
9.2485 	EXP 	untitled: status = STARTED
9.2594 	EXP 	Created cross = ImageStim(__class__=<class 'psychopy.visual.image.ImageStim'>, anchor=('center', 'center'), autoLog=True, color=array([1., 1., 1.]), colorSpace='rgb', contrast=1.0, depth=0.0, draggable=False, flipHoriz=False, flipVert=False, image='default.png', interpolate=True, mask=None, maskParams=None, name='cross', opacity=1, ori=0.0, pos=array([0., 0.]), size=array([0.1, 0.1]), texRes=128.0, units='height', win=Window(...))
9.2664 	EXP 	Created image = ImageStim(__class__=<class 'psychopy.visual.image.ImageStim'>, anchor=('center', 'center'), autoLog=True, color=array([1., 1., 1.]), colorSpace='rgb', contrast=1.0, depth=0.0, draggable=False, flipHoriz=False, flipVert=False, image='default.png', interpolate=True, mask=None, maskParams=None, name='image', opacity=1, ori=0.0, pos=array([0., 0.]), size=array([0.5, 0.5]), texRes=128.0, units='height', win=Window(...))
0.0165 	EXP 	Imported loopTemplate1.xlsx as conditions, 10 conditions, 3 params
0.0171 	EXP 	New trial (rep=0, index=0): <Trial 0 (0 in rep 0) data={'path': 'images\\building.jpg', 'xPos': -0.1, 'yPos': 0.4, 'thisN': 0, 'thisTrialN': 0, 'thisRepN': 0}>
0.0284 	EXP 	cross: image = 'kii6Jy-file-round-cross-svg-wikipedia.png'
0.5219 	EXP 	cross: autoDraw = True
1.7137 	DATA 	Mouse: Left button down, pos=(835,1082)
1.7550 	EXP 	cross: autoDraw = False
1.7550 	EXP 	image: image = 'images\\building.jpg'
1.7973 	DATA 	Mouse:  Left button up, pos=(835,1082)
2.2293 	EXP 	image: autoDraw = True
3.2143 	EXP 	New trial (rep=0, index=1): <Trial 1 (1 in rep 0) data={'path': 'images\\electronic.jpg', 'xPos': 0.1, 'yPos': 0.3, 'thisN': 1, 'thisTrialN': 1, 'thisRepN': 0}>
3.2292 	EXP 	image: autoDraw = False
3.2292 	EXP 	image: autoDraw = False
3.2292 	EXP 	cross: image = 'kii6Jy-file-round-cross-svg-wikipedia.png'
3.7286 	EXP 	cross: autoDraw = True
5.0137 	DATA 	Mouse: Left button down, pos=(1081,963)
5.0478 	EXP 	cross: autoDraw = False
5.0478 	EXP 	image: image = 'images\\electronic.jpg'
5.1318 	DATA 	Mouse:  Left button up, pos=(1081,963)
5.5297 	EXP 	image: autoDraw = True
6.5146 	EXP 	New trial (rep=0, index=2): <Trial 2 (2 in rep 0) data={'path': 'images\nature.jpg', 'xPos': 0.3, 'yPos': 0, 'thisN': 2, 'thisTrialN': 2, 'thisRepN': 0}>
6.5291 	EXP 	image: autoDraw = False
6.5291 	EXP 	image: autoDraw = False
6.5291 	EXP 	cross: image = 'kii6Jy-file-round-cross-svg-wikipedia.png'
7.0300 	EXP 	cross: autoDraw = True
8.6306 	DATA 	Mouse: Left button down, pos=(1311,604)
8.6332 	DEPRECATION 	Couldn't find image images
ature.jpg; check path? (tried: C:\Users\Sahaj Bindal\OneDrive\Desktop\New folder\images
ature.jpg)
10.3270 	INFO 	saved data to C:\Users\Sahaj Bindal\OneDrive\Desktop\New folder\data/355845_untitled_2025-05-18_11h01.18.289.psydat
10.3290 	INFO 	saved data to 'C:\\Users\\Sahaj Bindal\\OneDrive\\Desktop\\New folder\\data/355845_untitled_2025-05-18_11h01.18.289.csv'
