50.8075 	INFO 	Loaded monitor calibration from ['2025_05_16 08:37']
51.0206 	WARNING 	User requested fullscreen with size [1280  800], but screen is actually [1920, 1200]. Using actual size
53.6807 	EXP 	Created window1 = Window(allowGUI=True, allowStencil=False, autoLog=True, backendConf=UNKNOWN, backgroundFit=<method-wrapper '__getattribute__' of attributeSetter object at 0x000001C28F565DE0>, backgroundImage=<method-wrapper '__getattribute__' of attributeSetter object at 0x000001C28F565D80>, bitsMode=UNKNOWN, blendMode='avg', bpc=(8, 8, 8), color=array([0, 0, 0]), colorSpace='rgb', depthBits=8, fullscr=True, gamma=None, gammaErrorPolicy='raise', infoMsg=UNKNOWN, lms=UNKNOWN, monitor=<psychopy.monitors.calibTools.Monitor object at 0x000001C28F60B2B0>, multiSample=False, name='window1', numSamples=2, pos=[0.0, 0.0], screen=0, size=array([1920, 1200]), stencilBits=0, stereo=False, title='PsychoPy', units='height', useFBO=True, useRetina=False, viewOri=0.0, viewPos=None, viewScale=None, waitBlanking=True, winType='pyglet')
53.6809 	EXP 	window1: backgroundImage = ''
53.6810 	EXP 	window1: backgroundFit = 'none'
53.8104 	EXP 	window1: Attempting to measure frame rate of screen (0) ...
53.8105 	EXP 	window1: recordFrameIntervals = False
53.9441 	EXP 	window1: recordFrameIntervals = True
54.1276 	EXP 	Screen (0) actual frame rate measured at 60.05Hz
54.1276 	EXP 	window1: recordFrameIntervals = False
57.4342 	INFO 	keyboard.Keyboard is using iohub backend.
57.4342 	EXP 	untitled: status = STARTED
57.4476 	EXP 	Created image = ImageStim(__class__=<class 'psychopy.visual.image.ImageStim'>, anchor=('center', 'center'), autoLog=True, color=array([1., 1., 1.]), colorSpace='rgb', contrast=1.0, depth=0.0, draggable=False, flipHoriz=False, flipVert=False, image='default.png', interpolate=True, mask=None, maskParams=None, name='image', opacity=1, ori=0.0, pos=array([0., 0.]), size=array([0.5, 0.5]), texRes=128.0, units='height', win=Window(...))
57.4544 	EXP 	Created cross = ImageStim(__class__=<class 'psychopy.visual.image.ImageStim'>, anchor=('center', 'center'), autoLog=True, color=array([1., 1., 1.]), colorSpace='rgb', contrast=1.0, depth=0.0, draggable=False, flipHoriz=False, flipVert=False, image='default.png', interpolate=True, mask=None, maskParams=None, name='cross', opacity=1, ori=0.0, pos=array([0., 0.]), size=array([0.1, 0.1]), texRes=128.0, units='height', win=Window(...))
0.0526 	EXP 	Imported Book1.xlsx as conditions, 10 conditions, 3 params
0.0533 	EXP 	New trial (rep=0, index=0): <Trial 0 (0 in rep 0) data={'path': 'animal.jpg', 'xPos': 0.4, 'yPos': -0.2, 'thisN': 0, 'thisTrialN': 0, 'thisRepN': 0}>
0.0933 	EXP 	image: image = 'animal.jpg'
0.5127 	EXP 	image: autoDraw = True
1.5351 	EXP 	image: autoDraw = False
1.5351 	EXP 	cross: image = 'kii6Jy-file-round-cross-svg-wikipedia.png'
2.0047 	EXP 	cross: autoDraw = True
3.1720 	DATA 	Mouse: Left button down, pos=(1438,370)
3.1744 	EXP 	New trial (rep=0, index=1): <Trial 1 (1 in rep 0) data={'path': 'person.jpg', 'xPos': 0.2, 'yPos': 0.2, 'thisN': 1, 'thisTrialN': 1, 'thisRepN': 0}>
3.2320 	EXP 	cross: autoDraw = False
3.2320 	EXP 	image: image = 'person.jpg'
3.2736 	DATA 	Mouse:  Left button up, pos=(1438,370)
3.6882 	EXP 	image: autoDraw = True
4.6884 	EXP 	image: autoDraw = False
4.6884 	EXP 	image: autoDraw = False
4.6884 	EXP 	cross: image = 'kii6Jy-file-round-cross-svg-wikipedia.png'
5.1878 	EXP 	cross: autoDraw = True
6.1394 	DATA 	Mouse: Left button down, pos=(1202,855)
6.1417 	EXP 	New trial (rep=0, index=2): <Trial 2 (2 in rep 0) data={'path': 'food.jpg', 'xPos': 0, 'yPos': 0.5, 'thisN': 2, 'thisTrialN': 2, 'thisRepN': 0}>
6.2143 	EXP 	cross: autoDraw = False
6.2143 	EXP 	image: image = 'food.jpg'
6.2398 	DATA 	Mouse:  Left button up, pos=(1202,855)
6.6554 	EXP 	image: autoDraw = True
7.6550 	EXP 	image: autoDraw = False
7.6550 	EXP 	image: autoDraw = False
7.6550 	EXP 	cross: image = 'kii6Jy-file-round-cross-svg-wikipedia.png'
8.1546 	EXP 	cross: autoDraw = True
9.3403 	DATA 	Mouse: Left button down, pos=(960,1181)
9.3429 	EXP 	New trial (rep=0, index=3): <Trial 3 (3 in rep 0) data={'path': 'tool.jpg', 'xPos': 0.3, 'yPos': 0, 'thisN': 3, 'thisTrialN': 3, 'thisRepN': 0}>
9.4069 	EXP 	cross: autoDraw = False
9.4069 	EXP 	image: image = 'tool.jpg'
9.4564 	DATA 	Mouse:  Left button up, pos=(960,1181)
9.8553 	EXP 	image: autoDraw = True
10.8546 	EXP 	image: autoDraw = False
10.8546 	EXP 	image: autoDraw = False
10.8546 	EXP 	cross: image = 'kii6Jy-file-round-cross-svg-wikipedia.png'
11.3550 	EXP 	cross: autoDraw = True
12.2389 	DATA 	Mouse: Left button down, pos=(1305,619)
12.2406 	EXP 	New trial (rep=0, index=4): <Trial 4 (4 in rep 0) data={'path': 'nature.jpg', 'xPos': -0.1, 'yPos': 0.3, 'thisN': 4, 'thisTrialN': 4, 'thisRepN': 0}>
12.2895 	EXP 	cross: autoDraw = False
12.2895 	EXP 	image: image = 'nature.jpg'
12.3237 	DATA 	Mouse:  Left button up, pos=(1305,619)
12.7551 	EXP 	image: autoDraw = True
13.7545 	EXP 	image: autoDraw = False
13.7545 	EXP 	image: autoDraw = False
13.7545 	EXP 	cross: image = 'kii6Jy-file-round-cross-svg-wikipedia.png'
14.2548 	EXP 	cross: autoDraw = True
15.3393 	DATA 	Mouse: Left button down, pos=(837,960)
15.3414 	EXP 	New trial (rep=0, index=5): <Trial 5 (5 in rep 0) data={'path': 'building.jpg', 'xPos': -0.4, 'yPos': -0.3, 'thisN': 5, 'thisTrialN': 5, 'thisRepN': 0}>
15.3999 	EXP 	cross: autoDraw = False
15.3999 	EXP 	image: image = 'building.jpg'
15.4589 	DATA 	Mouse:  Left button up, pos=(837,957)
15.8555 	EXP 	image: autoDraw = True
16.8552 	EXP 	image: autoDraw = False
16.8552 	EXP 	image: autoDraw = False
16.8552 	EXP 	cross: image = 'kii6Jy-file-round-cross-svg-wikipedia.png'
17.3547 	EXP 	cross: autoDraw = True
18.5725 	DATA 	Mouse: Left button down, pos=(475,238)
18.5749 	EXP 	New trial (rep=0, index=6): <Trial 6 (6 in rep 0) data={'path': 'electronic.jpg', 'xPos': 0.5, 'yPos': -0.4, 'thisN': 6, 'thisTrialN': 6, 'thisRepN': 0}>
18.6214 	EXP 	cross: autoDraw = False
18.6214 	EXP 	image: image = 'electronic.jpg'
18.6249 	DATA 	Mouse:  Left button up, pos=(475,238)
19.0885 	EXP 	image: autoDraw = True
20.0886 	EXP 	image: autoDraw = False
20.0886 	EXP 	image: autoDraw = False
20.0886 	EXP 	cross: image = 'kii6Jy-file-round-cross-svg-wikipedia.png'
20.5886 	EXP 	cross: autoDraw = True
21.8576 	DATA 	Mouse: Left button down, pos=(1560,129)
21.8608 	EXP 	New trial (rep=0, index=7): <Trial 7 (7 in rep 0) data={'path': 'furniture.jpg', 'xPos': 0.1, 'yPos': 0.4, 'thisN': 7, 'thisTrialN': 7, 'thisRepN': 0}>
21.9157 	EXP 	cross: autoDraw = False
21.9157 	EXP 	image: image = 'furniture.jpg'
21.9562 	DATA 	Mouse:  Left button up, pos=(1560,129)
22.3723 	EXP 	image: autoDraw = True
23.3726 	EXP 	image: autoDraw = False
23.3726 	EXP 	image: autoDraw = False
23.3726 	EXP 	cross: image = 'kii6Jy-file-round-cross-svg-wikipedia.png'
23.8724 	EXP 	cross: autoDraw = True
25.1395 	DATA 	Mouse: Left button down, pos=(1082,1073)
25.1416 	EXP 	New trial (rep=0, index=8): <Trial 8 (8 in rep 0) data={'path': 'sport.jpg', 'xPos': -0.2, 'yPos': 0.1, 'thisN': 8, 'thisTrialN': 8, 'thisRepN': 0}>
25.1889 	EXP 	cross: autoDraw = False
25.1889 	EXP 	image: image = 'sport.jpg'
25.2432 	DATA 	Mouse:  Left button up, pos=(1082,1073)
25.6553 	EXP 	image: autoDraw = True
26.6550 	EXP 	image: autoDraw = False
26.6550 	EXP 	image: autoDraw = False
26.6550 	EXP 	cross: image = 'kii6Jy-file-round-cross-svg-wikipedia.png'
27.1552 	EXP 	cross: autoDraw = True
28.3561 	DATA 	Mouse: Left button down, pos=(721,724)
28.3589 	EXP 	New trial (rep=0, index=9): <Trial 9 (9 in rep 0) data={'path': 'vehicle.jpg', 'xPos': -0.3, 'yPos': -0.1, 'thisN': 9, 'thisTrialN': 9, 'thisRepN': 0}>
28.3983 	EXP 	cross: autoDraw = False
28.3983 	EXP 	image: image = 'vehicle.jpg'
28.4405 	DATA 	Mouse:  Left button up, pos=(721,724)
28.8726 	EXP 	image: autoDraw = True
29.8717 	EXP 	image: autoDraw = False
29.8717 	EXP 	image: autoDraw = False
29.8717 	EXP 	cross: image = 'kii6Jy-file-round-cross-svg-wikipedia.png'
30.3719 	EXP 	cross: autoDraw = True
31.5062 	DATA 	Mouse: Left button down, pos=(604,483)
31.5218 	EXP 	cross: autoDraw = False
31.5223 	EXP 	untitled: status = STOPPED
31.5286 	INFO 	saved data to 'C:\\Users\\Sahaj Bindal\\OneDrive\\Desktop\\New folder\\data/384559_untitled_2025-05-19_09h09.11.812.csv'
31.5311 	INFO 	saved data to C:\Users\Sahaj Bindal\OneDrive\Desktop\New folder\data/384559_untitled_2025-05-19_09h09.11.812.psydat
