61.2263 	DEBUG 	Fullscreen settings ignored as running in pilot mode.
61.2277 	INFO 	Loaded monitor calibration from ['2025_05_16 08:37']
62.1373 	EXP 	Created window1 = Window(allowGUI=True, allowStencil=False, autoLog=True, backendConf=UNKNOWN, backgroundFit=<method-wrapper '__getattribute__' of attributeSetter object at 0x00000141E78D87F0>, backgroundImage=<method-wrapper '__getattribute__' of attributeSetter object at 0x00000141E78D8790>, bitsMode=UNKNOWN, blendMode='avg', bpc=(8, 8, 8), color=array([0, 0, 0]), colorSpace='rgb', depthBits=8, fullscr=False, gamma=None, gammaErrorPolicy='raise', infoMsg=UNKNOWN, lms=UNKNOWN, monitor=<psychopy.monitors.calibTools.Monitor object at 0x00000141E797DD50>, multiSample=False, name='window1', numSamples=2, pos=[560.0, 300.0], screen=0, size=array([800, 600]), stencilBits=0, stereo=False, title='PsychoPy', units='height', useFBO=True, useRetina=False, viewOri=0.0, viewPos=None, viewScale=None, waitBlanking=True, winType='pyglet')
62.1374 	EXP 	window1: backgroundImage = ''
62.1374 	EXP 	window1: backgroundFit = 'none'
62.1596 	DEBUG 	TextBox2 loaded 1 chars with 0 blanks and 1 valid
62.1606 	DEBUG 	TextBox2 loaded 1 chars with 0 blanks and 1 valid
62.1615 	DEBUG 	TextBox2 loaded 1 chars with 0 blanks and 1 valid
62.1625 	DEBUG 	TextBox2 loaded 1 chars with 0 blanks and 1 valid
62.1635 	DEBUG 	TextBox2 loaded 1 chars with 0 blanks and 1 valid
62.1640 	DEBUG 	TextBox2 loaded 1 chars with 0 blanks and 1 valid
62.1647 	DEBUG 	TextBox2 loaded 1 chars with 0 blanks and 1 valid
62.1659 	DEBUG 	TextBox2 loaded 1 chars with 0 blanks and 1 valid
62.1663 	DEBUG 	TextBox2 loaded 1 chars with 0 blanks and 1 valid
62.1668 	DEBUG 	TextBox2 loaded 1 chars with 0 blanks and 1 valid
62.1677 	DEBUG 	TextBox2 loaded 1 chars with 0 blanks and 1 valid
62.1684 	DEBUG 	TextBox2 loaded 1 chars with 0 blanks and 1 valid
62.1691 	DEBUG 	TextBox2 loaded 1 chars with 0 blanks and 1 valid
62.1699 	DEBUG 	TextBox2 loaded 1 chars with 0 blanks and 1 valid
62.1707 	DEBUG 	TextBox2 loaded 1 chars with 0 blanks and 1 valid
62.1724 	DEBUG 	TextBox2 loaded 1 chars with 0 blanks and 1 valid
62.1737 	DEBUG 	TextBox2 loaded 1 chars with 0 blanks and 1 valid
62.1745 	DEBUG 	TextBox2 loaded 1 chars with 0 blanks and 1 valid
62.1752 	DEBUG 	TextBox2 loaded 1 chars with 0 blanks and 1 valid
62.1763 	DEBUG 	TextBox2 loaded 1 chars with 0 blanks and 1 valid
62.1768 	DEBUG 	TextBox2 loaded 1 chars with 0 blanks and 1 valid
62.1787 	DEBUG 	Uploading Texture Font fontname to graphics card
62.2038 	DEBUG 	Upload of Texture Font fontname complete
62.2127 	DEBUG 	TextBox2 loaded 1 chars with 0 blanks and 1 valid
62.2137 	DEBUG 	TextBox2 loaded 1 chars with 0 blanks and 1 valid
62.2146 	DEBUG 	TextBox2 loaded 1 chars with 0 blanks and 1 valid
62.2149 	DEBUG 	Uploading Texture Font fontname to graphics card
62.2351 	DEBUG 	Upload of Texture Font fontname complete
62.2381 	EXP 	window1: Attempting to measure frame rate of screen (0) ...
62.2381 	EXP 	window1: recordFrameIntervals = False
62.4232 	EXP 	window1: recordFrameIntervals = True
62.6250 	WARNING 	t of last frame was 21.32ms (=1/46)
63.0206 	EXP 	Screen (0) actual frame rate measured at 60.51Hz
63.0206 	EXP 	window1: recordFrameIntervals = False
63.0315 	DEBUG 	TextBox2 loaded 1 chars with 0 blanks and 1 valid
63.0324 	DEBUG 	TextBox2 loaded 1 chars with 0 blanks and 1 valid
63.0343 	DEBUG 	TextBox2 loaded 1 chars with 0 blanks and 1 valid
63.0370 	DEBUG 	TextBox2 loaded 1 chars with 0 blanks and 1 valid
63.0387 	DEBUG 	TextBox2 loaded 1 chars with 0 blanks and 1 valid
63.0404 	DEBUG 	TextBox2 loaded 1 chars with 0 blanks and 1 valid
63.0413 	DEBUG 	TextBox2 loaded 1 chars with 0 blanks and 1 valid
63.0426 	DEBUG 	TextBox2 loaded 1 chars with 0 blanks and 1 valid
63.0442 	DEBUG 	TextBox2 loaded 1 chars with 0 blanks and 1 valid
63.0454 	DEBUG 	TextBox2 loaded 1 chars with 0 blanks and 1 valid
63.0461 	DEBUG 	Uploading Texture Font fontname to graphics card
63.0471 	DEBUG 	Upload of Texture Font fontname complete
63.2137 	WARNING 	launchHubServer: If using the iohub mouse or eyetracker devices, fullScr should be True.
67.0709 	INFO 	keyboard.Keyboard is using iohub backend.
67.0710 	EXP 	untitled: status = STARTED
67.1624 	EXP 	Created cross = ImageStim(__class__=<class 'psychopy.visual.image.ImageStim'>, anchor=('center', 'center'), autoLog=True, color=array([1., 1., 1.]), colorSpace='rgb', contrast=1.0, depth=0.0, draggable=False, flipHoriz=False, flipVert=False, image='default.png', interpolate=True, mask=None, maskParams=None, name='cross', opacity=1, ori=0.0, pos=array([0., 0.]), size=array([0.1, 0.1]), texRes=128.0, units='height', win=Window(...))
67.1693 	EXP 	Created image = ImageStim(__class__=<class 'psychopy.visual.image.ImageStim'>, anchor=('center', 'center'), autoLog=True, color=array([1., 1., 1.]), colorSpace='rgb', contrast=1.0, depth=0.0, draggable=False, flipHoriz=False, flipVert=False, image='default.png', interpolate=True, mask=None, maskParams=None, name='image', opacity=1, ori=0.0, pos=array([0., 0.]), size=array([0.5, 0.5]), texRes=128.0, units='height', win=Window(...))
0.0685 	DEBUG 	Read excel file with openpyxl: Book1.xlsx
0.0697 	EXP 	Imported Book1.xlsx as conditions, 10 conditions, 4 params
0.0722 	EXP 	New trial (rep=0, index=0): <Trial 0 (0 in rep 0) data={'path': 'sport.jpg', 'xPos': -0.2, 'yPos': 0.1, 'marker': 5, 'thisN': 0, 'thisTrialN': 0, 'thisRepN': 0}>
0.0997 	EXP 	cross: image = 'kii6Jy-file-round-cross-svg-wikipedia.png'
0.5704 	EXP 	cross: autoDraw = True
7.9380 	DATA 	Mouse: Left button down, pos=(279,364)
7.9833 	EXP 	cross: autoDraw = False
7.9833 	EXP 	image: image = 'sport.jpg'
8.0725 	DATA 	Mouse:  Left button up, pos=(279,364)
8.4515 	EXP 	image: autoDraw = True
9.4389 	EXP 	New trial (rep=0, index=1): <Trial 1 (1 in rep 0) data={'path': 'furniture.jpg', 'xPos': 0.1, 'yPos': 0.4, 'marker': 2, 'thisN': 1, 'thisTrialN': 1, 'thisRepN': 0}>
9.4511 	EXP 	image: autoDraw = False
9.4511 	EXP 	image: autoDraw = False
9.4511 	EXP 	cross: image = 'kii6Jy-file-round-cross-svg-wikipedia.png'
9.9511 	EXP 	cross: autoDraw = True
11.6558 	DATA 	Mouse: Left button down, pos=(455,545)
11.7172 	EXP 	cross: autoDraw = False
11.7172 	EXP 	image: image = 'furniture.jpg'
11.7736 	DATA 	Mouse:  Left button up, pos=(455,545)
12.1684 	EXP 	image: autoDraw = True
13.1568 	EXP 	New trial (rep=0, index=2): <Trial 2 (2 in rep 0) data={'path': 'food.jpg', 'xPos': 0, 'yPos': 0.5, 'marker': 1, 'thisN': 2, 'thisTrialN': 2, 'thisRepN': 0}>
13.1693 	EXP 	image: autoDraw = False
13.1693 	EXP 	image: autoDraw = False
13.1693 	EXP 	cross: image = 'kii6Jy-file-round-cross-svg-wikipedia.png'
13.6680 	EXP 	cross: autoDraw = True
14.8076 	DATA 	Mouse: Left button down, pos=(384,579)
14.8841 	EXP 	cross: autoDraw = False
14.8841 	EXP 	image: image = 'food.jpg'
14.9229 	DATA 	Mouse:  Left button up, pos=(384,579)
15.3179 	EXP 	image: autoDraw = True
16.3062 	EXP 	New trial (rep=0, index=3): <Trial 3 (3 in rep 0) data={'path': 'tool.jpg', 'xPos': 0.3, 'yPos': 0, 'marker': 6, 'thisN': 3, 'thisTrialN': 3, 'thisRepN': 0}>
16.3325 	EXP 	image: autoDraw = False
16.3325 	EXP 	image: autoDraw = False
16.3325 	EXP 	cross: image = 'kii6Jy-file-round-cross-svg-wikipedia.png'
16.8176 	EXP 	cross: autoDraw = True
18.0896 	DATA 	Mouse: Left button down, pos=(584,298)
18.1507 	EXP 	cross: autoDraw = False
18.1507 	EXP 	image: image = 'tool.jpg'
18.2053 	DATA 	Mouse:  Left button up, pos=(584,298)
18.6015 	EXP 	image: autoDraw = True
19.5896 	EXP 	New trial (rep=0, index=4): <Trial 4 (4 in rep 0) data={'path': 'animal.jpg', 'xPos': 0.4, 'yPos': -0.2, 'marker': 8, 'thisN': 4, 'thisTrialN': 4, 'thisRepN': 0}>
19.6013 	EXP 	image: autoDraw = False
19.6013 	EXP 	image: autoDraw = False
19.6013 	EXP 	cross: image = 'kii6Jy-file-round-cross-svg-wikipedia.png'
20.1013 	EXP 	cross: autoDraw = True
21.6226 	DATA 	Mouse: Left button down, pos=(637,186)
21.6828 	EXP 	cross: autoDraw = False
21.6828 	EXP 	image: image = 'animal.jpg'
21.7575 	DATA 	Mouse:  Left button up, pos=(637,186)
22.1347 	EXP 	image: autoDraw = True
23.1231 	EXP 	New trial (rep=0, index=5): <Trial 5 (5 in rep 0) data={'path': 'nature.jpg', 'xPos': -0.1, 'yPos': 0.3, 'marker': 3, 'thisN': 5, 'thisTrialN': 5, 'thisRepN': 0}>
23.1349 	EXP 	image: autoDraw = False
23.1349 	EXP 	image: autoDraw = False
23.1349 	EXP 	cross: image = 'kii6Jy-file-round-cross-svg-wikipedia.png'
23.6344 	EXP 	cross: autoDraw = True
24.8232 	DATA 	Mouse: Left button down, pos=(344,480)
24.8837 	EXP 	cross: autoDraw = False
24.8837 	EXP 	image: image = 'nature.jpg'
24.9470 	DATA 	Mouse:  Left button up, pos=(344,480)
25.3350 	EXP 	image: autoDraw = True
26.3230 	EXP 	New trial (rep=0, index=6): <Trial 6 (6 in rep 0) data={'path': 'building.jpg', 'xPos': -0.4, 'yPos': -0.3, 'marker': 9, 'thisN': 6, 'thisTrialN': 6, 'thisRepN': 0}>
26.3350 	EXP 	image: autoDraw = False
26.3350 	EXP 	image: autoDraw = False
26.3350 	EXP 	cross: image = 'kii6Jy-file-round-cross-svg-wikipedia.png'
26.8349 	EXP 	cross: autoDraw = True
28.1237 	DATA 	Mouse: Left button down, pos=(161,123)
28.1837 	EXP 	cross: autoDraw = False
28.1837 	EXP 	image: image = 'building.jpg'
28.2571 	DATA 	Mouse:  Left button up, pos=(161,123)
28.6347 	EXP 	image: autoDraw = True
29.6228 	EXP 	New trial (rep=0, index=7): <Trial 7 (7 in rep 0) data={'path': 'person.jpg', 'xPos': 0.2, 'yPos': 0.2, 'marker': 4, 'thisN': 7, 'thisTrialN': 7, 'thisRepN': 0}>
29.6345 	EXP 	image: autoDraw = False
29.6345 	EXP 	image: autoDraw = False
29.6345 	EXP 	cross: image = 'kii6Jy-file-round-cross-svg-wikipedia.png'
30.1349 	EXP 	cross: autoDraw = True
31.3241 	DATA 	Mouse: Left button down, pos=(511,421)
31.3842 	EXP 	cross: autoDraw = False
31.3842 	EXP 	image: image = 'person.jpg'
31.4926 	DATA 	Mouse:  Left button up, pos=(511,421)
31.8351 	EXP 	image: autoDraw = True
32.8239 	EXP 	New trial (rep=0, index=8): <Trial 8 (8 in rep 0) data={'path': 'electronic.jpg', 'xPos': 0.5, 'yPos': -0.4, 'marker': 10, 'thisN': 8, 'thisTrialN': 8, 'thisRepN': 0}>
32.8509 	EXP 	image: autoDraw = False
32.8509 	EXP 	image: autoDraw = False
32.8509 	EXP 	cross: image = 'kii6Jy-file-round-cross-svg-wikipedia.png'
33.3348 	EXP 	cross: autoDraw = True
34.5393 	DATA 	Mouse: Left button down, pos=(696,65)
34.6010 	EXP 	cross: autoDraw = False
34.6010 	EXP 	image: image = 'electronic.jpg'
34.6398 	DATA 	Mouse:  Left button up, pos=(696,65)
35.0518 	EXP 	image: autoDraw = True
36.0416 	EXP 	New trial (rep=0, index=9): <Trial 9 (9 in rep 0) data={'path': 'vehicle.jpg', 'xPos': -0.3, 'yPos': -0.1, 'marker': 7, 'thisN': 9, 'thisTrialN': 9, 'thisRepN': 0}>
36.0671 	EXP 	image: autoDraw = False
36.0671 	EXP 	image: autoDraw = False
36.0671 	EXP 	cross: image = 'kii6Jy-file-round-cross-svg-wikipedia.png'
36.5513 	EXP 	cross: autoDraw = True
37.6071 	DATA 	Mouse: Left button down, pos=(228,242)
37.6499 	EXP 	cross: autoDraw = False
37.6499 	EXP 	image: image = 'vehicle.jpg'
37.7242 	DATA 	Mouse:  Left button up, pos=(228,242)
38.1184 	EXP 	image: autoDraw = True
39.1187 	EXP 	image: autoDraw = False
39.1187 	EXP 	image: autoDraw = False
39.1227 	EXP 	untitled: status = STOPPED
39.1632 	INFO 	saved data to 'C:\\Users\\Sahaj Bindal\\OneDrive\\Desktop\\New folder\\data/386246_untitled_2025-05-23_00h21.37.387.csv'
39.1660 	INFO 	saved data to C:\Users\Sahaj Bindal\OneDrive\Desktop\New folder\data/386246_untitled_2025-05-23_00h21.37.387.psydat
39.5350 	DEBUG 	Saving data for untitled ExperimentHandler
