5.9441 	DEBUG 	Fullscreen settings ignored as running in pilot mode.
5.9468 	INFO 	Loaded monitor calibration from ['2025_05_16 08:37']
6.1775 	EXP 	Created window1 = Window(allowGUI=True, allowStencil=False, autoLog=True, backendConf=UNKNOWN, backgroundFit=<method-wrapper '__getattribute__' of attributeSetter object at 0x000002B8C987D0C0>, backgroundImage=<method-wrapper '__getattribute__' of attributeSetter object at 0x000002B8C987D060>, bitsMode=UNKNOWN, blendMode='avg', bpc=(8, 8, 8), color=array([0, 0, 0]), colorSpace='rgb', depthBits=8, fullscr=False, gamma=None, gammaErrorPolicy='raise', infoMsg=UNKNOWN, lms=UNKNOWN, monitor=<psychopy.monitors.calibTools.Monitor object at 0x000002B8C993A950>, multiSample=False, name='window1', numSamples=2, pos=[560.0, 300.0], screen=0, size=array([800, 600]), stencilBits=0, stereo=False, title='PsychoPy', units='height', useFBO=True, useRetina=False, viewOri=0.0, viewPos=None, viewScale=None, waitBlanking=True, winType='pyglet')
6.1775 	EXP 	window1: backgroundImage = ''
6.1776 	EXP 	window1: backgroundFit = 'none'
6.1896 	DEBUG 	TextBox2 loaded 1 chars with 0 blanks and 1 valid
6.1905 	DEBUG 	TextBox2 loaded 1 chars with 0 blanks and 1 valid
6.1914 	DEBUG 	TextBox2 loaded 1 chars with 0 blanks and 1 valid
6.1926 	DEBUG 	TextBox2 loaded 1 chars with 0 blanks and 1 valid
6.1942 	DEBUG 	TextBox2 loaded 1 chars with 0 blanks and 1 valid
6.1947 	DEBUG 	TextBox2 loaded 1 chars with 0 blanks and 1 valid
6.1959 	DEBUG 	TextBox2 loaded 1 chars with 0 blanks and 1 valid
6.1971 	DEBUG 	TextBox2 loaded 1 chars with 0 blanks and 1 valid
6.1975 	DEBUG 	TextBox2 loaded 1 chars with 0 blanks and 1 valid
6.1979 	DEBUG 	TextBox2 loaded 1 chars with 0 blanks and 1 valid
6.1988 	DEBUG 	TextBox2 loaded 1 chars with 0 blanks and 1 valid
6.1996 	DEBUG 	TextBox2 loaded 1 chars with 0 blanks and 1 valid
6.2003 	DEBUG 	TextBox2 loaded 1 chars with 0 blanks and 1 valid
6.2010 	DEBUG 	TextBox2 loaded 1 chars with 0 blanks and 1 valid
6.2016 	DEBUG 	TextBox2 loaded 1 chars with 0 blanks and 1 valid
6.2024 	DEBUG 	TextBox2 loaded 1 chars with 0 blanks and 1 valid
6.2032 	DEBUG 	TextBox2 loaded 1 chars with 0 blanks and 1 valid
6.2037 	DEBUG 	TextBox2 loaded 1 chars with 0 blanks and 1 valid
6.2042 	DEBUG 	TextBox2 loaded 1 chars with 0 blanks and 1 valid
6.2051 	DEBUG 	TextBox2 loaded 1 chars with 0 blanks and 1 valid
6.2056 	DEBUG 	TextBox2 loaded 1 chars with 0 blanks and 1 valid
6.2060 	DEBUG 	Uploading Texture Font fontname to graphics card
6.2134 	DEBUG 	Upload of Texture Font fontname complete
6.2207 	DEBUG 	TextBox2 loaded 1 chars with 0 blanks and 1 valid
6.2218 	DEBUG 	TextBox2 loaded 1 chars with 0 blanks and 1 valid
6.2227 	DEBUG 	TextBox2 loaded 1 chars with 0 blanks and 1 valid
6.2229 	DEBUG 	Uploading Texture Font fontname to graphics card
6.2287 	DEBUG 	Upload of Texture Font fontname complete
6.2316 	EXP 	window1: Attempting to measure frame rate of screen (0) ...
6.2317 	EXP 	window1: recordFrameIntervals = False
6.3957 	EXP 	window1: recordFrameIntervals = True
6.5805 	EXP 	Screen (0) actual frame rate measured at 60.06Hz
6.5806 	EXP 	window1: recordFrameIntervals = False
6.5917 	DEBUG 	TextBox2 loaded 1 chars with 0 blanks and 1 valid
6.5937 	DEBUG 	TextBox2 loaded 1 chars with 0 blanks and 1 valid
6.5962 	DEBUG 	TextBox2 loaded 1 chars with 0 blanks and 1 valid
6.5980 	DEBUG 	TextBox2 loaded 1 chars with 0 blanks and 1 valid
6.5996 	DEBUG 	TextBox2 loaded 1 chars with 0 blanks and 1 valid
6.6012 	DEBUG 	TextBox2 loaded 1 chars with 0 blanks and 1 valid
6.6020 	DEBUG 	TextBox2 loaded 1 chars with 0 blanks and 1 valid
6.6033 	DEBUG 	TextBox2 loaded 1 chars with 0 blanks and 1 valid
6.6057 	DEBUG 	TextBox2 loaded 1 chars with 0 blanks and 1 valid
6.6087 	DEBUG 	TextBox2 loaded 1 chars with 0 blanks and 1 valid
6.6103 	DEBUG 	Uploading Texture Font fontname to graphics card
6.6111 	DEBUG 	Upload of Texture Font fontname complete
6.6238 	WARNING 	launchHubServer: If using the iohub mouse or eyetracker devices, fullScr should be True.
8.2416 	INFO 	keyboard.Keyboard is using iohub backend.
8.2416 	EXP 	untitled: status = STARTED
8.2770 	EXP 	Created cross = ImageStim(__class__=<class 'psychopy.visual.image.ImageStim'>, anchor=('center', 'center'), autoLog=True, color=array([1., 1., 1.]), colorSpace='rgb', contrast=1.0, depth=0.0, draggable=False, flipHoriz=False, flipVert=False, image='default.png', interpolate=True, mask=None, maskParams=None, name='cross', opacity=1, ori=0.0, pos=array([0., 0.]), size=array([0.1, 0.1]), texRes=128.0, units='height', win=Window(...))
8.2816 	EXP 	Created image = ImageStim(__class__=<class 'psychopy.visual.image.ImageStim'>, anchor=('center', 'center'), autoLog=True, color=array([1., 1., 1.]), colorSpace='rgb', contrast=1.0, depth=0.0, draggable=False, flipHoriz=False, flipVert=False, image='default.png', interpolate=True, mask=None, maskParams=None, name='image', opacity=1, ori=0.0, pos=array([0., 0.]), size=array([0.5, 0.5]), texRes=128.0, units='height', win=Window(...))
0.0246 	DEBUG 	Read excel file with openpyxl: Book1.xlsx
0.0251 	EXP 	Imported Book1.xlsx as conditions, 10 conditions, 3 params
0.0255 	EXP 	New trial (rep=0, index=0): <Trial 0 (0 in rep 0) data={'path': 'food.jpg', 'xPos': 0, 'yPos': 0.5, 'thisN': 0, 'thisTrialN': 0, 'thisRepN': 0}>
0.0463 	EXP 	cross: image = 'kii6Jy-file-round-cross-svg-wikipedia.png'
0.5479 	EXP 	cross: autoDraw = True
1.6033 	DATA 	Mouse: Left button down, pos=(382,578)
1.6636 	EXP 	cross: autoDraw = False
1.6636 	EXP 	image: image = 'food.jpg'
1.7365 	DATA 	Mouse:  Left button up, pos=(382,578)
2.1147 	EXP 	image: autoDraw = True
3.1028 	EXP 	New trial (rep=0, index=1): <Trial 1 (1 in rep 0) data={'path': 'furniture.jpg', 'xPos': 0.1, 'yPos': 0.4, 'thisN': 1, 'thisTrialN': 1, 'thisRepN': 0}>
3.1307 	EXP 	image: autoDraw = False
3.1307 	EXP 	image: autoDraw = False
3.1307 	EXP 	cross: image = 'kii6Jy-file-round-cross-svg-wikipedia.png'
3.6145 	EXP 	cross: autoDraw = True
4.5185 	DATA 	Mouse: Left button down, pos=(465,534)
4.5664 	EXP 	cross: autoDraw = False
4.5664 	EXP 	image: image = 'furniture.jpg'
4.6016 	DATA 	Mouse:  Left button up, pos=(465,534)
5.0319 	EXP 	image: autoDraw = True
6.0193 	EXP 	New trial (rep=0, index=2): <Trial 2 (2 in rep 0) data={'path': 'nature.jpg', 'xPos': -0.1, 'yPos': 0.3, 'thisN': 2, 'thisTrialN': 2, 'thisRepN': 0}>
6.0317 	EXP 	image: autoDraw = False
6.0317 	EXP 	image: autoDraw = False
6.0317 	EXP 	cross: image = 'kii6Jy-file-round-cross-svg-wikipedia.png'
6.5317 	EXP 	cross: autoDraw = True
7.1860 	DATA 	Mouse: Left button down, pos=(348,490)
7.2312 	EXP 	cross: autoDraw = False
7.2312 	EXP 	image: image = 'nature.jpg'
7.2707 	DATA 	Mouse:  Left button up, pos=(348,490)
7.6980 	EXP 	image: autoDraw = True
8.6864 	EXP 	New trial (rep=0, index=3): <Trial 3 (3 in rep 0) data={'path': 'person.jpg', 'xPos': 0.2, 'yPos': 0.2, 'thisN': 3, 'thisTrialN': 3, 'thisRepN': 0}>
8.6987 	EXP 	image: autoDraw = False
8.6987 	EXP 	image: autoDraw = False
8.6987 	EXP 	cross: image = 'kii6Jy-file-round-cross-svg-wikipedia.png'
9.1994 	EXP 	cross: autoDraw = True
10.0022 	DATA 	Mouse: Left button down, pos=(521,421)
10.0479 	EXP 	cross: autoDraw = False
10.0479 	EXP 	image: image = 'person.jpg'
10.0877 	DATA 	Mouse:  Left button up, pos=(521,421)
10.5147 	EXP 	image: autoDraw = True
11.5024 	EXP 	New trial (rep=0, index=4): <Trial 4 (4 in rep 0) data={'path': 'sport.jpg', 'xPos': -0.2, 'yPos': 0.1, 'thisN': 4, 'thisTrialN': 4, 'thisRepN': 0}>
11.5142 	EXP 	image: autoDraw = False
11.5142 	EXP 	image: autoDraw = False
11.5142 	EXP 	cross: image = 'kii6Jy-file-round-cross-svg-wikipedia.png'
12.0154 	EXP 	cross: autoDraw = True
12.7380 	DATA 	Mouse: Left button down, pos=(286,369)
12.7815 	EXP 	cross: autoDraw = False
12.7815 	EXP 	image: image = 'sport.jpg'
12.8360 	DATA 	Mouse:  Left button up, pos=(286,369)
13.2486 	EXP 	image: autoDraw = True
14.2363 	EXP 	New trial (rep=0, index=5): <Trial 5 (5 in rep 0) data={'path': 'tool.jpg', 'xPos': 0.3, 'yPos': 0, 'thisN': 5, 'thisTrialN': 5, 'thisRepN': 0}>
14.2478 	EXP 	image: autoDraw = False
14.2478 	EXP 	image: autoDraw = False
14.2478 	EXP 	cross: image = 'kii6Jy-file-round-cross-svg-wikipedia.png'
14.7495 	EXP 	cross: autoDraw = True
15.4701 	DATA 	Mouse: Left button down, pos=(591,299)
15.5144 	EXP 	cross: autoDraw = False
15.5144 	EXP 	image: image = 'tool.jpg'
15.5542 	DATA 	Mouse:  Left button up, pos=(591,301)
15.9821 	EXP 	image: autoDraw = True
16.9703 	EXP 	New trial (rep=0, index=6): <Trial 6 (6 in rep 0) data={'path': 'vehicle.jpg', 'xPos': -0.3, 'yPos': -0.1, 'thisN': 6, 'thisTrialN': 6, 'thisRepN': 0}>
16.9830 	EXP 	image: autoDraw = False
16.9830 	EXP 	image: autoDraw = False
16.9830 	EXP 	cross: image = 'kii6Jy-file-round-cross-svg-wikipedia.png'
17.4821 	EXP 	cross: autoDraw = True
18.1027 	DATA 	Mouse: Left button down, pos=(235,241)
18.1298 	EXP 	cross: autoDraw = False
18.1298 	EXP 	image: image = 'vehicle.jpg'
18.2050 	DATA 	Mouse:  Left button up, pos=(235,241)
18.6150 	EXP 	image: autoDraw = True
19.6030 	EXP 	New trial (rep=0, index=7): <Trial 7 (7 in rep 0) data={'path': 'animal.jpg', 'xPos': 0.4, 'yPos': -0.2, 'thisN': 7, 'thisTrialN': 7, 'thisRepN': 0}>
19.6148 	EXP 	image: autoDraw = False
19.6148 	EXP 	image: autoDraw = False
19.6148 	EXP 	cross: image = 'kii6Jy-file-round-cross-svg-wikipedia.png'
20.1154 	EXP 	cross: autoDraw = True
20.7702 	DATA 	Mouse: Left button down, pos=(627,184)
20.7971 	EXP 	cross: autoDraw = False
20.7971 	EXP 	image: image = 'animal.jpg'
20.8862 	DATA 	Mouse:  Left button up, pos=(627,184)
21.2817 	EXP 	image: autoDraw = True
22.2694 	EXP 	New trial (rep=0, index=8): <Trial 8 (8 in rep 0) data={'path': 'building.jpg', 'xPos': -0.4, 'yPos': -0.3, 'thisN': 8, 'thisTrialN': 8, 'thisRepN': 0}>
22.2818 	EXP 	image: autoDraw = False
22.2818 	EXP 	image: autoDraw = False
22.2818 	EXP 	cross: image = 'kii6Jy-file-round-cross-svg-wikipedia.png'
22.7819 	EXP 	cross: autoDraw = True
23.9687 	DATA 	Mouse: Left button down, pos=(158,128)
24.0147 	EXP 	cross: autoDraw = False
24.0147 	EXP 	image: image = 'building.jpg'
24.0706 	DATA 	Mouse:  Left button up, pos=(158,128)
24.4820 	EXP 	image: autoDraw = True
25.4700 	EXP 	New trial (rep=0, index=9): <Trial 9 (9 in rep 0) data={'path': 'electronic.jpg', 'xPos': 0.5, 'yPos': -0.4, 'thisN': 9, 'thisTrialN': 9, 'thisRepN': 0}>
25.4818 	EXP 	image: autoDraw = False
25.4818 	EXP 	image: autoDraw = False
25.4818 	EXP 	cross: image = 'kii6Jy-file-round-cross-svg-wikipedia.png'
25.9815 	EXP 	cross: autoDraw = True
27.0876 	DATA 	Mouse: Left button down, pos=(701,63)
27.1485 	EXP 	cross: autoDraw = False
27.1485 	EXP 	image: image = 'electronic.jpg'
27.2053 	DATA 	Mouse:  Left button up, pos=(701,63)
27.6154 	EXP 	image: autoDraw = True
28.6150 	EXP 	image: autoDraw = False
28.6150 	EXP 	image: autoDraw = False
28.6186 	EXP 	untitled: status = STOPPED
28.6512 	INFO 	saved data to 'C:\\Users\\Sahaj Bindal\\OneDrive\\Desktop\\DD GROUP 4\\data/398813_untitled_2025-05-26_19h53.41.896.csv'
28.6544 	INFO 	saved data to C:\Users\Sahaj Bindal\OneDrive\Desktop\DD GROUP 4\data/398813_untitled_2025-05-26_19h53.41.896.psydat
29.0849 	DEBUG 	Saving data for untitled ExperimentHandler
