4.8479 	INFO 	Loaded monitor calibration from ['2025_05_16 08:37']
5.0189 	WARNING 	User requested fullscreen with size [1280  800], but screen is actually [1920, 1200]. Using actual size
6.9025 	EXP 	Created window1 = Window(allowGUI=True, allowStencil=False, autoLog=True, backendConf=UNKNOWN, backgroundFit=<method-wrapper '__getattribute__' of attributeSetter object at 0x000001CFB5551C30>, backgroundImage=<method-wrapper '__getattribute__' of attributeSetter object at 0x000001CFB5551BD0>, bitsMode=UNKNOWN, blendMode='avg', bpc=(8, 8, 8), color=array([0, 0, 0]), colorSpace='rgb', depthBits=8, fullscr=True, gamma=None, gammaErrorPolicy='raise', infoMsg=UNKNOWN, lms=UNKNOWN, monitor=<psychopy.monitors.calibTools.Monitor object at 0x000001CFB55F7100>, multiSample=False, name='window1', numSamples=2, pos=[0.0, 0.0], screen=0, size=array([1920, 1200]), stencilBits=0, stereo=False, title='PsychoPy', units='height', useFBO=True, useRetina=False, viewOri=0.0, viewPos=None, viewScale=None, waitBlanking=True, winType='pyglet')
6.9026 	EXP 	window1: backgroundImage = ''
6.9026 	EXP 	window1: backgroundFit = 'none'
6.9845 	EXP 	window1: Attempting to measure frame rate of screen (0) ...
6.9845 	EXP 	window1: recordFrameIntervals = False
7.1130 	EXP 	window1: recordFrameIntervals = True
7.2962 	EXP 	Screen (0) actual frame rate measured at 59.96Hz
7.2963 	EXP 	window1: recordFrameIntervals = False
9.0528 	INFO 	keyboard.Keyboard is using iohub backend.
9.0528 	EXP 	untitled: status = STARTED
9.0630 	EXP 	Created image = ImageStim(__class__=<class 'psychopy.visual.image.ImageStim'>, anchor=('center', 'center'), autoLog=True, color=array([1., 1., 1.]), colorSpace='rgb', contrast=1.0, depth=0.0, draggable=False, flipHoriz=False, flipVert=False, image='default.png', interpolate=True, mask=None, maskParams=None, name='image', opacity=1, ori=0.0, pos=array([0., 0.]), size=array([0.5, 0.5]), texRes=128.0, units='height', win=Window(...))
9.0692 	EXP 	Created cross = ImageStim(__class__=<class 'psychopy.visual.image.ImageStim'>, anchor=('center', 'center'), autoLog=True, color=array([1., 1., 1.]), colorSpace='rgb', contrast=1.0, depth=0.0, draggable=False, flipHoriz=False, flipVert=False, image='default.png', interpolate=True, mask=None, maskParams=None, name='cross', opacity=1, ori=0.0, pos=array([0., 0.]), size=array([0.1, 0.1]), texRes=128.0, units='height', win=Window(...))
0.0162 	EXP 	Imported loopTemplate1.xlsx as conditions, 10 conditions, 3 params
0.0168 	EXP 	New trial (rep=0, index=0): <Trial 0 (0 in rep 0) data={'path': 'images\\tool.jpg', 'xPos': -0.4, 'yPos': -0.3, 'thisN': 0, 'thisTrialN': 0, 'thisRepN': 0}>
0.0443 	EXP 	image: image = 'images\\tool.jpg'
0.5198 	EXP 	image: autoDraw = True
1.5283 	EXP 	image: autoDraw = False
1.5283 	EXP 	cross: image = 'kii6Jy-file-round-cross-svg-wikipedia.png'
2.0111 	EXP 	cross: autoDraw = True
2.8949 	DATA 	Mouse: Left button down, pos=(462,240)
2.8968 	EXP 	New trial (rep=0, index=1): <Trial 1 (1 in rep 0) data={'path': 'images\\furniture.jpg', 'xPos': 0.2, 'yPos': 0.1, 'thisN': 1, 'thisTrialN': 1, 'thisRepN': 0}>
2.9306 	EXP 	cross: autoDraw = False
2.9306 	EXP 	image: image = 'images\\furniture.jpg'
2.9973 	DATA 	Mouse:  Left button up, pos=(462,240)
3.4112 	EXP 	image: autoDraw = True
4.4110 	EXP 	image: autoDraw = False
4.4110 	EXP 	image: autoDraw = False
4.4110 	EXP 	cross: image = 'kii6Jy-file-round-cross-svg-wikipedia.png'
4.9114 	EXP 	cross: autoDraw = True
5.5137 	DATA 	Mouse: Left button down, pos=(1205,763)
5.5308 	EXP 	New trial (rep=0, index=2): <Trial 2 (2 in rep 0) data={'path': 'images\nature.jpg', 'xPos': 0.3, 'yPos': 0, 'thisN': 2, 'thisTrialN': 2, 'thisRepN': 0}>
5.5315 	DEPRECATION 	Couldn't find image images
ature.jpg; check path? (tried: C:\Users\Sahaj Bindal\OneDrive\Desktop\New folder\images
ature.jpg)
7.1847 	INFO 	saved data to C:\Users\Sahaj Bindal\OneDrive\Desktop\New folder\data/407515_untitled_2025-05-18_10h52.14.818.psydat
7.1866 	INFO 	saved data to 'C:\\Users\\Sahaj Bindal\\OneDrive\\Desktop\\New folder\\data/407515_untitled_2025-05-18_10h52.14.818.csv'
