4.5730 	DEBUG 	Fullscreen settings ignored as running in pilot mode.
4.5736 	INFO 	Loaded monitor calibration from ['2025_05_16 08:37']
5.2742 	EXP 	Created window1 = Window(allowGUI=True, allowStencil=False, autoLog=True, backendConf=UNKNOWN, backgroundFit=<method-wrapper '__getattribute__' of attributeSetter object at 0x00000299CD618400>, backgroundImage=<method-wrapper '__getattribute__' of attributeSetter object at 0x00000299CD6183A0>, bitsMode=UNKNOWN, blendMode='avg', bpc=(8, 8, 8), color=array([0, 0, 0]), colorSpace='rgb', depthBits=8, fullscr=False, gamma=None, gammaErrorPolicy='raise', infoMsg=UNKNOWN, lms=UNKNOWN, monitor=<psychopy.monitors.calibTools.Monitor object at 0x00000299CD6BD900>, multiSample=False, name='window1', numSamples=2, pos=[560.0, 300.0], screen=0, size=array([800, 600]), stencilBits=0, stereo=False, title='PsychoPy', units='height', useFBO=True, useRetina=False, viewOri=0.0, viewPos=None, viewScale=None, waitBlanking=True, winType='pyglet')
5.2743 	EXP 	window1: backgroundImage = ''
5.2743 	EXP 	window1: backgroundFit = 'none'
5.2894 	DEBUG 	TextBox2 loaded 1 chars with 0 blanks and 1 valid
5.2900 	DEBUG 	TextBox2 loaded 1 chars with 0 blanks and 1 valid
5.2905 	DEBUG 	TextBox2 loaded 1 chars with 0 blanks and 1 valid
5.2912 	DEBUG 	TextBox2 loaded 1 chars with 0 blanks and 1 valid
5.2919 	DEBUG 	TextBox2 loaded 1 chars with 0 blanks and 1 valid
5.2923 	DEBUG 	TextBox2 loaded 1 chars with 0 blanks and 1 valid
5.2928 	DEBUG 	TextBox2 loaded 1 chars with 0 blanks and 1 valid
5.2935 	DEBUG 	TextBox2 loaded 1 chars with 0 blanks and 1 valid
5.2937 	DEBUG 	TextBox2 loaded 1 chars with 0 blanks and 1 valid
5.2940 	DEBUG 	TextBox2 loaded 1 chars with 0 blanks and 1 valid
5.2945 	DEBUG 	TextBox2 loaded 1 chars with 0 blanks and 1 valid
5.2951 	DEBUG 	TextBox2 loaded 1 chars with 0 blanks and 1 valid
5.2956 	DEBUG 	TextBox2 loaded 1 chars with 0 blanks and 1 valid
5.2961 	DEBUG 	TextBox2 loaded 1 chars with 0 blanks and 1 valid
5.2965 	DEBUG 	TextBox2 loaded 1 chars with 0 blanks and 1 valid
5.2971 	DEBUG 	TextBox2 loaded 1 chars with 0 blanks and 1 valid
5.2976 	DEBUG 	TextBox2 loaded 1 chars with 0 blanks and 1 valid
5.2980 	DEBUG 	TextBox2 loaded 1 chars with 0 blanks and 1 valid
5.2983 	DEBUG 	TextBox2 loaded 1 chars with 0 blanks and 1 valid
5.2990 	DEBUG 	TextBox2 loaded 1 chars with 0 blanks and 1 valid
5.2993 	DEBUG 	TextBox2 loaded 1 chars with 0 blanks and 1 valid
5.3016 	DEBUG 	Uploading Texture Font fontname to graphics card
5.3202 	DEBUG 	Upload of Texture Font fontname complete
5.3252 	DEBUG 	TextBox2 loaded 1 chars with 0 blanks and 1 valid
5.3260 	DEBUG 	TextBox2 loaded 1 chars with 0 blanks and 1 valid
5.3266 	DEBUG 	TextBox2 loaded 1 chars with 0 blanks and 1 valid
5.3268 	DEBUG 	Uploading Texture Font fontname to graphics card
5.3298 	DEBUG 	Upload of Texture Font fontname complete
5.3312 	EXP 	window1: Attempting to measure frame rate of screen (0) ...
5.3312 	EXP 	window1: recordFrameIntervals = False
5.5035 	EXP 	window1: recordFrameIntervals = True
5.6869 	EXP 	Screen (0) actual frame rate measured at 60.09Hz
5.6869 	EXP 	window1: recordFrameIntervals = False
5.6913 	DEBUG 	TextBox2 loaded 1 chars with 0 blanks and 1 valid
5.6916 	DEBUG 	TextBox2 loaded 1 chars with 0 blanks and 1 valid
5.6922 	DEBUG 	TextBox2 loaded 1 chars with 0 blanks and 1 valid
5.6929 	DEBUG 	TextBox2 loaded 1 chars with 0 blanks and 1 valid
5.6936 	DEBUG 	TextBox2 loaded 1 chars with 0 blanks and 1 valid
5.6943 	DEBUG 	TextBox2 loaded 1 chars with 0 blanks and 1 valid
5.6946 	DEBUG 	TextBox2 loaded 1 chars with 0 blanks and 1 valid
5.6952 	DEBUG 	TextBox2 loaded 1 chars with 0 blanks and 1 valid
5.6959 	DEBUG 	TextBox2 loaded 1 chars with 0 blanks and 1 valid
5.6965 	DEBUG 	TextBox2 loaded 1 chars with 0 blanks and 1 valid
5.6967 	DEBUG 	Uploading Texture Font fontname to graphics card
5.6971 	DEBUG 	Upload of Texture Font fontname complete
5.7344 	WARNING 	launchHubServer: If using the iohub mouse or eyetracker devices, fullScr should be True.
7.5083 	INFO 	keyboard.Keyboard is using iohub backend.
7.5083 	EXP 	untitled: status = STARTED
7.5537 	EXP 	Created cross = ImageStim(__class__=<class 'psychopy.visual.image.ImageStim'>, anchor=('center', 'center'), autoLog=True, color=array([1., 1., 1.]), colorSpace='rgb', contrast=1.0, depth=0.0, draggable=False, flipHoriz=False, flipVert=False, image='default.png', interpolate=True, mask=None, maskParams=None, name='cross', opacity=1, ori=0.0, pos=array([0., 0.]), size=array([0.1, 0.1]), texRes=128.0, units='height', win=Window(...))
7.5561 	EXP 	Created image = ImageStim(__class__=<class 'psychopy.visual.image.ImageStim'>, anchor=('center', 'center'), autoLog=True, color=array([1., 1., 1.]), colorSpace='rgb', contrast=1.0, depth=0.0, draggable=False, flipHoriz=False, flipVert=False, image='default.png', interpolate=True, mask=None, maskParams=None, name='image', opacity=1, ori=0.0, pos=array([0., 0.]), size=array([0.5, 0.5]), texRes=128.0, units='height', win=Window(...))
0.0373 	DEBUG 	Read excel file with openpyxl: Book1.xlsx
0.0377 	EXP 	Imported Book1.xlsx as conditions, 10 conditions, 4 params
0.0385 	EXP 	New trial (rep=0, index=0): <Trial 0 (0 in rep 0) data={'path': 'tool.jpg', 'xPos': 0.3, 'yPos': 0, 'marker': 6, 'thisN': 0, 'thisTrialN': 0, 'thisRepN': 0}>
0.0639 	EXP 	cross: image = 'kii6Jy-file-round-cross-svg-wikipedia.png'
0.5477 	EXP 	cross: autoDraw = True
1.9321 	DATA 	Mouse: Left button down, pos=(584,303)
1.9642 	EXP 	cross: autoDraw = False
1.9642 	EXP 	image: image = 'tool.jpg'
2.0496 	DATA 	Mouse:  Left button up, pos=(584,303)
2.4483 	EXP 	image: autoDraw = True
3.4332 	EXP 	New trial (rep=0, index=1): <Trial 1 (1 in rep 0) data={'path': 'nature.jpg', 'xPos': -0.1, 'yPos': 0.3, 'marker': 3, 'thisN': 1, 'thisTrialN': 1, 'thisRepN': 0}>
3.4474 	EXP 	image: autoDraw = False
3.4474 	EXP 	image: autoDraw = False
3.4474 	EXP 	cross: image = 'kii6Jy-file-round-cross-svg-wikipedia.png'
3.9472 	EXP 	cross: autoDraw = True
4.8489 	DATA 	Mouse: Left button down, pos=(339,475)
4.8807 	EXP 	cross: autoDraw = False
4.8807 	EXP 	image: image = 'nature.jpg'
4.9660 	DATA 	Mouse:  Left button up, pos=(339,475)
5.3642 	EXP 	image: autoDraw = True
6.3503 	EXP 	New trial (rep=0, index=2): <Trial 2 (2 in rep 0) data={'path': 'building.jpg', 'xPos': -0.4, 'yPos': -0.3, 'marker': 9, 'thisN': 2, 'thisTrialN': 2, 'thisRepN': 0}>
6.3641 	EXP 	image: autoDraw = False
6.3641 	EXP 	cross: image = 'kii6Jy-file-round-cross-svg-wikipedia.png'
6.8652 	EXP 	cross: autoDraw = True
8.1352 	DATA 	Mouse: Left button down, pos=(164,125)
8.2143 	EXP 	cross: autoDraw = False
8.2143 	EXP 	image: image = 'building.jpg'
8.2519 	DATA 	Mouse:  Left button up, pos=(164,125)
8.6489 	EXP 	image: autoDraw = True
9.6355 	EXP 	New trial (rep=0, index=3): <Trial 3 (3 in rep 0) data={'path': 'furniture.jpg', 'xPos': 0.1, 'yPos': 0.4, 'marker': 2, 'thisN': 3, 'thisTrialN': 3, 'thisRepN': 0}>
9.6473 	EXP 	image: autoDraw = False
9.6473 	EXP 	image: autoDraw = False
9.6473 	EXP 	cross: image = 'kii6Jy-file-round-cross-svg-wikipedia.png'
10.1482 	EXP 	cross: autoDraw = True
11.2703 	DATA 	Mouse: Left button down, pos=(467,538)
11.3318 	EXP 	cross: autoDraw = False
11.3318 	EXP 	image: image = 'furniture.jpg'
11.4028 	DATA 	Mouse:  Left button up, pos=(467,538)
11.7821 	EXP 	image: autoDraw = True
12.7699 	EXP 	New trial (rep=0, index=4): <Trial 4 (4 in rep 0) data={'path': 'vehicle.jpg', 'xPos': -0.3, 'yPos': -0.1, 'marker': 7, 'thisN': 4, 'thisTrialN': 4, 'thisRepN': 0}>
12.7819 	EXP 	image: autoDraw = False
12.7819 	EXP 	image: autoDraw = False
12.7819 	EXP 	cross: image = 'kii6Jy-file-round-cross-svg-wikipedia.png'
13.2820 	EXP 	cross: autoDraw = True
14.3044 	DATA 	Mouse: Left button down, pos=(217,242)
14.3641 	EXP 	cross: autoDraw = False
14.3641 	EXP 	image: image = 'vehicle.jpg'
14.3878 	DATA 	Mouse:  Left button up, pos=(217,242)
14.8149 	EXP 	image: autoDraw = True
15.8031 	EXP 	New trial (rep=0, index=5): <Trial 5 (5 in rep 0) data={'path': 'food.jpg', 'xPos': 0, 'yPos': 0.5, 'marker': 1, 'thisN': 5, 'thisTrialN': 5, 'thisRepN': 0}>
15.8153 	EXP 	image: autoDraw = False
15.8153 	EXP 	image: autoDraw = False
15.8153 	EXP 	cross: image = 'kii6Jy-file-round-cross-svg-wikipedia.png'
16.3150 	EXP 	cross: autoDraw = True
17.6364 	DATA 	Mouse: Left button down, pos=(415,572)
17.6979 	EXP 	cross: autoDraw = False
17.6979 	EXP 	image: image = 'food.jpg'
17.7367 	DATA 	Mouse:  Left button up, pos=(415,572)
18.1487 	EXP 	image: autoDraw = True
19.1365 	EXP 	New trial (rep=0, index=6): <Trial 6 (6 in rep 0) data={'path': 'electronic.jpg', 'xPos': 0.5, 'yPos': -0.4, 'marker': 10, 'thisN': 6, 'thisTrialN': 6, 'thisRepN': 0}>
19.1484 	EXP 	image: autoDraw = False
19.1484 	EXP 	image: autoDraw = False
19.1484 	EXP 	cross: image = 'kii6Jy-file-round-cross-svg-wikipedia.png'
19.6491 	EXP 	cross: autoDraw = True
20.6862 	DATA 	Mouse: Left button down, pos=(706,68)
20.7489 	EXP 	cross: autoDraw = False
20.7489 	EXP 	image: image = 'electronic.jpg'
20.8203 	DATA 	Mouse:  Left button up, pos=(706,68)
21.1995 	EXP 	image: autoDraw = True
22.2026 	EXP 	New trial (rep=0, index=7): <Trial 7 (7 in rep 0) data={'path': 'animal.jpg', 'xPos': 0.4, 'yPos': -0.2, 'marker': 8, 'thisN': 7, 'thisTrialN': 7, 'thisRepN': 0}>
22.2150 	EXP 	image: autoDraw = False
22.2150 	EXP 	cross: image = 'kii6Jy-file-round-cross-svg-wikipedia.png'
22.6991 	EXP 	cross: autoDraw = True
23.7529 	DATA 	Mouse: Left button down, pos=(643,184)
23.8151 	EXP 	cross: autoDraw = False
23.8151 	EXP 	image: image = 'animal.jpg'
23.8881 	DATA 	Mouse:  Left button up, pos=(643,184)
24.2660 	EXP 	image: autoDraw = True
25.2535 	EXP 	New trial (rep=0, index=8): <Trial 8 (8 in rep 0) data={'path': 'person.jpg', 'xPos': 0.2, 'yPos': 0.2, 'marker': 4, 'thisN': 8, 'thisTrialN': 8, 'thisRepN': 0}>
25.2653 	EXP 	image: autoDraw = False
25.2653 	EXP 	image: autoDraw = False
25.2653 	EXP 	cross: image = 'kii6Jy-file-round-cross-svg-wikipedia.png'
25.7652 	EXP 	cross: autoDraw = True
26.9358 	DATA 	Mouse: Left button down, pos=(527,425)
26.9986 	EXP 	cross: autoDraw = False
26.9986 	EXP 	image: image = 'person.jpg'
27.0712 	DATA 	Mouse:  Left button up, pos=(527,425)
27.4491 	EXP 	image: autoDraw = True
28.4373 	EXP 	New trial (rep=0, index=9): <Trial 9 (9 in rep 0) data={'path': 'sport.jpg', 'xPos': -0.2, 'yPos': 0.1, 'marker': 5, 'thisN': 9, 'thisTrialN': 9, 'thisRepN': 0}>
28.4484 	EXP 	image: autoDraw = False
28.4484 	EXP 	image: autoDraw = False
28.4484 	EXP 	cross: image = 'kii6Jy-file-round-cross-svg-wikipedia.png'
28.9493 	EXP 	cross: autoDraw = True
29.8358 	DATA 	Mouse: Left button down, pos=(280,357)
29.8988 	EXP 	cross: autoDraw = False
29.8988 	EXP 	image: image = 'sport.jpg'
29.9370 	DATA 	Mouse:  Left button up, pos=(280,357)
30.3489 	EXP 	image: autoDraw = True
31.3493 	EXP 	image: autoDraw = False
31.3493 	EXP 	image: autoDraw = False
31.3529 	EXP 	untitled: status = STOPPED
31.3864 	INFO 	saved data to 'C:\\Users\\Sahaj Bindal\\OneDrive\\Desktop\\New folder\\data/460323_untitled_2025-05-22_21h14.28.613.csv'
31.3933 	INFO 	saved data to C:\Users\Sahaj Bindal\OneDrive\Desktop\New folder\data/460323_untitled_2025-05-22_21h14.28.613.psydat
32.0209 	DEBUG 	Saving data for untitled ExperimentHandler
