8.6355 	DEBUG 	Fullscreen settings ignored as running in pilot mode.
8.6369 	INFO 	Loaded monitor calibration from ['2025_05_16 08:37']
8.9130 	EXP 	Created window1 = Window(allowGUI=True, allowStencil=False, autoLog=True, backendConf=UNKNOWN, backgroundFit=<method-wrapper '__getattribute__' of attributeSetter object at 0x000001FE70B51E40>, backgroundImage=<method-wrapper '__getattribute__' of attributeSetter object at 0x000001FE70B51DE0>, bitsMode=UNKNOWN, blendMode='avg', bpc=(8, 8, 8), color=array([0, 0, 0]), colorSpace='rgb', depthBits=8, fullscr=False, gamma=None, gammaErrorPolicy='raise', infoMsg=UNKNOWN, lms=UNKNOWN, monitor=<psychopy.monitors.calibTools.Monitor object at 0x000001FE70BFB340>, multiSample=False, name='window1', numSamples=2, pos=[560.0, 300.0], screen=0, size=array([800, 600]), stencilBits=0, stereo=False, title='PsychoPy', units='height', useFBO=True, useRetina=False, viewOri=0.0, viewPos=None, viewScale=None, waitBlanking=True, winType='pyglet')
8.9130 	EXP 	window1: backgroundImage = ''
8.9130 	EXP 	window1: backgroundFit = 'none'
8.9214 	DEBUG 	TextBox2 loaded 1 chars with 0 blanks and 1 valid
8.9224 	DEBUG 	TextBox2 loaded 1 chars with 0 blanks and 1 valid
8.9232 	DEBUG 	TextBox2 loaded 1 chars with 0 blanks and 1 valid
8.9244 	DEBUG 	TextBox2 loaded 1 chars with 0 blanks and 1 valid
8.9257 	DEBUG 	TextBox2 loaded 1 chars with 0 blanks and 1 valid
8.9265 	DEBUG 	TextBox2 loaded 1 chars with 0 blanks and 1 valid
8.9273 	DEBUG 	TextBox2 loaded 1 chars with 0 blanks and 1 valid
8.9284 	DEBUG 	TextBox2 loaded 1 chars with 0 blanks and 1 valid
8.9288 	DEBUG 	TextBox2 loaded 1 chars with 0 blanks and 1 valid
8.9291 	DEBUG 	TextBox2 loaded 1 chars with 0 blanks and 1 valid
8.9299 	DEBUG 	TextBox2 loaded 1 chars with 0 blanks and 1 valid
8.9307 	DEBUG 	TextBox2 loaded 1 chars with 0 blanks and 1 valid
8.9314 	DEBUG 	TextBox2 loaded 1 chars with 0 blanks and 1 valid
8.9321 	DEBUG 	TextBox2 loaded 1 chars with 0 blanks and 1 valid
8.9327 	DEBUG 	TextBox2 loaded 1 chars with 0 blanks and 1 valid
8.9335 	DEBUG 	TextBox2 loaded 1 chars with 0 blanks and 1 valid
8.9342 	DEBUG 	TextBox2 loaded 1 chars with 0 blanks and 1 valid
8.9347 	DEBUG 	TextBox2 loaded 1 chars with 0 blanks and 1 valid
8.9352 	DEBUG 	TextBox2 loaded 1 chars with 0 blanks and 1 valid
8.9362 	DEBUG 	TextBox2 loaded 1 chars with 0 blanks and 1 valid
8.9367 	DEBUG 	TextBox2 loaded 1 chars with 0 blanks and 1 valid
8.9370 	DEBUG 	Uploading Texture Font fontname to graphics card
8.9500 	DEBUG 	Upload of Texture Font fontname complete
8.9567 	DEBUG 	TextBox2 loaded 1 chars with 0 blanks and 1 valid
8.9583 	DEBUG 	TextBox2 loaded 1 chars with 0 blanks and 1 valid
8.9602 	DEBUG 	TextBox2 loaded 1 chars with 0 blanks and 1 valid
8.9607 	DEBUG 	Uploading Texture Font fontname to graphics card
8.9773 	DEBUG 	Upload of Texture Font fontname complete
8.9804 	EXP 	window1: Attempting to measure frame rate of screen (0) ...
8.9805 	EXP 	window1: recordFrameIntervals = False
9.1441 	EXP 	window1: recordFrameIntervals = True
9.3447 	EXP 	Screen (0) actual frame rate measured at 59.93Hz
9.3447 	EXP 	window1: recordFrameIntervals = False
9.3546 	DEBUG 	TextBox2 loaded 1 chars with 0 blanks and 1 valid
9.3554 	DEBUG 	TextBox2 loaded 1 chars with 0 blanks and 1 valid
9.3566 	DEBUG 	TextBox2 loaded 1 chars with 0 blanks and 1 valid
9.3582 	DEBUG 	TextBox2 loaded 1 chars with 0 blanks and 1 valid
9.3597 	DEBUG 	TextBox2 loaded 1 chars with 0 blanks and 1 valid
9.3614 	DEBUG 	TextBox2 loaded 1 chars with 0 blanks and 1 valid
9.3627 	DEBUG 	TextBox2 loaded 1 chars with 0 blanks and 1 valid
9.3639 	DEBUG 	TextBox2 loaded 1 chars with 0 blanks and 1 valid
9.3652 	DEBUG 	TextBox2 loaded 1 chars with 0 blanks and 1 valid
9.3666 	DEBUG 	TextBox2 loaded 1 chars with 0 blanks and 1 valid
9.3670 	DEBUG 	Uploading Texture Font fontname to graphics card
9.3676 	DEBUG 	Upload of Texture Font fontname complete
9.3787 	WARNING 	launchHubServer: If using the iohub mouse or eyetracker devices, fullScr should be True.
10.7697 	INFO 	keyboard.Keyboard is using iohub backend.
10.7697 	EXP 	untitled: status = STARTED
10.7803 	EXP 	Created cross = ImageStim(__class__=<class 'psychopy.visual.image.ImageStim'>, anchor=('center', 'center'), autoLog=True, color=array([1., 1., 1.]), colorSpace='rgb', contrast=1.0, depth=0.0, draggable=False, flipHoriz=False, flipVert=False, image='default.png', interpolate=True, mask=None, maskParams=None, name='cross', opacity=1, ori=0.0, pos=array([0., 0.]), size=array([0.1, 0.1]), texRes=128.0, units='height', win=Window(...))
10.7866 	EXP 	Created image = ImageStim(__class__=<class 'psychopy.visual.image.ImageStim'>, anchor=('center', 'center'), autoLog=True, color=array([1., 1., 1.]), colorSpace='rgb', contrast=1.0, depth=0.0, draggable=False, flipHoriz=False, flipVert=False, image='default.png', interpolate=True, mask=None, maskParams=None, name='image', opacity=1, ori=0.0, pos=array([0., 0.]), size=array([0.5, 0.5]), texRes=128.0, units='height', win=Window(...))
0.0187 	DEBUG 	Read excel file with openpyxl: Book1.xlsx
0.0195 	EXP 	Imported Book1.xlsx as conditions, 10 conditions, 3 params
0.0200 	EXP 	New trial (rep=0, index=0): <Trial 0 (0 in rep 0) data={'path': 'furniture.jpg', 'xPos': 0.1, 'yPos': 0.4, 'thisN': 0, 'thisTrialN': 0, 'thisRepN': 0}>
0.0400 	EXP 	cross: image = 'kii6Jy-file-round-cross-svg-wikipedia.png'
0.5240 	EXP 	cross: autoDraw = True
1.4451 	DATA 	Mouse: Left button down, pos=(454,537)
1.4893 	EXP 	cross: autoDraw = False
1.4893 	EXP 	image: image = 'furniture.jpg'
1.5286 	DATA 	Mouse:  Left button up, pos=(454,537)
1.9580 	EXP 	image: autoDraw = True
2.9458 	EXP 	New trial (rep=0, index=1): <Trial 1 (1 in rep 0) data={'path': 'tool.jpg', 'xPos': 0.3, 'yPos': 0, 'thisN': 1, 'thisTrialN': 1, 'thisRepN': 0}>
2.9584 	EXP 	image: autoDraw = False
2.9584 	EXP 	image: autoDraw = False
2.9584 	EXP 	cross: image = 'kii6Jy-file-round-cross-svg-wikipedia.png'
3.4569 	EXP 	cross: autoDraw = True
4.4633 	DATA 	Mouse: Left button down, pos=(573,304)
4.5073 	EXP 	cross: autoDraw = False
4.5073 	EXP 	image: image = 'tool.jpg'
4.5474 	DATA 	Mouse:  Left button up, pos=(573,304)
4.9744 	EXP 	image: autoDraw = True
5.9619 	EXP 	New trial (rep=0, index=2): <Trial 2 (2 in rep 0) data={'path': 'sport.jpg', 'xPos': -0.2, 'yPos': 0.1, 'thisN': 2, 'thisTrialN': 2, 'thisRepN': 0}>
5.9755 	EXP 	image: autoDraw = False
5.9755 	EXP 	image: autoDraw = False
5.9755 	EXP 	cross: image = 'kii6Jy-file-round-cross-svg-wikipedia.png'
6.4744 	EXP 	cross: autoDraw = True
7.2303 	DATA 	Mouse: Left button down, pos=(288,352)
7.2905 	EXP 	cross: autoDraw = False
7.2905 	EXP 	image: image = 'sport.jpg'
7.3637 	DATA 	Mouse:  Left button up, pos=(288,352)
7.7582 	EXP 	image: autoDraw = True
8.7456 	EXP 	New trial (rep=0, index=3): <Trial 3 (3 in rep 0) data={'path': 'nature.jpg', 'xPos': -0.1, 'yPos': 0.3, 'thisN': 3, 'thisTrialN': 3, 'thisRepN': 0}>
8.7579 	EXP 	image: autoDraw = False
8.7579 	EXP 	image: autoDraw = False
8.7579 	EXP 	cross: image = 'kii6Jy-file-round-cross-svg-wikipedia.png'
9.2573 	EXP 	cross: autoDraw = True
9.8956 	DATA 	Mouse: Left button down, pos=(339,474)
9.9407 	EXP 	cross: autoDraw = False
9.9407 	EXP 	image: image = 'nature.jpg'
10.0301 	DATA 	Mouse:  Left button up, pos=(339,474)
10.4080 	EXP 	image: autoDraw = True
11.3946 	EXP 	New trial (rep=0, index=4): <Trial 4 (4 in rep 0) data={'path': 'electronic.jpg', 'xPos': 0.5, 'yPos': -0.4, 'thisN': 4, 'thisTrialN': 4, 'thisRepN': 0}>
11.4078 	EXP 	image: autoDraw = False
11.4078 	EXP 	image: autoDraw = False
11.4078 	EXP 	cross: image = 'kii6Jy-file-round-cross-svg-wikipedia.png'
11.9085 	EXP 	cross: autoDraw = True
12.8297 	DATA 	Mouse: Left button down, pos=(713,68)
12.8575 	EXP 	cross: autoDraw = False
12.8575 	EXP 	image: image = 'electronic.jpg'
12.9300 	DATA 	Mouse:  Left button up, pos=(713,68)
13.3422 	EXP 	image: autoDraw = True
14.3307 	EXP 	New trial (rep=0, index=5): <Trial 5 (5 in rep 0) data={'path': 'person.jpg', 'xPos': 0.2, 'yPos': 0.2, 'thisN': 5, 'thisTrialN': 5, 'thisRepN': 0}>
14.3414 	EXP 	image: autoDraw = False
14.3414 	EXP 	image: autoDraw = False
14.3414 	EXP 	cross: image = 'kii6Jy-file-round-cross-svg-wikipedia.png'
14.8411 	EXP 	cross: autoDraw = True
15.6465 	DATA 	Mouse: Left button down, pos=(517,427)
15.6906 	EXP 	cross: autoDraw = False
15.6906 	EXP 	image: image = 'person.jpg'
15.7666 	DATA 	Mouse:  Left button up, pos=(517,427)
16.1578 	EXP 	image: autoDraw = True
17.1453 	EXP 	New trial (rep=0, index=6): <Trial 6 (6 in rep 0) data={'path': 'building.jpg', 'xPos': -0.4, 'yPos': -0.3, 'thisN': 6, 'thisTrialN': 6, 'thisRepN': 0}>
17.1580 	EXP 	image: autoDraw = False
17.1580 	EXP 	image: autoDraw = False
17.1580 	EXP 	cross: image = 'kii6Jy-file-round-cross-svg-wikipedia.png'
17.6574 	EXP 	cross: autoDraw = True
18.4809 	DATA 	Mouse: Left button down, pos=(148,129)
18.5413 	EXP 	cross: autoDraw = False
18.5413 	EXP 	image: image = 'building.jpg'
18.5962 	DATA 	Mouse:  Left button up, pos=(148,129)
18.9915 	EXP 	image: autoDraw = True
19.9788 	EXP 	New trial (rep=0, index=7): <Trial 7 (7 in rep 0) data={'path': 'food.jpg', 'xPos': 0, 'yPos': 0.5, 'thisN': 7, 'thisTrialN': 7, 'thisRepN': 0}>
19.9911 	EXP 	image: autoDraw = False
19.9911 	EXP 	image: autoDraw = False
19.9911 	EXP 	cross: image = 'kii6Jy-file-round-cross-svg-wikipedia.png'
20.4914 	EXP 	cross: autoDraw = True
21.4295 	DATA 	Mouse: Left button down, pos=(385,582)
21.4906 	EXP 	cross: autoDraw = False
21.4906 	EXP 	image: image = 'food.jpg'
21.5448 	DATA 	Mouse:  Left button up, pos=(385,582)
21.9411 	EXP 	image: autoDraw = True
22.9289 	EXP 	New trial (rep=0, index=8): <Trial 8 (8 in rep 0) data={'path': 'vehicle.jpg', 'xPos': -0.3, 'yPos': -0.1, 'thisN': 8, 'thisTrialN': 8, 'thisRepN': 0}>
22.9415 	EXP 	image: autoDraw = False
22.9415 	EXP 	image: autoDraw = False
22.9415 	EXP 	cross: image = 'kii6Jy-file-round-cross-svg-wikipedia.png'
23.4414 	EXP 	cross: autoDraw = True
24.2636 	DATA 	Mouse: Left button down, pos=(192,248)
24.3063 	EXP 	cross: autoDraw = False
24.3063 	EXP 	image: image = 'vehicle.jpg'
24.3945 	DATA 	Mouse:  Left button up, pos=(192,248)
24.7746 	EXP 	image: autoDraw = True
25.7624 	EXP 	New trial (rep=0, index=9): <Trial 9 (9 in rep 0) data={'path': 'animal.jpg', 'xPos': 0.4, 'yPos': -0.2, 'thisN': 9, 'thisTrialN': 9, 'thisRepN': 0}>
25.7745 	EXP 	image: autoDraw = False
25.7745 	EXP 	image: autoDraw = False
25.7745 	EXP 	cross: image = 'kii6Jy-file-round-cross-svg-wikipedia.png'
26.2749 	EXP 	cross: autoDraw = True
27.2957 	DATA 	Mouse: Left button down, pos=(642,181)
27.3239 	EXP 	cross: autoDraw = False
27.3239 	EXP 	image: image = 'animal.jpg'
27.3953 	DATA 	Mouse:  Left button up, pos=(642,181)
27.8085 	EXP 	image: autoDraw = True
28.8079 	EXP 	image: autoDraw = False
28.8079 	EXP 	image: autoDraw = False
28.8111 	EXP 	untitled: status = STOPPED
28.8155 	INFO 	saved data to 'C:\\Users\\Sahaj Bindal\\OneDrive\\Desktop\\New folder\\data/782988_untitled_2025-05-20_10h55.26.735.csv'
28.8165 	INFO 	saved data to C:\Users\Sahaj Bindal\OneDrive\Desktop\New folder\data/782988_untitled_2025-05-20_10h55.26.735.psydat
29.5511 	DEBUG 	Saving data for untitled ExperimentHandler
