4.6497 	DEBUG 	Fullscreen settings ignored as running in pilot mode.
4.6521 	INFO 	Loaded monitor calibration from ['2025_05_16 08:37']
4.8520 	EXP 	Created window1 = Window(allowGUI=True, allowStencil=False, autoLog=True, backendConf=UNKNOWN, backgroundFit=<method-wrapper '__getattribute__' of attributeSetter object at 0x000001F1415C83A0>, backgroundImage=<method-wrapper '__getattribute__' of attributeSetter object at 0x000001F1415C8340>, bitsMode=UNKNOWN, blendMode='avg', bpc=(8, 8, 8), color=array([0, 0, 0]), colorSpace='rgb', depthBits=8, fullscr=False, gamma=None, gammaErrorPolicy='raise', infoMsg=UNKNOWN, lms=UNKNOWN, monitor=<psychopy.monitors.calibTools.Monitor object at 0x000001F14166D8A0>, multiSample=False, name='window1', numSamples=2, pos=[560.0, 300.0], screen=0, size=array([800, 600]), stencilBits=0, stereo=False, title='PsychoPy', units='height', useFBO=True, useRetina=False, viewOri=0.0, viewPos=None, viewScale=None, waitBlanking=True, winType='pyglet')
4.8521 	EXP 	window1: backgroundImage = ''
4.8521 	EXP 	window1: backgroundFit = 'none'
4.8606 	DEBUG 	TextBox2 loaded 1 chars with 0 blanks and 1 valid
4.8618 	DEBUG 	TextBox2 loaded 1 chars with 0 blanks and 1 valid
4.8642 	DEBUG 	TextBox2 loaded 1 chars with 0 blanks and 1 valid
4.8655 	DEBUG 	TextBox2 loaded 1 chars with 0 blanks and 1 valid
4.8667 	DEBUG 	TextBox2 loaded 1 chars with 0 blanks and 1 valid
4.8674 	DEBUG 	TextBox2 loaded 1 chars with 0 blanks and 1 valid
4.8683 	DEBUG 	TextBox2 loaded 1 chars with 0 blanks and 1 valid
4.8694 	DEBUG 	TextBox2 loaded 1 chars with 0 blanks and 1 valid
4.8698 	DEBUG 	TextBox2 loaded 1 chars with 0 blanks and 1 valid
4.8702 	DEBUG 	TextBox2 loaded 1 chars with 0 blanks and 1 valid
4.8711 	DEBUG 	TextBox2 loaded 1 chars with 0 blanks and 1 valid
4.8720 	DEBUG 	TextBox2 loaded 1 chars with 0 blanks and 1 valid
4.8727 	DEBUG 	TextBox2 loaded 1 chars with 0 blanks and 1 valid
4.8735 	DEBUG 	TextBox2 loaded 1 chars with 0 blanks and 1 valid
4.8743 	DEBUG 	TextBox2 loaded 1 chars with 0 blanks and 1 valid
4.8750 	DEBUG 	TextBox2 loaded 1 chars with 0 blanks and 1 valid
4.8758 	DEBUG 	TextBox2 loaded 1 chars with 0 blanks and 1 valid
4.8763 	DEBUG 	TextBox2 loaded 1 chars with 0 blanks and 1 valid
4.8776 	DEBUG 	TextBox2 loaded 1 chars with 0 blanks and 1 valid
4.8789 	DEBUG 	TextBox2 loaded 1 chars with 0 blanks and 1 valid
4.8795 	DEBUG 	TextBox2 loaded 1 chars with 0 blanks and 1 valid
4.8800 	DEBUG 	Uploading Texture Font fontname to graphics card
4.8870 	DEBUG 	Upload of Texture Font fontname complete
4.8980 	DEBUG 	TextBox2 loaded 1 chars with 0 blanks and 1 valid
4.8991 	DEBUG 	TextBox2 loaded 1 chars with 0 blanks and 1 valid
4.9000 	DEBUG 	TextBox2 loaded 1 chars with 0 blanks and 1 valid
4.9003 	DEBUG 	Uploading Texture Font fontname to graphics card
4.9058 	DEBUG 	Upload of Texture Font fontname complete
4.9078 	EXP 	window1: Attempting to measure frame rate of screen (0) ...
4.9079 	EXP 	window1: recordFrameIntervals = False
5.0819 	EXP 	window1: recordFrameIntervals = True
5.3478 	EXP 	Screen (0) actual frame rate measured at 59.97Hz
5.3479 	EXP 	window1: recordFrameIntervals = False
5.3589 	DEBUG 	TextBox2 loaded 1 chars with 0 blanks and 1 valid
5.3599 	DEBUG 	TextBox2 loaded 1 chars with 0 blanks and 1 valid
5.3612 	DEBUG 	TextBox2 loaded 1 chars with 0 blanks and 1 valid
5.3628 	DEBUG 	TextBox2 loaded 1 chars with 0 blanks and 1 valid
5.3644 	DEBUG 	TextBox2 loaded 1 chars with 0 blanks and 1 valid
5.3659 	DEBUG 	TextBox2 loaded 1 chars with 0 blanks and 1 valid
5.3669 	DEBUG 	TextBox2 loaded 1 chars with 0 blanks and 1 valid
5.3682 	DEBUG 	TextBox2 loaded 1 chars with 0 blanks and 1 valid
5.3696 	DEBUG 	TextBox2 loaded 1 chars with 0 blanks and 1 valid
5.3707 	DEBUG 	TextBox2 loaded 1 chars with 0 blanks and 1 valid
5.3711 	DEBUG 	Uploading Texture Font fontname to graphics card
5.3718 	DEBUG 	Upload of Texture Font fontname complete
5.3837 	WARNING 	launchHubServer: If using the iohub mouse or eyetracker devices, fullScr should be True.
6.8921 	INFO 	keyboard.Keyboard is using iohub backend.
6.8922 	EXP 	untitled: status = STARTED
6.9250 	EXP 	Created cross = ImageStim(__class__=<class 'psychopy.visual.image.ImageStim'>, anchor=('center', 'center'), autoLog=True, color=array([1., 1., 1.]), colorSpace='rgb', contrast=1.0, depth=0.0, draggable=False, flipHoriz=False, flipVert=False, image='default.png', interpolate=True, mask=None, maskParams=None, name='cross', opacity=1, ori=0.0, pos=array([0., 0.]), size=array([0.1, 0.1]), texRes=128.0, units='height', win=Window(...))
6.9296 	EXP 	Created image = ImageStim(__class__=<class 'psychopy.visual.image.ImageStim'>, anchor=('center', 'center'), autoLog=True, color=array([1., 1., 1.]), colorSpace='rgb', contrast=1.0, depth=0.0, draggable=False, flipHoriz=False, flipVert=False, image='default.png', interpolate=True, mask=None, maskParams=None, name='image', opacity=1, ori=0.0, pos=array([0., 0.]), size=array([0.5, 0.5]), texRes=128.0, units='height', win=Window(...))
0.0269 	DEBUG 	Read excel file with openpyxl: Book1.xlsx
0.0275 	EXP 	Imported Book1.xlsx as conditions, 10 conditions, 4 params
0.0280 	EXP 	New trial (rep=0, index=0): <Trial 0 (0 in rep 0) data={'path': 'food.jpg', 'xPos': 0, 'yPos': 0.5, 'marker': 1, 'thisN': 0, 'thisTrialN': 0, 'thisRepN': 0}>
0.0487 	EXP 	cross: image = 'kii6Jy-file-round-cross-svg-wikipedia.png'
0.5496 	EXP 	cross: autoDraw = True
2.4219 	DATA 	Mouse: Left button down, pos=(383,585)
2.4828 	EXP 	cross: autoDraw = False
2.4828 	EXP 	image: image = 'food.jpg'
2.5235 	DATA 	Mouse:  Left button up, pos=(383,585)
2.9346 	EXP 	image: autoDraw = True
3.9233 	EXP 	New trial (rep=0, index=1): <Trial 1 (1 in rep 0) data={'path': 'vehicle.jpg', 'xPos': -0.3, 'yPos': -0.1, 'marker': 7, 'thisN': 1, 'thisTrialN': 1, 'thisRepN': 0}>
3.9491 	EXP 	image: autoDraw = False
3.9491 	EXP 	image: autoDraw = False
3.9491 	EXP 	cross: image = 'kii6Jy-file-round-cross-svg-wikipedia.png'
4.4339 	EXP 	cross: autoDraw = True
5.6405 	DATA 	Mouse: Left button down, pos=(210,235)
5.6831 	EXP 	cross: autoDraw = False
5.6831 	EXP 	image: image = 'vehicle.jpg'
5.7557 	DATA 	Mouse:  Left button up, pos=(210,235)
6.1509 	EXP 	image: autoDraw = True
7.1385 	EXP 	New trial (rep=0, index=2): <Trial 2 (2 in rep 0) data={'path': 'tool.jpg', 'xPos': 0.3, 'yPos': 0, 'marker': 6, 'thisN': 2, 'thisTrialN': 2, 'thisRepN': 0}>
7.1506 	EXP 	image: autoDraw = False
7.1506 	EXP 	image: autoDraw = False
7.1506 	EXP 	cross: image = 'kii6Jy-file-round-cross-svg-wikipedia.png'
7.6511 	EXP 	cross: autoDraw = True
8.9566 	DATA 	Mouse: Left button down, pos=(581,303)
8.9997 	EXP 	cross: autoDraw = False
8.9997 	EXP 	image: image = 'tool.jpg'
9.0743 	DATA 	Mouse:  Left button up, pos=(581,303)
9.4694 	EXP 	image: autoDraw = True
10.4718 	EXP 	New trial (rep=0, index=3): <Trial 3 (3 in rep 0) data={'path': 'sport.jpg', 'xPos': -0.2, 'yPos': 0.1, 'marker': 5, 'thisN': 3, 'thisTrialN': 3, 'thisRepN': 0}>
10.4853 	EXP 	image: autoDraw = False
10.4853 	EXP 	cross: image = 'kii6Jy-file-round-cross-svg-wikipedia.png'
10.9707 	EXP 	cross: autoDraw = True
12.2166 	DATA 	Mouse: Left button down, pos=(632,297)
12.2741 	DATA 	Mouse:  Left button up, pos=(632,297)
13.3560 	DATA 	Mouse: Left button down, pos=(285,358)
13.4001 	EXP 	cross: autoDraw = False
13.4001 	EXP 	image: image = 'sport.jpg'
13.4394 	DATA 	Mouse:  Left button up, pos=(285,358)
13.8679 	EXP 	image: autoDraw = True
14.8576 	EXP 	New trial (rep=0, index=4): <Trial 4 (4 in rep 0) data={'path': 'furniture.jpg', 'xPos': 0.1, 'yPos': 0.4, 'marker': 2, 'thisN': 4, 'thisTrialN': 4, 'thisRepN': 0}>
14.8846 	EXP 	image: autoDraw = False
14.8846 	EXP 	image: autoDraw = False
14.8846 	EXP 	cross: image = 'kii6Jy-file-round-cross-svg-wikipedia.png'
15.3687 	EXP 	cross: autoDraw = True
21.6672 	DATA 	Mouse: Left button down, pos=(596,465)
21.7724 	DATA 	Mouse:  Left button up, pos=(596,465)
44.9548 	DATA 	Mouse: Left button down, pos=(466,543)
45.0008 	EXP 	cross: autoDraw = False
45.0008 	EXP 	image: image = 'furniture.jpg'
45.0558 	DATA 	Mouse:  Left button up, pos=(466,543)
45.4675 	EXP 	image: autoDraw = True
46.4534 	EXP 	New trial (rep=0, index=5): <Trial 5 (5 in rep 0) data={'path': 'electronic.jpg', 'xPos': 0.5, 'yPos': -0.4, 'marker': 10, 'thisN': 5, 'thisTrialN': 5, 'thisRepN': 0}>
46.4671 	EXP 	image: autoDraw = False
46.4671 	EXP 	image: autoDraw = False
46.4671 	EXP 	cross: image = 'kii6Jy-file-round-cross-svg-wikipedia.png'
46.9676 	EXP 	cross: autoDraw = True
48.6566 	DATA 	Mouse: Left button down, pos=(697,61)
48.7010 	EXP 	cross: autoDraw = False
48.7010 	EXP 	image: image = 'electronic.jpg'
48.7716 	DATA 	Mouse:  Left button up, pos=(697,61)
49.1848 	EXP 	image: autoDraw = True
50.1865 	EXP 	New trial (rep=0, index=6): <Trial 6 (6 in rep 0) data={'path': 'animal.jpg', 'xPos': 0.4, 'yPos': -0.2, 'marker': 8, 'thisN': 6, 'thisTrialN': 6, 'thisRepN': 0}>
50.2004 	EXP 	image: autoDraw = False
50.2004 	EXP 	cross: image = 'kii6Jy-file-round-cross-svg-wikipedia.png'
50.6841 	EXP 	cross: autoDraw = True
52.1399 	DATA 	Mouse: Left button down, pos=(648,184)
52.1675 	EXP 	cross: autoDraw = False
52.1675 	EXP 	image: image = 'animal.jpg'
52.2567 	DATA 	Mouse:  Left button up, pos=(648,184)
52.6514 	EXP 	image: autoDraw = True
53.6545 	EXP 	New trial (rep=0, index=7): <Trial 7 (7 in rep 0) data={'path': 'building.jpg', 'xPos': -0.4, 'yPos': -0.3, 'marker': 9, 'thisN': 7, 'thisTrialN': 7, 'thisRepN': 0}>
53.6676 	EXP 	image: autoDraw = False
53.6676 	EXP 	cross: image = 'kii6Jy-file-round-cross-svg-wikipedia.png'
54.1509 	EXP 	cross: autoDraw = True
55.2044 	DATA 	Mouse: Left button down, pos=(157,130)
55.2503 	EXP 	cross: autoDraw = False
55.2503 	EXP 	image: image = 'building.jpg'
55.3204 	DATA 	Mouse:  Left button up, pos=(157,130)
55.7171 	EXP 	image: autoDraw = True
56.7052 	EXP 	New trial (rep=0, index=8): <Trial 8 (8 in rep 0) data={'path': 'person.jpg', 'xPos': 0.2, 'yPos': 0.2, 'marker': 4, 'thisN': 8, 'thisTrialN': 8, 'thisRepN': 0}>
56.7169 	EXP 	image: autoDraw = False
56.7169 	EXP 	image: autoDraw = False
56.7169 	EXP 	cross: image = 'kii6Jy-file-round-cross-svg-wikipedia.png'
57.2178 	EXP 	cross: autoDraw = True
58.1554 	DATA 	Mouse: Left button down, pos=(516,419)
58.2008 	EXP 	cross: autoDraw = False
58.2008 	EXP 	image: image = 'person.jpg'
58.2734 	DATA 	Mouse:  Left button up, pos=(516,419)
58.6677 	EXP 	image: autoDraw = True
59.6558 	EXP 	New trial (rep=0, index=9): <Trial 9 (9 in rep 0) data={'path': 'nature.jpg', 'xPos': -0.1, 'yPos': 0.3, 'marker': 3, 'thisN': 9, 'thisTrialN': 9, 'thisRepN': 0}>
59.6680 	EXP 	image: autoDraw = False
59.6680 	EXP 	image: autoDraw = False
59.6680 	EXP 	cross: image = 'kii6Jy-file-round-cross-svg-wikipedia.png'
60.1681 	EXP 	cross: autoDraw = True
61.3919 	DATA 	Mouse: Left button down, pos=(335,477)
61.4377 	EXP 	cross: autoDraw = False
61.4377 	EXP 	image: image = 'nature.jpg'
61.5437 	DATA 	Mouse:  Left button up, pos=(335,477)
61.9016 	EXP 	image: autoDraw = True
62.9037 	EXP 	image: autoDraw = False
62.9037 	EXP 	image: autoDraw = False
62.9075 	EXP 	untitled: status = STOPPED
62.9407 	INFO 	saved data to 'C:\\Users\\Sahaj Bindal\\OneDrive\\Desktop\\New folder\\data/811203_untitled_2025-05-22_21h17.40.840.csv'
62.9419 	INFO 	saved data to C:\Users\Sahaj Bindal\OneDrive\Desktop\New folder\data/811203_untitled_2025-05-22_21h17.40.840.psydat
63.5630 	DEBUG 	Saving data for untitled ExperimentHandler
