4.2728 	INFO 	Loaded monitor calibration from ['2025_05_16 08:37']
4.4195 	WARNING 	User requested fullscreen with size [1280  800], but screen is actually [1920, 1200]. Using actual size
6.3231 	EXP 	Created window1 = Window(allowGUI=True, allowStencil=False, autoLog=True, backendConf=UNKNOWN, backgroundFit=<method-wrapper '__getattribute__' of attributeSetter object at 0x000001B4F2FF1E70>, backgroundImage=<method-wrapper '__getattribute__' of attributeSetter object at 0x000001B4F2FF1E10>, bitsMode=UNKNOWN, blendMode='avg', bpc=(8, 8, 8), color=array([0, 0, 0]), colorSpace='rgb', depthBits=8, fullscr=True, gamma=None, gammaErrorPolicy='raise', infoMsg=UNKNOWN, lms=UNKNOWN, monitor=<psychopy.monitors.calibTools.Monitor object at 0x000001B4F309B340>, multiSample=False, name='window1', numSamples=2, pos=[0.0, 0.0], screen=0, size=array([1920, 1200]), stencilBits=0, stereo=False, title='PsychoPy', units='height', useFBO=True, useRetina=False, viewOri=0.0, viewPos=None, viewScale=None, waitBlanking=True, winType='pyglet')
6.3231 	EXP 	window1: backgroundImage = ''
6.3232 	EXP 	window1: backgroundFit = 'none'
6.3972 	EXP 	window1: Attempting to measure frame rate of screen (0) ...
6.3972 	EXP 	window1: recordFrameIntervals = False
6.5242 	EXP 	window1: recordFrameIntervals = True
6.7088 	EXP 	Screen (0) actual frame rate measured at 59.66Hz
6.7089 	EXP 	window1: recordFrameIntervals = False
8.2376 	INFO 	keyboard.Keyboard is using iohub backend.
8.2377 	EXP 	untitled: status = STARTED
8.2483 	EXP 	Created image = ImageStim(__class__=<class 'psychopy.visual.image.ImageStim'>, anchor=('center', 'center'), autoLog=True, color=array([1., 1., 1.]), colorSpace='rgb', contrast=1.0, depth=0.0, draggable=False, flipHoriz=False, flipVert=False, image='default.png', interpolate=True, mask=None, maskParams=None, name='image', opacity=1, ori=0.0, pos=array([0., 0.]), size=array([0.5, 0.5]), texRes=128.0, units='height', win=Window(...))
8.2543 	EXP 	Created cross = ImageStim(__class__=<class 'psychopy.visual.image.ImageStim'>, anchor=('center', 'center'), autoLog=True, color=array([1., 1., 1.]), colorSpace='rgb', contrast=1.0, depth=0.0, draggable=False, flipHoriz=False, flipVert=False, image='default.png', interpolate=True, mask=None, maskParams=None, name='cross', opacity=1, ori=0.0, pos=array([0., 0.]), size=array([0.1, 0.1]), texRes=128.0, units='height', win=Window(...))
0.0147 	EXP 	Imported Book1.xlsx as conditions, 10 conditions, 3 params
0.0153 	EXP 	New trial (rep=0, index=0): <Trial 0 (0 in rep 0) data={'path': 'food.jpg', 'xPos': 0, 'yPos': 0.5, 'thisN': 0, 'thisTrialN': 0, 'thisRepN': 0}>
0.0540 	EXP 	image: image = 'food.jpg'
0.5148 	EXP 	image: autoDraw = True
1.5225 	EXP 	image: autoDraw = False
1.5225 	EXP 	cross: image = 'kii6Jy-file-round-cross-svg-wikipedia.png'
2.0051 	EXP 	cross: autoDraw = True
3.2399 	DATA 	Mouse: Left button down, pos=(939,1170)
3.2425 	EXP 	New trial (rep=0, index=1): <Trial 1 (1 in rep 0) data={'path': 'building.jpg', 'xPos': -0.4, 'yPos': -0.3, 'thisN': 1, 'thisTrialN': 1, 'thisRepN': 0}>
3.2832 	EXP 	cross: autoDraw = False
3.2832 	EXP 	image: image = 'building.jpg'
3.3575 	DATA 	Mouse:  Left button up, pos=(939,1170)
3.7556 	EXP 	image: autoDraw = True
4.7551 	EXP 	image: autoDraw = False
4.7551 	EXP 	image: autoDraw = False
4.7551 	EXP 	cross: image = 'kii6Jy-file-round-cross-svg-wikipedia.png'
5.2549 	EXP 	cross: autoDraw = True
6.2063 	DATA 	Mouse: Left button down, pos=(487,241)
6.2082 	EXP 	New trial (rep=0, index=2): <Trial 2 (2 in rep 0) data={'path': 'nature.jpg', 'xPos': -0.1, 'yPos': 0.3, 'thisN': 2, 'thisTrialN': 2, 'thisRepN': 0}>
6.2402 	EXP 	cross: autoDraw = False
6.2402 	EXP 	image: image = 'nature.jpg'
6.3094 	DATA 	Mouse:  Left button up, pos=(487,241)
6.7233 	EXP 	image: autoDraw = True
7.7387 	EXP 	image: autoDraw = False
7.7387 	EXP 	cross: image = 'kii6Jy-file-round-cross-svg-wikipedia.png'
8.2226 	EXP 	cross: autoDraw = True
9.2930 	DATA 	Mouse: Left button down, pos=(840,946)
9.3088 	EXP 	New trial (rep=0, index=3): <Trial 3 (3 in rep 0) data={'path': 'person.jpg', 'xPos': 0.2, 'yPos': 0.2, 'thisN': 3, 'thisTrialN': 3, 'thisRepN': 0}>
9.3396 	EXP 	cross: autoDraw = False
9.3396 	EXP 	image: image = 'person.jpg'
9.3736 	DATA 	Mouse:  Left button up, pos=(840,946)
9.8224 	EXP 	image: autoDraw = True
10.8222 	EXP 	image: autoDraw = False
10.8222 	EXP 	image: autoDraw = False
10.8222 	EXP 	cross: image = 'kii6Jy-file-round-cross-svg-wikipedia.png'
11.3222 	EXP 	cross: autoDraw = True
12.4560 	DATA 	Mouse: Left button down, pos=(1198,849)
12.4582 	EXP 	New trial (rep=0, index=4): <Trial 4 (4 in rep 0) data={'path': 'vehicle.jpg', 'xPos': -0.3, 'yPos': -0.1, 'thisN': 4, 'thisTrialN': 4, 'thisRepN': 0}>
12.4843 	EXP 	cross: autoDraw = False
12.4843 	EXP 	image: image = 'vehicle.jpg'
12.5402 	DATA 	Mouse:  Left button up, pos=(1198,849)
12.9725 	EXP 	image: autoDraw = True
13.9723 	EXP 	image: autoDraw = False
13.9723 	EXP 	image: autoDraw = False
13.9723 	EXP 	cross: image = 'kii6Jy-file-round-cross-svg-wikipedia.png'
14.4720 	EXP 	cross: autoDraw = True
15.3063 	DATA 	Mouse: Left button down, pos=(608,485)
15.3087 	EXP 	New trial (rep=0, index=5): <Trial 5 (5 in rep 0) data={'path': 'furniture.jpg', 'xPos': 0.1, 'yPos': 0.4, 'thisN': 5, 'thisTrialN': 5, 'thisRepN': 0}>
15.3413 	EXP 	cross: autoDraw = False
15.3413 	EXP 	image: image = 'furniture.jpg'
15.4245 	DATA 	Mouse:  Left button up, pos=(608,485)
15.8225 	EXP 	image: autoDraw = True
16.8223 	EXP 	image: autoDraw = False
16.8223 	EXP 	image: autoDraw = False
16.8223 	EXP 	cross: image = 'kii6Jy-file-round-cross-svg-wikipedia.png'
17.3216 	EXP 	cross: autoDraw = True
18.5099 	DATA 	Mouse: Left button down, pos=(1083,1087)
18.5249 	EXP 	New trial (rep=0, index=6): <Trial 6 (6 in rep 0) data={'path': 'tool.jpg', 'xPos': 0.3, 'yPos': 0, 'thisN': 6, 'thisTrialN': 6, 'thisRepN': 0}>
18.5585 	EXP 	cross: autoDraw = False
18.5585 	EXP 	image: image = 'tool.jpg'
18.5740 	DATA 	Mouse:  Left button up, pos=(1083,1087)
19.0393 	EXP 	image: autoDraw = True
20.0397 	EXP 	image: autoDraw = False
20.0397 	EXP 	image: autoDraw = False
20.0397 	EXP 	cross: image = 'kii6Jy-file-round-cross-svg-wikipedia.png'
20.5392 	EXP 	cross: autoDraw = True
21.4736 	DATA 	Mouse: Left button down, pos=(1327,605)
21.4756 	EXP 	New trial (rep=0, index=7): <Trial 7 (7 in rep 0) data={'path': 'animal.jpg', 'xPos': 0.4, 'yPos': -0.2, 'thisN': 7, 'thisTrialN': 7, 'thisRepN': 0}>
21.4988 	EXP 	cross: autoDraw = False
21.4988 	EXP 	image: image = 'animal.jpg'
21.5756 	DATA 	Mouse:  Left button up, pos=(1327,605)
21.9893 	EXP 	image: autoDraw = True
22.9891 	EXP 	image: autoDraw = False
22.9891 	EXP 	image: autoDraw = False
22.9891 	EXP 	cross: image = 'kii6Jy-file-round-cross-svg-wikipedia.png'
23.4887 	EXP 	cross: autoDraw = True
24.5410 	DATA 	Mouse: Left button down, pos=(1445,360)
24.5433 	EXP 	New trial (rep=0, index=8): <Trial 8 (8 in rep 0) data={'path': 'electronic.jpg', 'xPos': 0.5, 'yPos': -0.4, 'thisN': 8, 'thisTrialN': 8, 'thisRepN': 0}>
24.5703 	EXP 	cross: autoDraw = False
24.5703 	EXP 	image: image = 'electronic.jpg'
24.6586 	DATA 	Mouse:  Left button up, pos=(1445,360)
25.0555 	EXP 	image: autoDraw = True
26.0558 	EXP 	image: autoDraw = False
26.0558 	EXP 	image: autoDraw = False
26.0558 	EXP 	cross: image = 'kii6Jy-file-round-cross-svg-wikipedia.png'
26.5558 	EXP 	cross: autoDraw = True
27.9890 	DATA 	Mouse: Left button down, pos=(1556,121)
27.9907 	EXP 	New trial (rep=0, index=9): <Trial 9 (9 in rep 0) data={'path': 'sport.jpg', 'xPos': -0.2, 'yPos': 0.1, 'thisN': 9, 'thisTrialN': 9, 'thisRepN': 0}>
28.0194 	EXP 	cross: autoDraw = False
28.0194 	EXP 	image: image = 'sport.jpg'
28.0935 	DATA 	Mouse:  Left button up, pos=(1555,120)
28.5065 	EXP 	image: autoDraw = True
29.5057 	EXP 	image: autoDraw = False
29.5057 	EXP 	image: autoDraw = False
29.5057 	EXP 	cross: image = 'kii6Jy-file-round-cross-svg-wikipedia.png'
30.0060 	EXP 	cross: autoDraw = True
31.0233 	DATA 	Mouse: Left button down, pos=(725,721)
31.0389 	EXP 	cross: autoDraw = False
31.0396 	EXP 	untitled: status = STOPPED
31.0529 	INFO 	saved data to 'C:\\Users\\Sahaj Bindal\\OneDrive\\Desktop\\New folder\\data/841800_untitled_2025-05-18_21h39.43.022.csv'
31.0557 	INFO 	saved data to C:\Users\Sahaj Bindal\OneDrive\Desktop\New folder\data/841800_untitled_2025-05-18_21h39.43.022.psydat
