7.3731 	DEBUG 	Fullscreen settings ignored as running in pilot mode.
7.3753 	INFO 	Loaded monitor calibration from ['2025_05_16 08:37']
8.5407 	EXP 	Created window1 = Window(allowGUI=True, allowStencil=False, autoLog=True, backendConf=UNKNOWN, backgroundFit=<method-wrapper '__getattribute__' of attributeSetter object at 0x000001F9EB429150>, backgroundImage=<method-wrapper '__getattribute__' of attributeSetter object at 0x000001F9EB4290F0>, bitsMode=UNKNOWN, blendMode='avg', bpc=(8, 8, 8), color=array([0, 0, 0]), colorSpace='rgb', depthBits=8, fullscr=False, gamma=None, gammaErrorPolicy='raise', infoMsg=UNKNOWN, lms=UNKNOWN, monitor=<psychopy.monitors.calibTools.Monitor object at 0x000001F9EB4EA9E0>, multiSample=False, name='window1', numSamples=2, pos=[560.0, 300.0], screen=0, size=array([800, 600]), stencilBits=0, stereo=False, title='PsychoPy', units='height', useFBO=True, useRetina=False, viewOri=0.0, viewPos=None, viewScale=None, waitBlanking=True, winType='pyglet')
8.5408 	EXP 	window1: backgroundImage = ''
8.5408 	EXP 	window1: backgroundFit = 'none'
8.5642 	DEBUG 	TextBox2 loaded 1 chars with 0 blanks and 1 valid
8.5652 	DEBUG 	TextBox2 loaded 1 chars with 0 blanks and 1 valid
8.5661 	DEBUG 	TextBox2 loaded 1 chars with 0 blanks and 1 valid
8.5673 	DEBUG 	TextBox2 loaded 1 chars with 0 blanks and 1 valid
8.5683 	DEBUG 	TextBox2 loaded 1 chars with 0 blanks and 1 valid
8.5689 	DEBUG 	TextBox2 loaded 1 chars with 0 blanks and 1 valid
8.5697 	DEBUG 	TextBox2 loaded 1 chars with 0 blanks and 1 valid
8.5707 	DEBUG 	TextBox2 loaded 1 chars with 0 blanks and 1 valid
8.5710 	DEBUG 	TextBox2 loaded 1 chars with 0 blanks and 1 valid
8.5714 	DEBUG 	TextBox2 loaded 1 chars with 0 blanks and 1 valid
8.5722 	DEBUG 	TextBox2 loaded 1 chars with 0 blanks and 1 valid
8.5729 	DEBUG 	TextBox2 loaded 1 chars with 0 blanks and 1 valid
8.5736 	DEBUG 	TextBox2 loaded 1 chars with 0 blanks and 1 valid
8.5761 	DEBUG 	TextBox2 loaded 1 chars with 0 blanks and 1 valid
8.5774 	DEBUG 	TextBox2 loaded 1 chars with 0 blanks and 1 valid
8.5786 	DEBUG 	TextBox2 loaded 1 chars with 0 blanks and 1 valid
8.5798 	DEBUG 	TextBox2 loaded 1 chars with 0 blanks and 1 valid
8.5805 	DEBUG 	TextBox2 loaded 1 chars with 0 blanks and 1 valid
8.5812 	DEBUG 	TextBox2 loaded 1 chars with 0 blanks and 1 valid
8.5826 	DEBUG 	TextBox2 loaded 1 chars with 0 blanks and 1 valid
8.5833 	DEBUG 	TextBox2 loaded 1 chars with 0 blanks and 1 valid
8.5851 	DEBUG 	Uploading Texture Font fontname to graphics card
8.6035 	DEBUG 	Upload of Texture Font fontname complete
8.6144 	DEBUG 	TextBox2 loaded 1 chars with 0 blanks and 1 valid
8.6159 	DEBUG 	TextBox2 loaded 1 chars with 0 blanks and 1 valid
8.6173 	DEBUG 	TextBox2 loaded 1 chars with 0 blanks and 1 valid
8.6176 	DEBUG 	Uploading Texture Font fontname to graphics card
8.6249 	DEBUG 	Upload of Texture Font fontname complete
8.6281 	EXP 	window1: Attempting to measure frame rate of screen (0) ...
8.6282 	EXP 	window1: recordFrameIntervals = False
8.7949 	EXP 	window1: recordFrameIntervals = True
8.8959 	WARNING 	t of last frame was 32.05ms (=1/31)
9.0948 	EXP 	Screen (0) actual frame rate measured at 61.45Hz
9.0948 	EXP 	window1: recordFrameIntervals = False
9.1014 	DEBUG 	TextBox2 loaded 1 chars with 0 blanks and 1 valid
9.1019 	DEBUG 	TextBox2 loaded 1 chars with 0 blanks and 1 valid
9.1028 	DEBUG 	TextBox2 loaded 1 chars with 0 blanks and 1 valid
9.1039 	DEBUG 	TextBox2 loaded 1 chars with 0 blanks and 1 valid
9.1048 	DEBUG 	TextBox2 loaded 1 chars with 0 blanks and 1 valid
9.1058 	DEBUG 	TextBox2 loaded 1 chars with 0 blanks and 1 valid
9.1063 	DEBUG 	TextBox2 loaded 1 chars with 0 blanks and 1 valid
9.1072 	DEBUG 	TextBox2 loaded 1 chars with 0 blanks and 1 valid
9.1082 	DEBUG 	TextBox2 loaded 1 chars with 0 blanks and 1 valid
9.1093 	DEBUG 	TextBox2 loaded 1 chars with 0 blanks and 1 valid
9.1098 	DEBUG 	Uploading Texture Font fontname to graphics card
9.1106 	DEBUG 	Upload of Texture Font fontname complete
9.1735 	WARNING 	launchHubServer: If using the iohub mouse or eyetracker devices, fullScr should be True.
12.2590 	INFO 	keyboard.Keyboard is using iohub backend.
12.2591 	EXP 	untitled: status = STARTED
12.3402 	EXP 	Created cross = ImageStim(__class__=<class 'psychopy.visual.image.ImageStim'>, anchor=('center', 'center'), autoLog=True, color=array([1., 1., 1.]), colorSpace='rgb', contrast=1.0, depth=0.0, draggable=False, flipHoriz=False, flipVert=False, image='default.png', interpolate=True, mask=None, maskParams=None, name='cross', opacity=1, ori=0.0, pos=array([0., 0.]), size=array([0.1, 0.1]), texRes=128.0, units='height', win=Window(...))
12.3445 	EXP 	Created image = ImageStim(__class__=<class 'psychopy.visual.image.ImageStim'>, anchor=('center', 'center'), autoLog=True, color=array([1., 1., 1.]), colorSpace='rgb', contrast=1.0, depth=0.0, draggable=False, flipHoriz=False, flipVert=False, image='default.png', interpolate=True, mask=None, maskParams=None, name='image', opacity=1, ori=0.0, pos=array([0., 0.]), size=array([0.5, 0.5]), texRes=128.0, units='height', win=Window(...))
0.0392 	DEBUG 	Read excel file with openpyxl: Book1.xlsx
0.0398 	EXP 	Imported Book1.xlsx as conditions, 10 conditions, 4 params
0.0402 	EXP 	New trial (rep=0, index=0): <Trial 0 (0 in rep 0) data={'path': 'food.jpg', 'xPos': 0, 'yPos': 0.5, 'marker': 1, 'thisN': 0, 'thisTrialN': 0, 'thisRepN': 0}>
0.0655 	EXP 	cross: image = 'kii6Jy-file-round-cross-svg-wikipedia.png'
0.5661 	EXP 	cross: autoDraw = True
1.5883 	DATA 	Mouse: Left button down, pos=(393,584)
1.6660 	EXP 	cross: autoDraw = False
1.6660 	EXP 	image: image = 'food.jpg'
1.7054 	DATA 	Mouse:  Left button up, pos=(393,584)
2.1008 	EXP 	image: autoDraw = True
3.0889 	EXP 	New trial (rep=0, index=1): <Trial 1 (1 in rep 0) data={'path': 'furniture.jpg', 'xPos': 0.1, 'yPos': 0.4, 'marker': 2, 'thisN': 1, 'thisTrialN': 1, 'thisRepN': 0}>
3.1004 	EXP 	image: autoDraw = False
3.1004 	EXP 	image: autoDraw = False
3.1004 	EXP 	cross: image = 'kii6Jy-file-round-cross-svg-wikipedia.png'
3.6002 	EXP 	cross: autoDraw = True
4.4556 	DATA 	Mouse: Left button down, pos=(448,542)
4.5171 	EXP 	cross: autoDraw = False
4.5171 	EXP 	image: image = 'furniture.jpg'
4.5731 	DATA 	Mouse:  Left button up, pos=(448,542)
4.9675 	EXP 	image: autoDraw = True
5.9550 	EXP 	New trial (rep=0, index=2): <Trial 2 (2 in rep 0) data={'path': 'nature.jpg', 'xPos': -0.1, 'yPos': 0.3, 'marker': 3, 'thisN': 2, 'thisTrialN': 2, 'thisRepN': 0}>
5.9673 	EXP 	image: autoDraw = False
5.9673 	EXP 	image: autoDraw = False
5.9673 	EXP 	cross: image = 'kii6Jy-file-round-cross-svg-wikipedia.png'
6.4668 	EXP 	cross: autoDraw = True
7.2379 	DATA 	Mouse: Left button down, pos=(336,476)
7.3003 	EXP 	cross: autoDraw = False
7.3003 	EXP 	image: image = 'nature.jpg'
7.3744 	DATA 	Mouse:  Left button up, pos=(336,476)
7.7508 	EXP 	image: autoDraw = True
8.7395 	EXP 	New trial (rep=0, index=3): <Trial 3 (3 in rep 0) data={'path': 'person.jpg', 'xPos': 0.2, 'yPos': 0.2, 'marker': 4, 'thisN': 3, 'thisTrialN': 3, 'thisRepN': 0}>
8.7505 	EXP 	image: autoDraw = False
8.7505 	EXP 	image: autoDraw = False
8.7505 	EXP 	cross: image = 'kii6Jy-file-round-cross-svg-wikipedia.png'
9.2508 	EXP 	cross: autoDraw = True
10.0219 	DATA 	Mouse: Left button down, pos=(520,422)
10.0833 	EXP 	cross: autoDraw = False
10.0833 	EXP 	image: image = 'person.jpg'
10.1389 	DATA 	Mouse:  Left button up, pos=(520,422)
10.5337 	EXP 	image: autoDraw = True
11.5226 	EXP 	New trial (rep=0, index=4): <Trial 4 (4 in rep 0) data={'path': 'sport.jpg', 'xPos': -0.2, 'yPos': 0.1, 'marker': 5, 'thisN': 4, 'thisTrialN': 4, 'thisRepN': 0}>
11.5341 	EXP 	image: autoDraw = False
11.5341 	EXP 	image: autoDraw = False
11.5341 	EXP 	cross: image = 'kii6Jy-file-round-cross-svg-wikipedia.png'
12.0340 	EXP 	cross: autoDraw = True
12.8556 	DATA 	Mouse: Left button down, pos=(283,355)
12.9169 	EXP 	cross: autoDraw = False
12.9169 	EXP 	image: image = 'sport.jpg'
12.9725 	DATA 	Mouse:  Left button up, pos=(283,355)
13.3675 	EXP 	image: autoDraw = True
14.3561 	EXP 	New trial (rep=0, index=5): <Trial 5 (5 in rep 0) data={'path': 'tool.jpg', 'xPos': 0.3, 'yPos': 0, 'marker': 6, 'thisN': 5, 'thisTrialN': 5, 'thisRepN': 0}>
14.3681 	EXP 	image: autoDraw = False
14.3681 	EXP 	image: autoDraw = False
14.3681 	EXP 	cross: image = 'kii6Jy-file-round-cross-svg-wikipedia.png'
14.8677 	EXP 	cross: autoDraw = True
15.8882 	DATA 	Mouse: Left button down, pos=(579,307)
15.9504 	EXP 	cross: autoDraw = False
15.9504 	EXP 	image: image = 'tool.jpg'
15.9910 	DATA 	Mouse:  Left button up, pos=(579,307)
16.4006 	EXP 	image: autoDraw = True
17.3888 	EXP 	New trial (rep=0, index=6): <Trial 6 (6 in rep 0) data={'path': 'vehicle.jpg', 'xPos': -0.3, 'yPos': -0.1, 'marker': 7, 'thisN': 6, 'thisTrialN': 6, 'thisRepN': 0}>
17.4158 	EXP 	image: autoDraw = False
17.4158 	EXP 	image: autoDraw = False
17.4158 	EXP 	cross: image = 'kii6Jy-file-round-cross-svg-wikipedia.png'
17.9014 	EXP 	cross: autoDraw = True
18.7715 	DATA 	Mouse: Left button down, pos=(210,241)
18.8325 	EXP 	cross: autoDraw = False
18.8325 	EXP 	image: image = 'vehicle.jpg'
18.8890 	DATA 	Mouse:  Left button up, pos=(210,241)
19.2841 	EXP 	image: autoDraw = True
20.2721 	EXP 	New trial (rep=0, index=7): <Trial 7 (7 in rep 0) data={'path': 'animal.jpg', 'xPos': 0.4, 'yPos': -0.2, 'marker': 8, 'thisN': 7, 'thisTrialN': 7, 'thisRepN': 0}>
20.2842 	EXP 	image: autoDraw = False
20.2842 	EXP 	image: autoDraw = False
20.2842 	EXP 	cross: image = 'kii6Jy-file-round-cross-svg-wikipedia.png'
20.7839 	EXP 	cross: autoDraw = True
21.4547 	DATA 	Mouse: Left button down, pos=(631,200)
21.5166 	EXP 	cross: autoDraw = False
21.5166 	EXP 	image: image = 'animal.jpg'
21.5741 	DATA 	Mouse:  Left button up, pos=(631,200)
21.9671 	EXP 	image: autoDraw = True
22.9554 	EXP 	New trial (rep=0, index=8): <Trial 8 (8 in rep 0) data={'path': 'building.jpg', 'xPos': -0.4, 'yPos': -0.3, 'marker': 9, 'thisN': 8, 'thisTrialN': 8, 'thisRepN': 0}>
22.9677 	EXP 	image: autoDraw = False
22.9677 	EXP 	image: autoDraw = False
22.9677 	EXP 	cross: image = 'kii6Jy-file-round-cross-svg-wikipedia.png'
23.4677 	EXP 	cross: autoDraw = True
24.3882 	DATA 	Mouse: Left button down, pos=(165,123)
24.4501 	EXP 	cross: autoDraw = False
24.4501 	EXP 	image: image = 'building.jpg'
24.5071 	DATA 	Mouse:  Left button up, pos=(164,123)
24.9007 	EXP 	image: autoDraw = True
25.8891 	EXP 	New trial (rep=0, index=9): <Trial 9 (9 in rep 0) data={'path': 'electronic.jpg', 'xPos': 0.5, 'yPos': -0.4, 'marker': 10, 'thisN': 9, 'thisTrialN': 9, 'thisRepN': 0}>
25.9010 	EXP 	image: autoDraw = False
25.9010 	EXP 	image: autoDraw = False
25.9010 	EXP 	cross: image = 'kii6Jy-file-round-cross-svg-wikipedia.png'
26.4005 	EXP 	cross: autoDraw = True
27.3735 	DATA 	Mouse: Left button down, pos=(698,61)
27.4338 	EXP 	cross: autoDraw = False
27.4338 	EXP 	image: image = 'electronic.jpg'
27.4738 	DATA 	Mouse:  Left button up, pos=(698,61)
27.8838 	EXP 	image: autoDraw = True
28.8840 	EXP 	image: autoDraw = False
28.8840 	EXP 	image: autoDraw = False
28.8875 	EXP 	untitled: status = STOPPED
28.9267 	INFO 	saved data to 'C:\\Users\\Sahaj Bindal\\OneDrive\\Desktop\\DD GROUP 4\\data/842018_untitled_2025-05-26_19h51.38.594.csv'
28.9300 	INFO 	saved data to C:\Users\Sahaj Bindal\OneDrive\Desktop\DD GROUP 4\data/842018_untitled_2025-05-26_19h51.38.594.psydat
29.5388 	DEBUG 	Saving data for untitled ExperimentHandler
