4.5799 	DEBUG 	Fullscreen settings ignored as running in pilot mode.
4.5839 	INFO 	Loaded monitor calibration from ['2025_05_16 08:37']
4.8811 	EXP 	Created window1 = Window(allowGUI=True, allowStencil=False, autoLog=True, backendConf=UNKNOWN, backgroundFit=<method-wrapper '__getattribute__' of attributeSetter object at 0x00000174F34E1EA0>, backgroundImage=<method-wrapper '__getattribute__' of attributeSetter object at 0x00000174F34E1E40>, bitsMode=UNKNOWN, blendMode='avg', bpc=(8, 8, 8), color=array([0, 0, 0]), colorSpace='rgb', depthBits=8, fullscr=False, gamma=None, gammaErrorPolicy='raise', infoMsg=UNKNOWN, lms=UNKNOWN, monitor=<psychopy.monitors.calibTools.Monitor object at 0x00000174F358B3A0>, multiSample=False, name='window1', numSamples=2, pos=[560.0, 300.0], screen=0, size=array([800, 600]), stencilBits=0, stereo=False, title='PsychoPy', units='height', useFBO=True, useRetina=False, viewOri=0.0, viewPos=None, viewScale=None, waitBlanking=True, winType='pyglet')
4.8812 	EXP 	window1: backgroundImage = ''
4.8812 	EXP 	window1: backgroundFit = 'none'
4.8904 	DEBUG 	TextBox2 loaded 1 chars with 0 blanks and 1 valid
4.8918 	DEBUG 	TextBox2 loaded 1 chars with 0 blanks and 1 valid
4.8931 	DEBUG 	TextBox2 loaded 1 chars with 0 blanks and 1 valid
4.8946 	DEBUG 	TextBox2 loaded 1 chars with 0 blanks and 1 valid
4.8960 	DEBUG 	TextBox2 loaded 1 chars with 0 blanks and 1 valid
4.8968 	DEBUG 	TextBox2 loaded 1 chars with 0 blanks and 1 valid
4.8979 	DEBUG 	TextBox2 loaded 1 chars with 0 blanks and 1 valid
4.8992 	DEBUG 	TextBox2 loaded 1 chars with 0 blanks and 1 valid
4.8997 	DEBUG 	TextBox2 loaded 1 chars with 0 blanks and 1 valid
4.9002 	DEBUG 	TextBox2 loaded 1 chars with 0 blanks and 1 valid
4.9011 	DEBUG 	TextBox2 loaded 1 chars with 0 blanks and 1 valid
4.9020 	DEBUG 	TextBox2 loaded 1 chars with 0 blanks and 1 valid
4.9028 	DEBUG 	TextBox2 loaded 1 chars with 0 blanks and 1 valid
4.9037 	DEBUG 	TextBox2 loaded 1 chars with 0 blanks and 1 valid
4.9046 	DEBUG 	TextBox2 loaded 1 chars with 0 blanks and 1 valid
4.9055 	DEBUG 	TextBox2 loaded 1 chars with 0 blanks and 1 valid
4.9063 	DEBUG 	TextBox2 loaded 1 chars with 0 blanks and 1 valid
4.9068 	DEBUG 	TextBox2 loaded 1 chars with 0 blanks and 1 valid
4.9074 	DEBUG 	TextBox2 loaded 1 chars with 0 blanks and 1 valid
4.9086 	DEBUG 	TextBox2 loaded 1 chars with 0 blanks and 1 valid
4.9092 	DEBUG 	TextBox2 loaded 1 chars with 0 blanks and 1 valid
4.9097 	DEBUG 	Uploading Texture Font fontname to graphics card
4.9152 	DEBUG 	Upload of Texture Font fontname complete
4.9221 	DEBUG 	TextBox2 loaded 1 chars with 0 blanks and 1 valid
4.9234 	DEBUG 	TextBox2 loaded 1 chars with 0 blanks and 1 valid
4.9244 	DEBUG 	TextBox2 loaded 1 chars with 0 blanks and 1 valid
4.9247 	DEBUG 	Uploading Texture Font fontname to graphics card
4.9293 	DEBUG 	Upload of Texture Font fontname complete
4.9318 	EXP 	window1: Attempting to measure frame rate of screen (0) ...
4.9318 	EXP 	window1: recordFrameIntervals = False
5.0977 	EXP 	window1: recordFrameIntervals = True
5.3135 	EXP 	Screen (0) actual frame rate measured at 59.26Hz
5.3136 	EXP 	window1: recordFrameIntervals = False
5.3239 	DEBUG 	TextBox2 loaded 1 chars with 0 blanks and 1 valid
5.3257 	DEBUG 	TextBox2 loaded 1 chars with 0 blanks and 1 valid
5.3272 	DEBUG 	TextBox2 loaded 1 chars with 0 blanks and 1 valid
5.3288 	DEBUG 	TextBox2 loaded 1 chars with 0 blanks and 1 valid
5.3306 	DEBUG 	TextBox2 loaded 1 chars with 0 blanks and 1 valid
5.3320 	DEBUG 	TextBox2 loaded 1 chars with 0 blanks and 1 valid
5.3328 	DEBUG 	TextBox2 loaded 1 chars with 0 blanks and 1 valid
5.3339 	DEBUG 	TextBox2 loaded 1 chars with 0 blanks and 1 valid
5.3352 	DEBUG 	TextBox2 loaded 1 chars with 0 blanks and 1 valid
5.3365 	DEBUG 	TextBox2 loaded 1 chars with 0 blanks and 1 valid
5.3369 	DEBUG 	Uploading Texture Font fontname to graphics card
5.3376 	DEBUG 	Upload of Texture Font fontname complete
5.3530 	WARNING 	launchHubServer: If using the iohub mouse or eyetracker devices, fullScr should be True.
6.8552 	INFO 	keyboard.Keyboard is using iohub backend.
6.8552 	EXP 	untitled: status = STARTED
6.8664 	EXP 	Created image = ImageStim(__class__=<class 'psychopy.visual.image.ImageStim'>, anchor=('center', 'center'), autoLog=True, color=array([1., 1., 1.]), colorSpace='rgb', contrast=1.0, depth=0.0, draggable=False, flipHoriz=False, flipVert=False, image='default.png', interpolate=True, mask=None, maskParams=None, name='image', opacity=1, ori=0.0, pos=array([0., 0.]), size=array([0.5, 0.5]), texRes=128.0, units='height', win=Window(...))
6.8729 	EXP 	Created cross = ImageStim(__class__=<class 'psychopy.visual.image.ImageStim'>, anchor=('center', 'center'), autoLog=True, color=array([1., 1., 1.]), colorSpace='rgb', contrast=1.0, depth=0.0, draggable=False, flipHoriz=False, flipVert=False, image='default.png', interpolate=True, mask=None, maskParams=None, name='cross', opacity=1, ori=0.0, pos=array([0., 0.]), size=array([0.1, 0.1]), texRes=128.0, units='height', win=Window(...))
0.0373 	DEBUG 	Read excel file with openpyxl: Book1.xlsx
0.0382 	EXP 	Imported Book1.xlsx as conditions, 10 conditions, 3 params
0.0389 	EXP 	New trial (rep=0, index=0): <Trial 0 (0 in rep 0) data={'path': 'animal.jpg', 'xPos': 0, 'yPos': 0, 'thisN': 0, 'thisTrialN': 0, 'thisRepN': 0}>
0.0714 	EXP 	image: image = 'animal.jpg'
0.5201 	EXP 	image: autoDraw = True
1.5214 	EXP 	image: autoDraw = False
1.5214 	EXP 	cross: image = 'kii6Jy-file-round-cross-svg-wikipedia.png'
2.0040 	EXP 	cross: autoDraw = True
3.9767 	DATA 	Mouse: Left button down, pos=(402,300)
3.9930 	EXP 	New trial (rep=0, index=1): <Trial 1 (1 in rep 0) data={'path': 'sport.jpg', 'xPos': 0, 'yPos': 0, 'thisN': 1, 'thisTrialN': 1, 'thisRepN': 0}>
4.0381 	EXP 	cross: autoDraw = False
4.0381 	EXP 	image: image = 'sport.jpg'
4.1768 	DATA 	Mouse:  Left button up, pos=(402,300)
4.5038 	EXP 	image: autoDraw = True
5.5039 	EXP 	image: autoDraw = False
5.5039 	EXP 	image: autoDraw = False
5.5039 	EXP 	cross: image = 'kii6Jy-file-round-cross-svg-wikipedia.png'
6.0045 	EXP 	cross: autoDraw = True
6.3582 	DATA 	Mouse: Left button down, pos=(402,300)
6.3600 	EXP 	New trial (rep=0, index=2): <Trial 2 (2 in rep 0) data={'path': 'nature.jpg', 'xPos': 0, 'yPos': 0, 'thisN': 2, 'thisTrialN': 2, 'thisRepN': 0}>
6.4046 	EXP 	cross: autoDraw = False
6.4046 	EXP 	image: image = 'nature.jpg'
6.5281 	DATA 	Mouse:  Left button up, pos=(402,300)
6.8711 	EXP 	image: autoDraw = True
7.8714 	EXP 	image: autoDraw = False
7.8714 	EXP 	image: autoDraw = False
7.8714 	EXP 	cross: image = 'kii6Jy-file-round-cross-svg-wikipedia.png'
8.3709 	EXP 	cross: autoDraw = True
8.9415 	DATA 	Mouse: Left button down, pos=(402,300)
8.9434 	EXP 	New trial (rep=0, index=3): <Trial 3 (3 in rep 0) data={'path': 'furniture.jpg', 'xPos': 0, 'yPos': 0, 'thisN': 3, 'thisTrialN': 3, 'thisRepN': 0}>
8.9881 	EXP 	cross: autoDraw = False
8.9881 	EXP 	image: image = 'furniture.jpg'
9.0790 	DATA 	Mouse:  Left button up, pos=(402,300)
9.4542 	EXP 	image: autoDraw = True
10.4545 	EXP 	image: autoDraw = False
10.4545 	EXP 	image: autoDraw = False
10.4545 	EXP 	cross: image = 'kii6Jy-file-round-cross-svg-wikipedia.png'
10.9538 	EXP 	cross: autoDraw = True
11.5752 	DATA 	Mouse: Left button down, pos=(402,300)
11.5770 	EXP 	New trial (rep=0, index=4): <Trial 4 (4 in rep 0) data={'path': 'building.jpg', 'xPos': 0, 'yPos': 0, 'thisN': 4, 'thisTrialN': 4, 'thisRepN': 0}>
11.6223 	EXP 	cross: autoDraw = False
11.6223 	EXP 	image: image = 'building.jpg'
11.7439 	DATA 	Mouse:  Left button up, pos=(402,300)
12.0881 	EXP 	image: autoDraw = True
13.0879 	EXP 	image: autoDraw = False
13.0879 	EXP 	cross: image = 'kii6Jy-file-round-cross-svg-wikipedia.png'
13.5877 	EXP 	cross: autoDraw = True
14.0084 	DATA 	Mouse: Left button down, pos=(402,300)
14.0102 	EXP 	New trial (rep=0, index=5): <Trial 5 (5 in rep 0) data={'path': 'tool.jpg', 'xPos': 0, 'yPos': 0, 'thisN': 5, 'thisTrialN': 5, 'thisRepN': 0}>
14.0548 	EXP 	cross: autoDraw = False
14.0548 	EXP 	image: image = 'tool.jpg'
14.1440 	DATA 	Mouse:  Left button up, pos=(402,300)
14.5225 	EXP 	image: autoDraw = True
15.5381 	EXP 	image: autoDraw = False
15.5381 	EXP 	cross: image = 'kii6Jy-file-round-cross-svg-wikipedia.png'
16.0207 	EXP 	cross: autoDraw = True
16.4921 	DATA 	Mouse: Left button down, pos=(402,300)
16.4938 	EXP 	New trial (rep=0, index=6): <Trial 6 (6 in rep 0) data={'path': 'food.jpg', 'xPos': 0, 'yPos': 0, 'thisN': 6, 'thisTrialN': 6, 'thisRepN': 0}>
16.5379 	EXP 	cross: autoDraw = False
16.5379 	EXP 	image: image = 'food.jpg'
16.6759 	DATA 	Mouse:  Left button up, pos=(402,300)
17.0043 	EXP 	image: autoDraw = True
18.0045 	EXP 	image: autoDraw = False
18.0045 	EXP 	image: autoDraw = False
18.0045 	EXP 	cross: image = 'kii6Jy-file-round-cross-svg-wikipedia.png'
18.5042 	EXP 	cross: autoDraw = True
18.9587 	DATA 	Mouse: Left button down, pos=(402,300)
18.9607 	EXP 	New trial (rep=0, index=7): <Trial 7 (7 in rep 0) data={'path': 'vehicle.jpg', 'xPos': 0, 'yPos': 0, 'thisN': 7, 'thisTrialN': 7, 'thisRepN': 0}>
18.9868 	EXP 	cross: autoDraw = False
18.9868 	EXP 	image: image = 'vehicle.jpg'
19.1275 	DATA 	Mouse:  Left button up, pos=(402,300)
19.4708 	EXP 	image: autoDraw = True
20.4716 	EXP 	image: autoDraw = False
20.4716 	EXP 	image: autoDraw = False
20.4716 	EXP 	cross: image = 'kii6Jy-file-round-cross-svg-wikipedia.png'
20.9715 	EXP 	cross: autoDraw = True
21.4927 	DATA 	Mouse: Left button down, pos=(402,300)
21.4945 	EXP 	New trial (rep=0, index=8): <Trial 8 (8 in rep 0) data={'path': 'electronic.jpg', 'xPos': 0, 'yPos': 0, 'thisN': 8, 'thisTrialN': 8, 'thisRepN': 0}>
21.5377 	EXP 	cross: autoDraw = False
21.5377 	EXP 	image: image = 'electronic.jpg'
21.6127 	DATA 	Mouse:  Left button up, pos=(402,300)
22.0044 	EXP 	image: autoDraw = True
23.0049 	EXP 	image: autoDraw = False
23.0049 	EXP 	image: autoDraw = False
23.0049 	EXP 	cross: image = 'kii6Jy-file-round-cross-svg-wikipedia.png'
23.5038 	EXP 	cross: autoDraw = True
24.0095 	DATA 	Mouse: Left button down, pos=(402,300)
24.0113 	EXP 	New trial (rep=0, index=9): <Trial 9 (9 in rep 0) data={'path': 'person.jpg', 'xPos': 0, 'yPos': 0, 'thisN': 9, 'thisTrialN': 9, 'thisRepN': 0}>
24.0548 	EXP 	cross: autoDraw = False
24.0548 	EXP 	image: image = 'person.jpg'
24.1789 	DATA 	Mouse:  Left button up, pos=(402,300)
24.5709 	EXP 	image: autoDraw = True
25.5376 	EXP 	image: autoDraw = False
25.5376 	EXP 	cross: image = 'kii6Jy-file-round-cross-svg-wikipedia.png'
26.0209 	EXP 	cross: autoDraw = True
26.5608 	DATA 	Mouse: Left button down, pos=(402,300)
26.5710 	EXP 	cross: autoDraw = False
26.5745 	EXP 	untitled: status = STOPPED
26.5802 	INFO 	saved data to 'C:\\Users\\Sahaj Bindal\\OneDrive\\Desktop\\New folder\\data/905365_untitled_2025-05-18_20h07.57.473.csv'
26.5816 	INFO 	saved data to C:\Users\Sahaj Bindal\OneDrive\Desktop\New folder\data/905365_untitled_2025-05-18_20h07.57.473.psydat
27.0109 	DEBUG 	Saving data for untitled ExperimentHandler
