5.4052 	DEBUG 	Fullscreen settings ignored as running in pilot mode.
5.4073 	INFO 	Loaded monitor calibration from ['2025_05_16 08:37']
5.7266 	EXP 	Created window1 = Window(allowGUI=True, allowStencil=False, autoLog=True, backendConf=UNKNOWN, backgroundFit=<method-wrapper '__getattribute__' of attributeSetter object at 0x0000023EE0051C30>, backgroundImage=<method-wrapper '__getattribute__' of attributeSetter object at 0x0000023EE0051BD0>, bitsMode=UNKNOWN, blendMode='avg', bpc=(8, 8, 8), color=array([0, 0, 0]), colorSpace='rgb', depthBits=8, fullscr=False, gamma=None, gammaErrorPolicy='raise', infoMsg=UNKNOWN, lms=UNKNOWN, monitor=<psychopy.monitors.calibTools.Monitor object at 0x0000023EE00F7130>, multiSample=False, name='window1', numSamples=2, pos=[560.0, 300.0], screen=0, size=array([800, 600]), stencilBits=0, stereo=False, title='PsychoPy', units='height', useFBO=True, useRetina=False, viewOri=0.0, viewPos=None, viewScale=None, waitBlanking=True, winType='pyglet')
5.7266 	EXP 	window1: backgroundImage = ''
5.7266 	EXP 	window1: backgroundFit = 'none'
5.7358 	DEBUG 	TextBox2 loaded 1 chars with 0 blanks and 1 valid
5.7365 	DEBUG 	TextBox2 loaded 1 chars with 0 blanks and 1 valid
5.7373 	DEBUG 	TextBox2 loaded 1 chars with 0 blanks and 1 valid
5.7382 	DEBUG 	TextBox2 loaded 1 chars with 0 blanks and 1 valid
5.7391 	DEBUG 	TextBox2 loaded 1 chars with 0 blanks and 1 valid
5.7396 	DEBUG 	TextBox2 loaded 1 chars with 0 blanks and 1 valid
5.7403 	DEBUG 	TextBox2 loaded 1 chars with 0 blanks and 1 valid
5.7413 	DEBUG 	TextBox2 loaded 1 chars with 0 blanks and 1 valid
5.7416 	DEBUG 	TextBox2 loaded 1 chars with 0 blanks and 1 valid
5.7420 	DEBUG 	TextBox2 loaded 1 chars with 0 blanks and 1 valid
5.7432 	DEBUG 	TextBox2 loaded 1 chars with 0 blanks and 1 valid
5.7448 	DEBUG 	TextBox2 loaded 1 chars with 0 blanks and 1 valid
5.7462 	DEBUG 	TextBox2 loaded 1 chars with 0 blanks and 1 valid
5.7475 	DEBUG 	TextBox2 loaded 1 chars with 0 blanks and 1 valid
5.7485 	DEBUG 	TextBox2 loaded 1 chars with 0 blanks and 1 valid
5.7497 	DEBUG 	TextBox2 loaded 1 chars with 0 blanks and 1 valid
5.7508 	DEBUG 	TextBox2 loaded 1 chars with 0 blanks and 1 valid
5.7515 	DEBUG 	TextBox2 loaded 1 chars with 0 blanks and 1 valid
5.7522 	DEBUG 	TextBox2 loaded 1 chars with 0 blanks and 1 valid
5.7536 	DEBUG 	TextBox2 loaded 1 chars with 0 blanks and 1 valid
5.7544 	DEBUG 	TextBox2 loaded 1 chars with 0 blanks and 1 valid
5.7549 	DEBUG 	Uploading Texture Font fontname to graphics card
5.7637 	DEBUG 	Upload of Texture Font fontname complete
5.7721 	DEBUG 	TextBox2 loaded 1 chars with 0 blanks and 1 valid
5.7732 	DEBUG 	TextBox2 loaded 1 chars with 0 blanks and 1 valid
5.7741 	DEBUG 	TextBox2 loaded 1 chars with 0 blanks and 1 valid
5.7744 	DEBUG 	Uploading Texture Font fontname to graphics card
5.7789 	DEBUG 	Upload of Texture Font fontname complete
5.7810 	EXP 	window1: Attempting to measure frame rate of screen (0) ...
5.7810 	EXP 	window1: recordFrameIntervals = False
5.9429 	EXP 	window1: recordFrameIntervals = True
6.2297 	EXP 	Screen (0) actual frame rate measured at 60.00Hz
6.2298 	EXP 	window1: recordFrameIntervals = False
6.2410 	DEBUG 	TextBox2 loaded 1 chars with 0 blanks and 1 valid
6.2422 	DEBUG 	TextBox2 loaded 1 chars with 0 blanks and 1 valid
6.2439 	DEBUG 	TextBox2 loaded 1 chars with 0 blanks and 1 valid
6.2456 	DEBUG 	TextBox2 loaded 1 chars with 0 blanks and 1 valid
6.2475 	DEBUG 	TextBox2 loaded 1 chars with 0 blanks and 1 valid
6.2491 	DEBUG 	TextBox2 loaded 1 chars with 0 blanks and 1 valid
6.2500 	DEBUG 	TextBox2 loaded 1 chars with 0 blanks and 1 valid
6.2513 	DEBUG 	TextBox2 loaded 1 chars with 0 blanks and 1 valid
6.2529 	DEBUG 	TextBox2 loaded 1 chars with 0 blanks and 1 valid
6.2541 	DEBUG 	TextBox2 loaded 1 chars with 0 blanks and 1 valid
6.2545 	DEBUG 	Uploading Texture Font fontname to graphics card
6.2552 	DEBUG 	Upload of Texture Font fontname complete
6.2710 	WARNING 	launchHubServer: If using the iohub mouse or eyetracker devices, fullScr should be True.
8.0831 	INFO 	keyboard.Keyboard is using iohub backend.
8.0832 	EXP 	untitled: status = STARTED
8.0960 	EXP 	Created image = ImageStim(__class__=<class 'psychopy.visual.image.ImageStim'>, anchor=('center', 'center'), autoLog=True, color=array([1., 1., 1.]), colorSpace='rgb', contrast=1.0, depth=0.0, draggable=False, flipHoriz=False, flipVert=False, image='default.png', interpolate=True, mask=None, maskParams=None, name='image', opacity=1, ori=0.0, pos=array([0., 0.]), size=array([0.5, 0.5]), texRes=128.0, units='height', win=Window(...))
8.1022 	EXP 	Created cross = ImageStim(__class__=<class 'psychopy.visual.image.ImageStim'>, anchor=('center', 'center'), autoLog=True, color=array([1., 1., 1.]), colorSpace='rgb', contrast=1.0, depth=0.0, draggable=False, flipHoriz=False, flipVert=False, image='default.png', interpolate=True, mask=None, maskParams=None, name='cross', opacity=1, ori=0.0, pos=array([0., 0.]), size=array([0.1, 0.1]), texRes=128.0, units='height', win=Window(...))
0.0220 	DEBUG 	Read excel file with openpyxl: loopTemplate1.xlsx
0.0228 	EXP 	Imported loopTemplate1.xlsx as conditions, 10 conditions, 3 params
0.0233 	EXP 	New trial (rep=0, index=0): <Trial 0 (0 in rep 0) data={'path': 'images\\building.jpg', 'xPos': -0.1, 'yPos': 0.4, 'thisN': 0, 'thisTrialN': 0, 'thisRepN': 0}>
0.0736 	EXP 	image: image = 'images\\building.jpg'
0.5243 	EXP 	image: autoDraw = True
1.5254 	EXP 	image: autoDraw = False
1.5254 	EXP 	cross: image = 'kii6Jy-file-round-cross-svg-wikipedia.png'
2.0096 	EXP 	cross: autoDraw = True
2.8939 	DATA 	Mouse: Left button down, pos=(340,543)
2.8958 	EXP 	New trial (rep=0, index=1): <Trial 1 (1 in rep 0) data={'path': 'images\\tool.jpg', 'xPos': -0.4, 'yPos': -0.3, 'thisN': 1, 'thisTrialN': 1, 'thisRepN': 0}>
2.9246 	EXP 	cross: autoDraw = False
2.9246 	EXP 	image: image = 'images\\tool.jpg'
3.0131 	DATA 	Mouse:  Left button up, pos=(340,543)
3.4075 	EXP 	image: autoDraw = True
4.4226 	EXP 	image: autoDraw = False
4.4226 	EXP 	cross: image = 'kii6Jy-file-round-cross-svg-wikipedia.png'
4.9068 	EXP 	cross: autoDraw = True
5.8092 	DATA 	Mouse: Left button down, pos=(165,128)
5.8103 	EXP 	New trial (rep=0, index=2): <Trial 2 (2 in rep 0) data={'path': 'images\\animal.jpg', 'xPos': 0, 'yPos': 0.5, 'thisN': 2, 'thisTrialN': 2, 'thisRepN': 0}>
5.8570 	EXP 	cross: autoDraw = False
5.8570 	EXP 	image: image = 'images\\animal.jpg'
5.9113 	DATA 	Mouse:  Left button up, pos=(165,128)
6.3238 	EXP 	image: autoDraw = True
7.3247 	EXP 	image: autoDraw = False
7.3247 	EXP 	cross: image = 'kii6Jy-file-round-cross-svg-wikipedia.png'
7.8264 	EXP 	cross: autoDraw = True
8.7453 	DATA 	Mouse: Left button down, pos=(403,598)
8.7472 	EXP 	New trial (rep=0, index=3): <Trial 3 (3 in rep 0) data={'path': 'images\\sport.jpg', 'xPos': 0.4, 'yPos': -0.2, 'thisN': 3, 'thisTrialN': 3, 'thisRepN': 0}>
8.7904 	EXP 	cross: autoDraw = False
8.7904 	EXP 	image: image = 'images\\sport.jpg'
8.8367 	DATA 	Mouse:  Left button up, pos=(403,598)
9.2585 	EXP 	image: autoDraw = True
10.2745 	EXP 	image: autoDraw = False
10.2745 	EXP 	cross: image = 'kii6Jy-file-round-cross-svg-wikipedia.png'
10.7574 	EXP 	cross: autoDraw = True
11.7620 	DATA 	Mouse: Left button down, pos=(646,183)
11.7637 	EXP 	New trial (rep=0, index=4): <Trial 4 (4 in rep 0) data={'path': 'images\\person.jpg', 'xPos': -0.3, 'yPos': -0.1, 'thisN': 4, 'thisTrialN': 4, 'thisRepN': 0}>
11.8080 	EXP 	cross: autoDraw = False
11.8080 	EXP 	image: image = 'images\\person.jpg'
11.8629 	DATA 	Mouse:  Left button up, pos=(646,183)
12.2746 	EXP 	image: autoDraw = True
13.2747 	EXP 	image: autoDraw = False
13.2747 	EXP 	image: autoDraw = False
13.2747 	EXP 	cross: image = 'kii6Jy-file-round-cross-svg-wikipedia.png'
13.7747 	EXP 	cross: autoDraw = True
14.5140 	DATA 	Mouse: Left button down, pos=(232,249)
14.5160 	EXP 	New trial (rep=0, index=5): <Trial 5 (5 in rep 0) data={'path': 'images\\vehicle.jpg', 'xPos': 0.5, 'yPos': -0.4, 'thisN': 5, 'thisTrialN': 5, 'thisRepN': 0}>
14.5416 	EXP 	cross: autoDraw = False
14.5416 	EXP 	image: image = 'images\\vehicle.jpg'
14.6314 	DATA 	Mouse:  Left button up, pos=(232,249)
15.0256 	EXP 	image: autoDraw = True
16.0257 	EXP 	image: autoDraw = False
16.0257 	EXP 	image: autoDraw = False
16.0257 	EXP 	cross: image = 'kii6Jy-file-round-cross-svg-wikipedia.png'
16.5244 	EXP 	cross: autoDraw = True
17.6615 	DATA 	Mouse: Left button down, pos=(705,62)
17.6630 	EXP 	New trial (rep=0, index=6): <Trial 6 (6 in rep 0) data={'path': 'images\\electronic.jpg', 'xPos': 0.1, 'yPos': 0.3, 'thisN': 6, 'thisTrialN': 6, 'thisRepN': 0}>
17.7077 	EXP 	cross: autoDraw = False
17.7077 	EXP 	image: image = 'images\\electronic.jpg'
17.7471 	DATA 	Mouse:  Left button up, pos=(705,62)
18.1746 	EXP 	image: autoDraw = True
19.1754 	EXP 	image: autoDraw = False
19.1754 	EXP 	image: autoDraw = False
19.1754 	EXP 	cross: image = 'kii6Jy-file-round-cross-svg-wikipedia.png'
19.6766 	EXP 	cross: autoDraw = True
20.3466 	DATA 	Mouse: Left button down, pos=(447,476)
20.3638 	EXP 	New trial (rep=0, index=7): <Trial 7 (7 in rep 0) data={'path': 'images\\furniture.jpg', 'xPos': 0.2, 'yPos': 0.1, 'thisN': 7, 'thisTrialN': 7, 'thisRepN': 0}>
20.4084 	EXP 	cross: autoDraw = False
20.4084 	EXP 	image: image = 'images\\furniture.jpg'
20.4299 	DATA 	Mouse:  Left button up, pos=(447,476)
20.8745 	EXP 	image: autoDraw = True
21.8736 	EXP 	image: autoDraw = False
21.8736 	EXP 	image: autoDraw = False
21.8736 	EXP 	cross: image = 'kii6Jy-file-round-cross-svg-wikipedia.png'
22.3741 	EXP 	cross: autoDraw = True
22.9619 	DATA 	Mouse: Left button down, pos=(530,365)
22.9637 	EXP 	New trial (rep=0, index=8): <Trial 8 (8 in rep 0) data={'path': 'images\\food.jpg', 'xPos': -0.2, 'yPos': 0.2, 'thisN': 8, 'thisTrialN': 8, 'thisRepN': 0}>
23.0248 	EXP 	cross: autoDraw = False
23.0248 	EXP 	image: image = 'images\\food.jpg'
23.0297 	DATA 	Mouse:  Left button up, pos=(530,365)
23.4757 	EXP 	image: autoDraw = True
24.4914 	EXP 	image: autoDraw = False
24.4914 	EXP 	cross: image = 'kii6Jy-file-round-cross-svg-wikipedia.png'
24.9748 	EXP 	cross: autoDraw = True
25.5633 	DATA 	Mouse: Left button down, pos=(269,422)
25.5647 	EXP 	New trial (rep=0, index=9): <Trial 9 (9 in rep 0) data={'path': 'images\nature.jpg', 'xPos': 0.3, 'yPos': 0, 'thisN': 9, 'thisTrialN': 9, 'thisRepN': 0}>
25.5654 	DEPRECATION 	Couldn't find image images
ature.jpg; check path? (tried: C:\Users\Sahaj Bindal\OneDrive\Desktop\New folder\images
ature.jpg)
25.6364 	DEBUG 	Saving data for untitled ExperimentHandler
25.6382 	INFO 	saved data to C:\Users\Sahaj Bindal\OneDrive\Desktop\New folder\data/941587_untitled_2025-05-18_10h44.36.259.psydat
25.6408 	INFO 	saved data to 'C:\\Users\\Sahaj Bindal\\OneDrive\\Desktop\\New folder\\data/941587_untitled_2025-05-18_10h44.36.259.csv'
